WARNING: A restricted method in java.lang.System has been called
WARNING: java.lang.System::load has been called by net.rubygrapefruit.platform.internal.NativeLibraryLoader in an unnamed module (file:/Users/manoj_mbpm14/.gradle/wrapper/dists/gradle-8.10.2-bin/a04bxjujx95o3nb99gddekhwo/gradle-8.10.2/lib/native-platform-0.22-milestone-26.jar)
WARNING: Use --enable-native-access=ALL-UNNAMED to avoid a warning for callers in this module
WARNING: Restricted methods will be blocked in a future release unless native access is enabled

Starting a Gradle Daemon, 1 busy Daemon could not be reused, use --status for details
Calculating task graph as no cached configuration is available for tasks: :modules:apps:VoiceOSCore:testDebugUnitTest --tests *

> Configure project :libraries:core:voiceos-logging
w: Usage of 'Android Style' source directory libraries/core/voiceos-logging/src/androidTest/kotlin is deprecated.
Use libraries/core/voiceos-logging/src/androidInstrumentedTest/kotlin instead.

To suppress this warning: put the following in your gradle.properties:
kotlin.mpp.androidSourceSetLayoutV2AndroidStyleDirs.nowarn=true

Learn more: https://kotl.in/android-source-set-layout-v2


> Task :libraries:core:constants:preBuild UP-TO-DATE
> Task :libraries:core:hash:preBuild UP-TO-DATE
> Task :libraries:core:command-models:preBuild UP-TO-DATE
> Task :libraries:core:accessibility-types:preBuild UP-TO-DATE
> Task :libraries:core:exceptions:preBuild UP-TO-DATE
> Task :libraries:core:command-models:preDebugBuild UP-TO-DATE
> Task :libraries:core:constants:preDebugBuild UP-TO-DATE
> Task :libraries:core:accessibility-types:preDebugBuild UP-TO-DATE
> Task :libraries:core:hash:checkKotlinGradlePluginConfigurationErrors
> Task :libraries:core:exceptions:checkKotlinGradlePluginConfigurationErrors
> Task :libraries:core:accessibility-types:checkKotlinGradlePluginConfigurationErrors
> Task :libraries:core:command-models:checkKotlinGradlePluginConfigurationErrors
> Task :libraries:core:constants:checkKotlinGradlePluginConfigurationErrors
> Task :libraries:core:hash:preDebugBuild UP-TO-DATE
> Task :libraries:core:exceptions:preDebugBuild UP-TO-DATE
> Task :libraries:core:json-utils:preBuild UP-TO-DATE
> Task :libraries:core:constants:javaPreCompileDebug UP-TO-DATE
> Task :libraries:core:accessibility-types:javaPreCompileDebug UP-TO-DATE
> Task :libraries:core:command-models:javaPreCompileDebug UP-TO-DATE
> Task :libraries:core:command-models:generateDebugResValues UP-TO-DATE
> Task :libraries:core:hash:generateDebugResValues UP-TO-DATE
> Task :libraries:core:json-utils:preDebugBuild UP-TO-DATE
> Task :libraries:core:json-utils:checkKotlinGradlePluginConfigurationErrors
> Task :libraries:core:exceptions:javaPreCompileDebug UP-TO-DATE
> Task :libraries:core:accessibility-types:generateDebugResValues UP-TO-DATE
> Task :libraries:core:exceptions:generateDebugResValues UP-TO-DATE
> Task :libraries:core:hash:javaPreCompileDebug UP-TO-DATE
> Task :libraries:core:constants:generateDebugResValues UP-TO-DATE
> Task :libraries:core:text-utils:checkKotlinGradlePluginConfigurationErrors
> Task :libraries:core:result:preBuild UP-TO-DATE
> Task :libraries:core:result:preDebugBuild UP-TO-DATE
> Task :libraries:core:result:checkKotlinGradlePluginConfigurationErrors
> Task :libraries:core:text-utils:preBuild UP-TO-DATE
> Task :libraries:core:text-utils:preDebugBuild UP-TO-DATE
> Task :libraries:core:json-utils:javaPreCompileDebug UP-TO-DATE
> Task :libraries:core:result:generateDebugResValues UP-TO-DATE
> Task :libraries:core:json-utils:generateDebugResValues UP-TO-DATE
> Task :libraries:core:result:javaPreCompileDebug UP-TO-DATE
> Task :libraries:core:validation:checkKotlinGradlePluginConfigurationErrors
> Task :libraries:core:validation:preBuild UP-TO-DATE
> Task :libraries:core:text-utils:javaPreCompileDebug UP-TO-DATE
> Task :libraries:core:validation:preDebugBuild UP-TO-DATE
> Task :libraries:core:text-utils:generateDebugResValues UP-TO-DATE
> Task :libraries:core:hash:generateDebugResources UP-TO-DATE
> Task :libraries:core:constants:generateDebugResources UP-TO-DATE
> Task :libraries:core:accessibility-types:generateDebugResources UP-TO-DATE
> Task :libraries:core:json-utils:generateDebugResources UP-TO-DATE
> Task :libraries:core:command-models:generateDebugResources UP-TO-DATE
> Task :libraries:core:validation:javaPreCompileDebug UP-TO-DATE
> Task :libraries:core:validation:generateDebugResValues UP-TO-DATE
> Task :libraries:core:result:generateDebugResources UP-TO-DATE
> Task :libraries:core:text-utils:generateDebugResources UP-TO-DATE
> Task :libraries:core:exceptions:generateDebugResources UP-TO-DATE
> Task :libraries:core:voiceos-logging:checkKotlinGradlePluginConfigurationErrors
> Task :libraries:core:voiceos-logging:preBuild UP-TO-DATE
> Task :libraries:core:voiceos-logging:preDebugBuild UP-TO-DATE
> Task :libraries:core:voiceos-logging:generateDebugResValues UP-TO-DATE
> Task :libraries:core:validation:generateDebugResources UP-TO-DATE
> Task :libraries:core:voiceos-logging:generateDebugResources UP-TO-DATE
> Task :modules:apps:VoiceCursor:preBuild UP-TO-DATE
> Task :modules:apps:VoiceCursor:preDebugBuild UP-TO-DATE
> Task :libraries:core:voiceos-logging:javaPreCompileDebug UP-TO-DATE
> Task :modules:apps:VoiceCursor:checkKotlinGradlePluginConfigurationErrors
> Task :modules:apps:VoiceCursor:generateDebugResValues UP-TO-DATE
> Task :libraries:core:constants:packageDebugResources UP-TO-DATE
> Task :libraries:core:command-models:packageDebugResources UP-TO-DATE
> Task :libraries:core:exceptions:packageDebugResources UP-TO-DATE
> Task :libraries:core:text-utils:packageDebugResources UP-TO-DATE
> Task :libraries:core:accessibility-types:packageDebugResources UP-TO-DATE
> Task :modules:apps:VoiceCursor:generateDebugResources UP-TO-DATE
> Task :libraries:core:result:packageDebugResources UP-TO-DATE
> Task :libraries:core:json-utils:packageDebugResources UP-TO-DATE
> Task :libraries:core:hash:packageDebugResources UP-TO-DATE
> Task :libraries:core:validation:packageDebugResources UP-TO-DATE
> Task :libraries:core:exceptions:parseDebugLocalResources UP-TO-DATE
> Task :libraries:core:constants:parseDebugLocalResources UP-TO-DATE
> Task :libraries:core:json-utils:parseDebugLocalResources UP-TO-DATE
> Task :libraries:core:hash:parseDebugLocalResources UP-TO-DATE
> Task :libraries:core:result:parseDebugLocalResources UP-TO-DATE
> Task :libraries:core:text-utils:parseDebugLocalResources UP-TO-DATE
> Task :libraries:core:command-models:parseDebugLocalResources UP-TO-DATE
> Task :libraries:core:accessibility-types:parseDebugLocalResources UP-TO-DATE
> Task :libraries:core:validation:parseDebugLocalResources UP-TO-DATE
> Task :libraries:core:exceptions:generateDebugRFile UP-TO-DATE
> Task :libraries:core:json-utils:generateDebugRFile UP-TO-DATE
> Task :libraries:core:text-utils:generateDebugRFile UP-TO-DATE
> Task :libraries:core:result:generateDebugRFile UP-TO-DATE
> Task :libraries:core:constants:generateDebugRFile UP-TO-DATE
> Task :libraries:core:hash:generateDebugRFile UP-TO-DATE
> Task :libraries:core:validation:generateDebugRFile UP-TO-DATE
> Task :libraries:core:accessibility-types:generateDebugRFile UP-TO-DATE
> Task :libraries:core:command-models:generateDebugRFile UP-TO-DATE
> Task :libraries:core:command-models:compileDebugKotlinAndroid UP-TO-DATE
> Task :libraries:core:accessibility-types:compileDebugKotlinAndroid UP-TO-DATE
> Task :libraries:core:validation:compileDebugKotlinAndroid UP-TO-DATE
> Task :libraries:core:accessibility-types:compileDebugJavaWithJavac NO-SOURCE
> Task :libraries:core:command-models:compileDebugJavaWithJavac NO-SOURCE
> Task :libraries:core:accessibility-types:bundleLibRuntimeToJarDebug UP-TO-DATE
> Task :libraries:core:accessibility-types:processDebugJavaRes UP-TO-DATE
> Task :libraries:core:command-models:bundleLibRuntimeToJarDebug UP-TO-DATE
> Task :libraries:core:validation:compileDebugJavaWithJavac NO-SOURCE
> Task :libraries:core:command-models:processDebugJavaRes UP-TO-DATE
> Task :libraries:core:validation:processDebugJavaRes UP-TO-DATE
> Task :libraries:core:validation:bundleLibRuntimeToJarDebug UP-TO-DATE
> Task :modules:libraries:DeviceManager:checkKotlinGradlePluginConfigurationErrors
> Task :modules:libraries:DeviceManager:preBuild UP-TO-DATE
> Task :modules:libraries:DeviceManager:preDebugBuild UP-TO-DATE
> Task :libraries:core:voiceos-logging:packageDebugResources UP-TO-DATE
> Task :libraries:core:exceptions:compileDebugKotlinAndroid UP-TO-DATE
> Task :libraries:core:voiceos-logging:parseDebugLocalResources UP-TO-DATE
> Task :modules:apps:VoiceCursor:packageDebugResources UP-TO-DATE
> Task :libraries:core:exceptions:compileDebugJavaWithJavac NO-SOURCE
> Task :libraries:core:voiceos-logging:generateDebugRFile UP-TO-DATE
> Task :libraries:core:exceptions:bundleLibRuntimeToJarDebug UP-TO-DATE
> Task :libraries:core:exceptions:processDebugJavaRes UP-TO-DATE
> Task :modules:libraries:DeviceManager:generateDebugResValues UP-TO-DATE
> Task :modules:apps:VoiceCursor:parseDebugLocalResources UP-TO-DATE
> Task :modules:apps:VoiceCursor:generateDebugRFile UP-TO-DATE
> Task :modules:libraries:DeviceManager:generateDebugResources UP-TO-DATE
> Task :modules:libraries:DeviceManager:dataBindingTriggerDebug UP-TO-DATE
> Task :modules:libraries:DeviceManager:javaPreCompileDebug UP-TO-DATE
> Task :modules:libraries:SpeechRecognition:preBuild UP-TO-DATE
> Task :modules:libraries:SpeechRecognition:preDebugBuild UP-TO-DATE
> Task :libraries:core:result:compileDebugKotlinAndroid UP-TO-DATE
> Task :modules:libraries:SpeechRecognition:generateDebugResValues UP-TO-DATE
> Task :modules:libraries:DeviceManager:packageDebugResources UP-TO-DATE
> Task :libraries:core:result:compileDebugJavaWithJavac NO-SOURCE
> Task :modules:libraries:DeviceManager:parseDebugLocalResources UP-TO-DATE
> Task :libraries:core:result:bundleLibRuntimeToJarDebug UP-TO-DATE
> Task :modules:libraries:DeviceManager:generateDebugRFile UP-TO-DATE
> Task :modules:libraries:SpeechRecognition:generateDebugResources UP-TO-DATE
> Task :modules:libraries:SpeechRecognition:checkKotlinGradlePluginConfigurationErrors
> Task :modules:libraries:SpeechRecognition:generateDebugBuildConfig UP-TO-DATE
> Task :modules:libraries:SpeechRecognition:packageDebugResources UP-TO-DATE
> Task :libraries:core:result:processDebugJavaRes UP-TO-DATE
> Task :modules:libraries:VoiceUIElements:checkKotlinGradlePluginConfigurationErrors
> Task :modules:libraries:SpeechRecognition:javaPreCompileDebug UP-TO-DATE
> Task :modules:libraries:VoiceUIElements:preBuild UP-TO-DATE
> Task :modules:libraries:SpeechRecognition:parseDebugLocalResources UP-TO-DATE
> Task :modules:libraries:VoiceUIElements:preDebugBuild UP-TO-DATE
> Task :modules:managers:LicenseManager:checkKotlinGradlePluginConfigurationErrors
> Task :modules:libraries:VoiceUIElements:generateDebugResValues UP-TO-DATE
> Task :modules:libraries:VoiceUIElements:javaPreCompileDebug UP-TO-DATE
> Task :modules:managers:LicenseManager:preBuild UP-TO-DATE
> Task :modules:libraries:SpeechRecognition:generateDebugRFile UP-TO-DATE
> Task :modules:managers:LicenseManager:preDebugBuild UP-TO-DATE
> Task :modules:libraries:VoiceUIElements:generateDebugResources UP-TO-DATE
> Task :modules:managers:LicenseManager:generateDebugResValues UP-TO-DATE
> Task :modules:managers:LicenseManager:javaPreCompileDebug UP-TO-DATE
> Task :modules:apps:VoiceCursor:javaPreCompileDebug UP-TO-DATE
> Task :modules:managers:LicenseManager:generateDebugResources UP-TO-DATE
> Task :modules:apps:VoiceOSCore:preBuild UP-TO-DATE
> Task :modules:apps:VoiceOSCore:preDebugBuild UP-TO-DATE
> Task :libraries:core:accessibility-types:bundleLibCompileToJarDebug UP-TO-DATE
> Task :modules:libraries:VoiceUIElements:packageDebugResources UP-TO-DATE
> Task :libraries:core:command-models:bundleLibCompileToJarDebug UP-TO-DATE
> Task :modules:libraries:VoiceUIElements:parseDebugLocalResources UP-TO-DATE
> Task :libraries:core:exceptions:bundleLibCompileToJarDebug UP-TO-DATE
> Task :modules:libraries:VoiceUIElements:generateDebugRFile UP-TO-DATE
> Task :libraries:core:result:bundleLibCompileToJarDebug UP-TO-DATE
> Task :libraries:core:validation:bundleLibCompileToJarDebug UP-TO-DATE
> Task :modules:libraries:UUIDCreator:preBuild UP-TO-DATE
> Task :modules:libraries:UUIDCreator:preDebugBuild UP-TO-DATE
> Task :modules:managers:LicenseManager:packageDebugResources UP-TO-DATE
> Task :modules:managers:LicenseManager:parseDebugLocalResources UP-TO-DATE
> Task :modules:managers:LicenseManager:generateDebugRFile UP-TO-DATE
> Task :libraries:core:constants:compileDebugKotlinAndroid UP-TO-DATE
> Task :libraries:core:constants:compileDebugJavaWithJavac NO-SOURCE
> Task :libraries:core:constants:bundleLibRuntimeToJarDebug UP-TO-DATE
> Task :libraries:core:constants:processDebugJavaRes UP-TO-DATE
> Task :libraries:core:constants:bundleLibCompileToJarDebug UP-TO-DATE
> Task :modules:apps:VoiceOSCore:checkKotlinGradlePluginConfigurationErrors
> Task :modules:apps:VoiceOSCore:generateDebugResValues UP-TO-DATE
> Task :libraries:core:hash:compileDebugKotlinAndroid UP-TO-DATE
> Task :libraries:core:hash:compileDebugJavaWithJavac NO-SOURCE
> Task :modules:apps:VoiceOSCore:generateDebugResources UP-TO-DATE
> Task :libraries:core:hash:bundleLibRuntimeToJarDebug UP-TO-DATE
> Task :libraries:core:hash:bundleLibCompileToJarDebug UP-TO-DATE
> Task :libraries:core:voiceos-logging:compileDebugKotlinAndroid UP-TO-DATE
> Task :libraries:core:voiceos-logging:compileDebugJavaWithJavac NO-SOURCE
> Task :libraries:core:voiceos-logging:bundleLibRuntimeToJarDebug UP-TO-DATE
> Task :libraries:core:hash:processDebugJavaRes UP-TO-DATE
> Task :libraries:core:voiceos-logging:bundleLibCompileToJarDebug UP-TO-DATE
> Task :libraries:core:voiceos-logging:processDebugJavaRes UP-TO-DATE
> Task :modules:libraries:UniversalIPC:preBuild UP-TO-DATE
> Task :modules:libraries:UniversalIPC:preDebugBuild UP-TO-DATE
> Task :modules:libraries:UUIDCreator:generateDebugResValues UP-TO-DATE
> Task :modules:apps:VoiceOSCore:packageDebugResources UP-TO-DATE
> Task :modules:libraries:UUIDCreator:generateDebugResources UP-TO-DATE
> Task :modules:libraries:UniversalIPC:generateDebugResValues UP-TO-DATE
> Task :modules:apps:VoiceOSCore:parseDebugLocalResources UP-TO-DATE
> Task :modules:managers:CommandManager:preBuild UP-TO-DATE
> Task :modules:managers:CommandManager:preDebugBuild UP-TO-DATE
> Task :modules:libraries:UniversalIPC:generateDebugResources UP-TO-DATE
> Task :modules:managers:CommandManager:generateDebugResValues UP-TO-DATE
> Task :modules:libraries:UUIDCreator:packageDebugResources UP-TO-DATE
> Task :modules:libraries:UUIDCreator:parseDebugLocalResources UP-TO-DATE
> Task :modules:managers:CommandManager:generateDebugResources UP-TO-DATE
> Task :modules:libraries:UniversalIPC:packageDebugResources UP-TO-DATE
> Task :modules:libraries:UUIDCreator:generateDebugRFile UP-TO-DATE
> Task :modules:managers:HUDManager:preBuild UP-TO-DATE
> Task :modules:managers:HUDManager:preDebugBuild UP-TO-DATE
> Task :modules:libraries:UniversalIPC:parseDebugLocalResources UP-TO-DATE
> Task :modules:managers:HUDManager:generateDebugResValues UP-TO-DATE
> Task :modules:libraries:UniversalIPC:generateDebugRFile UP-TO-DATE
> Task :modules:managers:HUDManager:generateDebugResources UP-TO-DATE
> Task :modules:managers:LocalizationManager:preBuild UP-TO-DATE
> Task :modules:managers:CommandManager:packageDebugResources UP-TO-DATE
> Task :modules:managers:LocalizationManager:preDebugBuild UP-TO-DATE
> Task :modules:managers:LocalizationManager:generateDebugResValues UP-TO-DATE
> Task :modules:managers:CommandManager:parseDebugLocalResources UP-TO-DATE
> Task :modules:managers:LocalizationManager:generateDebugResources UP-TO-DATE
> Task :modules:managers:CommandManager:generateDebugRFile UP-TO-DATE
> Task :modules:managers:HUDManager:packageDebugResources UP-TO-DATE
> Task :modules:apps:VoiceOSCore:generateDebugBuildConfig UP-TO-DATE
> Task :modules:managers:LocalizationManager:packageDebugResources UP-TO-DATE
> Task :modules:managers:HUDManager:parseDebugLocalResources UP-TO-DATE
> Task :modules:managers:LocalizationManager:parseDebugLocalResources UP-TO-DATE
> Task :modules:apps:VoiceOSCore:generateDebugRFile UP-TO-DATE
> Task :modules:libraries:UUIDCreator:checkKotlinGradlePluginConfigurationErrors
> Task :modules:managers:HUDManager:generateDebugRFile UP-TO-DATE
> Task :modules:managers:LocalizationManager:generateDebugRFile UP-TO-DATE
> Task :modules:libraries:UniversalIPC:checkKotlinGradlePluginConfigurationErrors
> Task :modules:libraries:UniversalIPC:javaPreCompileDebug UP-TO-DATE
> Task :modules:managers:CommandManager:checkKotlinGradlePluginConfigurationErrors
> Task :modules:managers:CommandManager:javaPreCompileDebug UP-TO-DATE
> Task :modules:libraries:UUIDCreator:javaPreCompileDebug UP-TO-DATE
> Task :modules:managers:HUDManager:checkKotlinGradlePluginConfigurationErrors
> Task :modules:managers:LocalizationManager:checkKotlinGradlePluginConfigurationErrors
> Task :modules:managers:LocalizationManager:javaPreCompileDebug UP-TO-DATE
> Task :modules:managers:HUDManager:javaPreCompileDebug UP-TO-DATE
> Task :modules:apps:VoiceOSCore:javaPreCompileDebug UP-TO-DATE
> Task :libraries:core:accessibility-types:mergeDebugShaders UP-TO-DATE
> Task :libraries:core:accessibility-types:compileDebugShaders NO-SOURCE
> Task :libraries:core:accessibility-types:generateDebugAssets UP-TO-DATE
> Task :libraries:core:accessibility-types:packageDebugAssets UP-TO-DATE
> Task :libraries:core:command-models:mergeDebugShaders UP-TO-DATE
> Task :libraries:core:command-models:compileDebugShaders NO-SOURCE
> Task :libraries:core:command-models:generateDebugAssets UP-TO-DATE
> Task :libraries:core:command-models:packageDebugAssets UP-TO-DATE
> Task :libraries:core:constants:mergeDebugShaders UP-TO-DATE
> Task :libraries:core:constants:compileDebugShaders NO-SOURCE
> Task :libraries:core:constants:generateDebugAssets UP-TO-DATE
> Task :libraries:core:constants:packageDebugAssets UP-TO-DATE
> Task :libraries:core:exceptions:mergeDebugShaders UP-TO-DATE
> Task :libraries:core:exceptions:compileDebugShaders NO-SOURCE
> Task :libraries:core:exceptions:generateDebugAssets UP-TO-DATE
> Task :libraries:core:exceptions:packageDebugAssets UP-TO-DATE
> Task :libraries:core:hash:mergeDebugShaders UP-TO-DATE
> Task :libraries:core:hash:compileDebugShaders NO-SOURCE
> Task :libraries:core:hash:generateDebugAssets UP-TO-DATE
> Task :libraries:core:hash:packageDebugAssets UP-TO-DATE
> Task :libraries:core:json-utils:mergeDebugShaders UP-TO-DATE
> Task :libraries:core:json-utils:compileDebugShaders NO-SOURCE
> Task :libraries:core:json-utils:generateDebugAssets UP-TO-DATE
> Task :libraries:core:json-utils:packageDebugAssets UP-TO-DATE
> Task :libraries:core:result:mergeDebugShaders UP-TO-DATE
> Task :libraries:core:result:compileDebugShaders NO-SOURCE
> Task :libraries:core:result:generateDebugAssets UP-TO-DATE
> Task :libraries:core:result:packageDebugAssets UP-TO-DATE
> Task :libraries:core:text-utils:mergeDebugShaders UP-TO-DATE
> Task :libraries:core:text-utils:compileDebugShaders NO-SOURCE
> Task :libraries:core:text-utils:generateDebugAssets UP-TO-DATE
> Task :libraries:core:text-utils:packageDebugAssets UP-TO-DATE
> Task :libraries:core:validation:mergeDebugShaders UP-TO-DATE
> Task :libraries:core:validation:compileDebugShaders NO-SOURCE
> Task :libraries:core:validation:generateDebugAssets UP-TO-DATE
> Task :libraries:core:validation:packageDebugAssets UP-TO-DATE
> Task :libraries:core:voiceos-logging:mergeDebugShaders UP-TO-DATE
> Task :libraries:core:voiceos-logging:compileDebugShaders NO-SOURCE
> Task :libraries:core:voiceos-logging:generateDebugAssets UP-TO-DATE
> Task :libraries:core:voiceos-logging:packageDebugAssets UP-TO-DATE
> Task :modules:apps:VoiceCursor:mergeDebugShaders UP-TO-DATE
> Task :modules:apps:VoiceCursor:compileDebugShaders NO-SOURCE
> Task :modules:apps:VoiceCursor:generateDebugAssets UP-TO-DATE
> Task :modules:apps:VoiceCursor:packageDebugAssets UP-TO-DATE
> Task :modules:apps:VoiceOSCore:mergeDebugShaders UP-TO-DATE
> Task :modules:apps:VoiceOSCore:compileDebugShaders NO-SOURCE
> Task :modules:apps:VoiceOSCore:generateDebugAssets UP-TO-DATE
> Task :modules:libraries:DeviceManager:mergeDebugShaders UP-TO-DATE
> Task :modules:libraries:DeviceManager:compileDebugShaders NO-SOURCE
> Task :modules:libraries:DeviceManager:generateDebugAssets UP-TO-DATE
> Task :modules:libraries:DeviceManager:packageDebugAssets UP-TO-DATE
> Task :modules:libraries:SpeechRecognition:mergeDebugShaders UP-TO-DATE
> Task :modules:libraries:SpeechRecognition:compileDebugShaders NO-SOURCE
> Task :modules:libraries:SpeechRecognition:generateDebugAssets UP-TO-DATE
> Task :modules:libraries:SpeechRecognition:packageDebugAssets UP-TO-DATE
> Task :modules:libraries:UniversalIPC:mergeDebugShaders UP-TO-DATE
> Task :modules:libraries:UniversalIPC:compileDebugShaders NO-SOURCE
> Task :modules:libraries:UniversalIPC:generateDebugAssets UP-TO-DATE
> Task :modules:libraries:UniversalIPC:packageDebugAssets UP-TO-DATE
> Task :modules:libraries:UUIDCreator:mergeDebugShaders UP-TO-DATE
> Task :modules:libraries:UUIDCreator:compileDebugShaders NO-SOURCE
> Task :modules:libraries:UUIDCreator:generateDebugAssets UP-TO-DATE
> Task :modules:libraries:UUIDCreator:packageDebugAssets UP-TO-DATE
> Task :modules:libraries:VoiceUIElements:mergeDebugShaders UP-TO-DATE
> Task :modules:libraries:VoiceUIElements:compileDebugShaders NO-SOURCE
> Task :modules:libraries:VoiceUIElements:generateDebugAssets UP-TO-DATE
> Task :modules:libraries:VoiceUIElements:packageDebugAssets UP-TO-DATE
> Task :libraries:core:text-utils:compileDebugKotlinAndroid UP-TO-DATE
> Task :modules:managers:CommandManager:mergeDebugShaders UP-TO-DATE
> Task :libraries:core:text-utils:compileDebugJavaWithJavac NO-SOURCE
> Task :libraries:core:text-utils:bundleLibRuntimeToJarDebug UP-TO-DATE
> Task :libraries:core:text-utils:bundleLibCompileToJarDebug UP-TO-DATE
> Task :libraries:core:text-utils:processDebugJavaRes UP-TO-DATE
> Task :modules:managers:CommandManager:compileDebugShaders NO-SOURCE
> Task :modules:managers:CommandManager:generateDebugAssets UP-TO-DATE
> Task :modules:managers:HUDManager:mergeDebugShaders UP-TO-DATE
> Task :modules:managers:HUDManager:compileDebugShaders NO-SOURCE
> Task :modules:managers:HUDManager:generateDebugAssets UP-TO-DATE
> Task :modules:managers:HUDManager:packageDebugAssets UP-TO-DATE
> Task :modules:managers:LicenseManager:mergeDebugShaders UP-TO-DATE
> Task :modules:managers:LicenseManager:compileDebugShaders NO-SOURCE
> Task :modules:managers:LicenseManager:generateDebugAssets UP-TO-DATE
> Task :modules:managers:LicenseManager:packageDebugAssets UP-TO-DATE
> Task :modules:managers:LocalizationManager:mergeDebugShaders UP-TO-DATE
> Task :modules:managers:LocalizationManager:compileDebugShaders NO-SOURCE
> Task :modules:managers:LocalizationManager:generateDebugAssets UP-TO-DATE
> Task :modules:managers:LocalizationManager:packageDebugAssets UP-TO-DATE
> Task :modules:apps:VoiceOSCore:generateDebugUnitTestAssets UP-TO-DATE
> Task :modules:apps:VoiceOSCore:packageDebugAssets UP-TO-DATE
> Task :modules:apps:VoiceOSCore:preDebugUnitTestBuild UP-TO-DATE
> Task :libraries:core:accessibility-types:compileDebugLibraryResources UP-TO-DATE
> Task :libraries:core:command-models:compileDebugLibraryResources UP-TO-DATE
> Task :libraries:core:constants:compileDebugLibraryResources UP-TO-DATE
> Task :libraries:core:exceptions:compileDebugLibraryResources UP-TO-DATE
> Task :libraries:core:hash:compileDebugLibraryResources UP-TO-DATE
> Task :libraries:core:json-utils:compileDebugLibraryResources UP-TO-DATE
> Task :libraries:core:result:compileDebugLibraryResources UP-TO-DATE
> Task :libraries:core:text-utils:compileDebugLibraryResources UP-TO-DATE
> Task :libraries:core:validation:compileDebugLibraryResources UP-TO-DATE
> Task :modules:managers:CommandManager:packageDebugAssets UP-TO-DATE
> Task :libraries:core:voiceos-logging:compileDebugLibraryResources UP-TO-DATE
> Task :modules:libraries:UUIDCreator:compileDebugAidl UP-TO-DATE
> Task :libraries:core:json-utils:compileDebugKotlinAndroid UP-TO-DATE
> Task :libraries:core:json-utils:compileDebugJavaWithJavac NO-SOURCE
> Task :libraries:core:json-utils:bundleLibRuntimeToJarDebug UP-TO-DATE
> Task :libraries:core:json-utils:processDebugJavaRes UP-TO-DATE
> Task :libraries:core:json-utils:bundleLibCompileToJarDebug UP-TO-DATE
> Task :modules:apps:VoiceCursor:compileDebugLibraryResources UP-TO-DATE
> Task :libraries:core:accessibility-types:writeDebugAarMetadata UP-TO-DATE
> Task :libraries:core:command-models:writeDebugAarMetadata UP-TO-DATE
> Task :libraries:core:constants:writeDebugAarMetadata UP-TO-DATE
> Task :libraries:core:exceptions:writeDebugAarMetadata UP-TO-DATE
> Task :libraries:core:hash:writeDebugAarMetadata UP-TO-DATE
> Task :libraries:core:json-utils:writeDebugAarMetadata UP-TO-DATE
> Task :libraries:core:result:writeDebugAarMetadata UP-TO-DATE
> Task :libraries:core:text-utils:writeDebugAarMetadata UP-TO-DATE
> Task :libraries:core:validation:writeDebugAarMetadata UP-TO-DATE
> Task :libraries:core:voiceos-logging:writeDebugAarMetadata UP-TO-DATE
> Task :modules:apps:VoiceCursor:writeDebugAarMetadata UP-TO-DATE
> Task :modules:apps:VoiceOSCore:writeDebugAarMetadata UP-TO-DATE
> Task :modules:libraries:DeviceManager:writeDebugAarMetadata UP-TO-DATE
> Task :modules:libraries:SpeechRecognition:writeDebugAarMetadata UP-TO-DATE
> Task :modules:libraries:UniversalIPC:writeDebugAarMetadata UP-TO-DATE
> Task :modules:libraries:UUIDCreator:writeDebugAarMetadata UP-TO-DATE
> Task :modules:apps:VoiceCursor:compileDebugAidl UP-TO-DATE
> Task :modules:libraries:VoiceUIElements:writeDebugAarMetadata UP-TO-DATE
> Task :modules:managers:CommandManager:writeDebugAarMetadata UP-TO-DATE
> Task :modules:managers:HUDManager:writeDebugAarMetadata UP-TO-DATE
> Task :modules:managers:LicenseManager:writeDebugAarMetadata UP-TO-DATE
> Task :modules:managers:LocalizationManager:writeDebugAarMetadata UP-TO-DATE
> Task :modules:apps:VoiceOSCore:mergeDebugAssets UP-TO-DATE
> Task :modules:apps:VoiceOSCore:compileDebugLibraryResources UP-TO-DATE
> Task :modules:apps:VoiceOSCore:generateDebugUnitTestResValues UP-TO-DATE
> Task :modules:managers:LocalizationManager:kspDebugKotlin UP-TO-DATE
> Task :modules:managers:LocalizationManager:compileDebugKotlin UP-TO-DATE
> Task :modules:managers:LocalizationManager:compileDebugJavaWithJavac NO-SOURCE
> Task :modules:managers:LocalizationManager:bundleLibCompileToJarDebug UP-TO-DATE
> Task :modules:managers:LocalizationManager:bundleLibRuntimeToJarDebug UP-TO-DATE
> Task :modules:apps:VoiceOSCore:generateDebugUnitTestResources UP-TO-DATE
> Task :modules:managers:LicenseManager:compileDebugKotlin UP-TO-DATE
> Task :modules:managers:LicenseManager:compileDebugJavaWithJavac NO-SOURCE
> Task :modules:managers:LicenseManager:bundleLibCompileToJarDebug UP-TO-DATE
> Task :modules:managers:LicenseManager:bundleLibRuntimeToJarDebug UP-TO-DATE
> Task :libraries:core:accessibility-types:extractDeepLinksDebug UP-TO-DATE
> Task :libraries:core:accessibility-types:processDebugManifest UP-TO-DATE
> Task :libraries:core:command-models:extractDeepLinksDebug UP-TO-DATE
> Task :libraries:core:command-models:processDebugManifest UP-TO-DATE
> Task :libraries:core:constants:extractDeepLinksDebug UP-TO-DATE
> Task :libraries:core:constants:processDebugManifest UP-TO-DATE
> Task :libraries:core:exceptions:extractDeepLinksDebug UP-TO-DATE
> Task :libraries:core:exceptions:processDebugManifest UP-TO-DATE
> Task :libraries:core:hash:extractDeepLinksDebug UP-TO-DATE
> Task :libraries:core:hash:processDebugManifest UP-TO-DATE
> Task :libraries:core:json-utils:extractDeepLinksDebug UP-TO-DATE
> Task :libraries:core:json-utils:processDebugManifest UP-TO-DATE
> Task :libraries:core:result:extractDeepLinksDebug UP-TO-DATE
> Task :libraries:core:result:processDebugManifest UP-TO-DATE
> Task :libraries:core:text-utils:extractDeepLinksDebug UP-TO-DATE
> Task :libraries:core:text-utils:processDebugManifest UP-TO-DATE
> Task :libraries:core:validation:extractDeepLinksDebug UP-TO-DATE
> Task :libraries:core:validation:processDebugManifest UP-TO-DATE
> Task :libraries:core:voiceos-logging:extractDeepLinksDebug UP-TO-DATE
> Task :libraries:core:voiceos-logging:processDebugManifest UP-TO-DATE
> Task :modules:apps:VoiceCursor:extractDeepLinksDebug UP-TO-DATE
> Task :modules:apps:VoiceCursor:processDebugManifest UP-TO-DATE
> Task :modules:apps:VoiceOSCore:extractDeepLinksDebug UP-TO-DATE
> Task :modules:libraries:VoiceUIElements:compileDebugKotlin UP-TO-DATE
> Task :modules:apps:VoiceOSCore:mapDebugUnitTestSourceSetPaths UP-TO-DATE
> Task :modules:apps:VoiceOSCore:mergeDebugUnitTestResources UP-TO-DATE
> Task :modules:apps:VoiceOSCore:processDebugManifest UP-TO-DATE
> Task :modules:libraries:VoiceUIElements:compileDebugJavaWithJavac NO-SOURCE
> Task :modules:libraries:DeviceManager:extractDeepLinksDebug UP-TO-DATE
> Task :modules:libraries:SpeechRecognition:extractDeepLinksDebug UP-TO-DATE
> Task :modules:libraries:VoiceUIElements:bundleLibCompileToJarDebug UP-TO-DATE
> Task :modules:libraries:VoiceUIElements:bundleLibRuntimeToJarDebug UP-TO-DATE
> Task :modules:libraries:UniversalIPC:extractDeepLinksDebug UP-TO-DATE
> Task :modules:libraries:DeviceManager:processDebugManifest UP-TO-DATE
> Task :modules:libraries:UUIDCreator:extractDeepLinksDebug UP-TO-DATE
> Task :modules:libraries:UniversalIPC:processDebugManifest UP-TO-DATE
> Task :modules:libraries:SpeechRecognition:processDebugManifest UP-TO-DATE
> Task :modules:libraries:VoiceUIElements:extractDeepLinksDebug UP-TO-DATE
> Task :modules:managers:CommandManager:extractDeepLinksDebug UP-TO-DATE
> Task :modules:libraries:UUIDCreator:processDebugManifest UP-TO-DATE
> Task :modules:managers:HUDManager:extractDeepLinksDebug UP-TO-DATE
> Task :modules:libraries:VoiceUIElements:processDebugManifest UP-TO-DATE
> Task :modules:managers:LicenseManager:extractDeepLinksDebug UP-TO-DATE
> Task :modules:managers:CommandManager:processDebugManifest UP-TO-DATE
> Task :modules:managers:HUDManager:processDebugManifest UP-TO-DATE
> Task :modules:managers:LocalizationManager:extractDeepLinksDebug UP-TO-DATE
> Task :modules:managers:LicenseManager:processDebugManifest UP-TO-DATE
> Task :modules:managers:LocalizationManager:processDebugManifest UP-TO-DATE
> Task :modules:libraries:UniversalIPC:compileDebugLibraryResources UP-TO-DATE
> Task :modules:libraries:SpeechRecognition:compileDebugLibraryResources UP-TO-DATE
> Task :modules:libraries:DeviceManager:compileDebugLibraryResources UP-TO-DATE
> Task :modules:libraries:UUIDCreator:compileDebugLibraryResources UP-TO-DATE
> Task :modules:libraries:VoiceUIElements:compileDebugLibraryResources UP-TO-DATE
> Task :modules:managers:CommandManager:compileDebugLibraryResources UP-TO-DATE
> Task :modules:managers:HUDManager:compileDebugLibraryResources UP-TO-DATE
> Task :modules:managers:LicenseManager:compileDebugLibraryResources UP-TO-DATE
> Task :modules:libraries:UUIDCreator:kspDebugKotlin UP-TO-DATE
> Task :modules:managers:LocalizationManager:compileDebugLibraryResources UP-TO-DATE
> Task :modules:libraries:UniversalIPC:compileDebugKotlin UP-TO-DATE
> Task :modules:libraries:UniversalIPC:compileDebugJavaWithJavac NO-SOURCE
> Task :modules:libraries:UniversalIPC:bundleLibCompileToJarDebug UP-TO-DATE
> Task :modules:libraries:UniversalIPC:bundleLibRuntimeToJarDebug UP-TO-DATE
> Task :modules:libraries:UUIDCreator:compileDebugKotlin UP-TO-DATE
> Task :modules:libraries:UUIDCreator:compileDebugJavaWithJavac UP-TO-DATE
> Task :modules:libraries:UUIDCreator:bundleLibCompileToJarDebug UP-TO-DATE
> Task :modules:libraries:UUIDCreator:bundleLibRuntimeToJarDebug UP-TO-DATE
> Task :modules:apps:VoiceOSCore:javaPreCompileDebugUnitTest UP-TO-DATE
> Task :modules:libraries:UniversalIPC:processDebugJavaRes UP-TO-DATE
> Task :modules:libraries:UUIDCreator:processDebugJavaRes UP-TO-DATE
> Task :modules:libraries:VoiceUIElements:processDebugJavaRes UP-TO-DATE
> Task :modules:managers:LicenseManager:processDebugJavaRes UP-TO-DATE
> Task :modules:managers:LocalizationManager:processDebugJavaRes UP-TO-DATE
> Task :modules:apps:VoiceOSCore:mergeDebugUnitTestAssets UP-TO-DATE
> Task :modules:apps:VoiceOSCore:checkDebugUnitTestAarMetadata UP-TO-DATE
> Task :modules:apps:VoiceOSCore:compileDebugAidl UP-TO-DATE
> Task :modules:libraries:DeviceManager:dataBindingMergeDependencyArtifactsDebug UP-TO-DATE
> Task :modules:apps:VoiceOSCore:processDebugUnitTestManifest UP-TO-DATE
> Task :modules:libraries:DeviceManager:dataBindingGenBaseClassesDebug UP-TO-DATE
> Task :modules:apps:VoiceOSCore:processDebugUnitTestResources UP-TO-DATE
> Task :modules:apps:VoiceOSCore:packageDebugUnitTestForUnitTest UP-TO-DATE
> Task :modules:apps:VoiceOSCore:generateDebugUnitTestConfig UP-TO-DATE
> Task :modules:libraries:DeviceManager:compileDebugKotlin UP-TO-DATE
> Task :modules:libraries:DeviceManager:compileDebugJavaWithJavac UP-TO-DATE
> Task :modules:libraries:DeviceManager:bundleLibRuntimeToJarDebug UP-TO-DATE
> Task :modules:libraries:DeviceManager:bundleLibCompileToJarDebug UP-TO-DATE
> Task :modules:libraries:DeviceManager:processDebugJavaRes UP-TO-DATE
> Task :modules:apps:VoiceOSCore:dataBindingMergeDependencyArtifactsDebug UP-TO-DATE
> Task :modules:managers:HUDManager:compileDebugKotlin UP-TO-DATE
> Task :modules:managers:HUDManager:compileDebugJavaWithJavac NO-SOURCE
> Task :modules:managers:HUDManager:processDebugJavaRes UP-TO-DATE
> Task :modules:managers:HUDManager:bundleLibCompileToJarDebug UP-TO-DATE
> Task :modules:managers:HUDManager:bundleLibRuntimeToJarDebug UP-TO-DATE
> Task :modules:libraries:SpeechRecognition:kspDebugKotlin UP-TO-DATE
> Task :modules:apps:VoiceOSCore:dataBindingGenBaseClassesDebug UP-TO-DATE
> Task :modules:libraries:SpeechRecognition:kaptGenerateStubsDebugKotlin UP-TO-DATE
> Task :modules:libraries:SpeechRecognition:kaptDebugKotlin SKIPPED
> Task :modules:libraries:SpeechRecognition:compileDebugKotlin UP-TO-DATE
> Task :modules:libraries:SpeechRecognition:processDebugJavaRes UP-TO-DATE
> Task :modules:libraries:SpeechRecognition:compileDebugJavaWithJavac UP-TO-DATE
> Task :modules:libraries:SpeechRecognition:transformDebugClassesWithAsm UP-TO-DATE
> Task :modules:libraries:SpeechRecognition:bundleLibCompileToJarDebug UP-TO-DATE
> Task :modules:libraries:SpeechRecognition:bundleLibRuntimeToJarDebug UP-TO-DATE
> Task :modules:apps:VoiceCursor:compileDebugKotlin UP-TO-DATE
> Task :modules:apps:VoiceCursor:processDebugJavaRes UP-TO-DATE
> Task :modules:apps:VoiceCursor:compileDebugJavaWithJavac UP-TO-DATE
> Task :modules:apps:VoiceCursor:bundleLibRuntimeToJarDebug UP-TO-DATE
> Task :modules:apps:VoiceCursor:bundleLibCompileToJarDebug UP-TO-DATE
> Task :modules:managers:CommandManager:kspDebugKotlin UP-TO-DATE
> Task :modules:managers:CommandManager:compileDebugKotlin UP-TO-DATE
> Task :modules:managers:CommandManager:processDebugJavaRes UP-TO-DATE
> Task :modules:managers:CommandManager:compileDebugJavaWithJavac UP-TO-DATE
> Task :modules:managers:CommandManager:bundleLibCompileToJarDebug UP-TO-DATE
> Task :modules:managers:CommandManager:bundleLibRuntimeToJarDebug UP-TO-DATE
> Task :modules:apps:VoiceOSCore:kspDebugKotlin UP-TO-DATE
> Task :modules:apps:VoiceOSCore:compileDebugKotlin UP-TO-DATE
> Task :modules:apps:VoiceOSCore:processDebugJavaRes UP-TO-DATE
> Task :modules:apps:VoiceOSCore:compileDebugJavaWithJavac UP-TO-DATE
> Task :modules:apps:VoiceOSCore:transformDebugClassesWithAsm UP-TO-DATE
> Task :modules:apps:VoiceOSCore:bundleLibCompileToJarDebug UP-TO-DATE
> Task :modules:apps:VoiceOSCore:bundleLibRuntimeToJarDebug UP-TO-DATE
> Task :modules:apps:VoiceOSCore:kspDebugUnitTestKotlin UP-TO-DATE
> Task :modules:apps:VoiceOSCore:compileDebugUnitTestKotlin UP-TO-DATE
> Task :modules:apps:VoiceOSCore:compileDebugUnitTestJavaWithJavac NO-SOURCE
> Task :modules:apps:VoiceOSCore:hiltAggregateDepsDebugUnitTest UP-TO-DATE
> Task :modules:apps:VoiceOSCore:hiltJavaCompileDebugUnitTest NO-SOURCE
> Task :modules:apps:VoiceOSCore:processDebugUnitTestJavaRes UP-TO-DATE
> Task :modules:apps:VoiceOSCore:transformDebugUnitTestClassesWithAsm UP-TO-DATE

> Task :modules:apps:VoiceOSCore:testDebugUnitTest

GazeHandlerTest > placeholder test - GazeHandler not implemented SKIPPED

ScrapingDatabaseSyncTest > test metrics include database count STANDARD_OUT

    ========== TEST: Metrics Include Database Count ==========

    ðŸ“Š METRICS:
       Found: 10
       Cached: 3
       Scraped: 7
       Persisted: 10
    âœ… PASS: Metrics include database count

ScrapingDatabaseSyncTest > test metrics include database count PASSED

ScrapingDatabaseSyncTest > test count validation - handles zero elements STANDARD_OUT

    ========== TEST: Zero Elements Scraped ==========


SafeNullHandlerTest > orThrow throws custom exception when null PASSED

SafeNullHandlerTest > orDefault returns value when not null PASSED

SafeNullHandlerTest > orCompute returns value when not null PASSED

SafeNullHandlerTest > orDefault returns default when null PASSED

SafeNullHandlerTest > replacing cursor!! pattern in SafeCursorManager PASSED

SafeNullHandlerTest > orThrow returns non-null value when not null PASSED

SafeNullHandlerTest > orLog with default returns value when not null PASSED

SafeNullHandlerTest > orLog with default returns default when null PASSED

SafeNullHandlerTest > orLog returns value when not null PASSED

SafeNullHandlerTest > requireNotNull includes custom message in exception PASSED

ScrapingDatabaseSyncTest > test count validation - handles zero elements STANDARD_OUT
    âœ“ Scraped 0 elements
    âœ“ Database count: 0
    âœ… PASS: Zero element case handled correctly

ScrapingDatabaseSyncTest > test count validation - handles zero elements PASSED

ScrapingDatabaseSyncTest > test count validation - duplicate hash replacement STANDARD_OUT

    ========== TEST: Duplicate Hash Replacement ==========

    First scrape: 3 elements

SafeCursorManagerTest > test manager can be created PASSED

SafeCursorManagerTest > test track null returns null safely PASSED

ScrapingDatabaseSyncTest > test count validation - duplicate hash replacement STANDARD_OUT
    Second scrape: 3 elements
    Expected DB count after REPLACE: 3
    âœ… PASS: Duplicate hash replacement count validated

ScrapingDatabaseSyncTest > test count validation - duplicate hash replacement PASSED

ScrapingDatabaseSyncTest > test count validation - detects partial insertion failure STANDARD_OUT

    ========== TEST: Partial Insertion Failure Detection ==========

    âœ“ Scraped 10 elements
    âœ“ Database returned 10 IDs
    âš ï¸  Database query returned only 7 elements (3 missing!)
    âœ… PASS: Count mismatch correctly detected
       Expected: 10
       Database: 7
       Missing:  3

ScrapingDatabaseSyncTest > test count validation - detects partial insertion failure PASSED

ScrapingDatabaseSyncTest > test count validation - successful sync STANDARD_OUT

    ========== TEST: Successful Database Sync ==========

    âœ“ Scraped 3 elements
    âœ“ Database returned 3 IDs
    âœ“ Database query returned 3 elements
    âœ… PASS: Database sync validated (3 persisted)

ScrapingDatabaseSyncTest > test count validation - successful sync PASSED

ScrapingDatabaseSyncTest > test count validation - large batch STANDARD_OUT

    ========== TEST: Large Batch Count Validation ==========

    âœ“ Scraped 500 elements
    âœ“ Database returned 500 IDs
    âœ“ Database count: 500
    âœ… PASS: Large batch validation successful

ScrapingDatabaseSyncTest > test count validation - large batch PASSED

SafeNullHandlerTest > requireAllNotNull returns list when all non-null PASSED

SafeNullHandlerTest > orThrow can throw different exception types PASSED

SafeNullHandlerTest > safe chain with requireNotNull prevents crash PASSED

SafeNullHandlerTest > replacing bluetoothAdapter!! pattern PASSED

SafeNullHandlerTest > safe chain with orDefault provides fallback PASSED

SafeNullHandlerTest > orCompute allows lazy expensive computation PASSED

WARNING: A terminally deprecated method in sun.misc.Unsafe has been called
WARNING: sun.misc.Unsafe::staticFieldBase has been called by org.robolectric.internal.bytecode.ProxyMaker (file:/Users/manoj_mbpm14/.gradle/caches/modules-2/files-2.1/org.robolectric/sandbox/4.11.1/7ab122c1a35c540a261786d1cb1013150759d4/sandbox-4.11.1.jar)
WARNING: Please consider reporting this to the maintainers of class org.robolectric.internal.bytecode.ProxyMaker
WARNING: sun.misc.Unsafe::staticFieldBase will be removed in a future release
WARNING: A terminally deprecated method in sun.misc.Unsafe has been called
WARNING: sun.misc.Unsafe::staticFieldBase has been called by org.robolectric.internal.bytecode.ProxyMaker (file:/Users/manoj_mbpm14/.gradle/caches/modules-2/files-2.1/org.robolectric/sandbox/4.11.1/7ab122c1a35c540a261786d1cb1013150759d4/sandbox-4.11.1.jar)
WARNING: Please consider reporting this to the maintainers of class org.robolectric.internal.bytecode.ProxyMaker
WARNING: sun.misc.Unsafe::staticFieldBase will be removed in a future release
Java HotSpot(TM) 64-Bit Server VM warning: Sharing is only supported for boot loader classes because bootstrap classpath has been appended
Java HotSpot(TM) 64-Bit Server VM warning: Java HotSpot(TM) 64-Bit Server VM warning: Sharing is only supported for boot loader classes because bootstrap classpath has been appended
Sharing is only supported for boot loader classes because bootstrap classpath has been appended
Java HotSpot(TM) 64-Bit Server VM warning: Sharing is only supported for boot loader classes because bootstrap classpath has been appended
Java HotSpot(TM) 64-Bit Server VM warning: Sharing is only supported for boot loader classes because bootstrap classpath has been appended
Java HotSpot(TM) 64-Bit Server VM warning: Sharing is only supported for boot loader classes because bootstrap classpath has been appended

> Task :modules:apps:VoiceOSCore:testDebugUnitTest

SafeNullHandlerTest > requireAllNotNull works with single value PASSED

AccessibilityNodeManagerTest STANDARD_OUT
    DEBUG: Shadow provider: org.robolectric.Shadows

UUIDCreatorIntegrationTest STANDARD_OUT
    DEBUG: Shadow provider: org.robolectric.Shadows

SafeNullHandlerTest > requireNotNull throws IllegalStateException when null FAILED
    com.google.common.truth.AssertionErrorWithFacts at SafeNullHandlerTest.kt:33

SafeNullHandlerTest > orCompute computes default when null PASSED

UUIDCreatorIntegrationTest STANDARD_OUT
    DEBUG: Manifest file location: build/intermediates/packaged_manifests/debugUnitTest/processDebugUnitTestManifest/AndroidManifest.xml

AccessibilityNodeManagerTest STANDARD_OUT
    DEBUG: Manifest file location: build/intermediates/packaged_manifests/debugUnitTest/processDebugUnitTestManifest/AndroidManifest.xml

SafeNullHandlerTest > requireAllNotNull throws when any value is null FAILED
    com.google.common.truth.AssertionErrorWithFacts at SafeNullHandlerTest.kt:212

SafeNullHandlerTest > requireAllNotNull works with many values PASSED

SafeNullHandlerTest > replacing app!! pattern in AccessibilityScrapingIntegration PASSED

SafeNullHandlerTest > orLog returns null when null and logs warning PASSED

SafeNullHandlerTest > requireNotNull returns non-null value when not null PASSED

SafeNullHandlerTest > orDefault works with different types PASSED

HierarchyIntegrityTest > test orphaned detection - root elements excluded STANDARD_OUT

    ========== TEST: Root Elements Not Orphans ==========

    Root elements: 2
    Orphaned elements: 0
    âœ… PASS: Root elements correctly excluded from orphan detection

HierarchyIntegrityTest > test orphaned detection - root elements excluded PASSED

HierarchyIntegrityTest > test orphaned element detection - multiple orphans STANDARD_OUT

    ========== TEST: Multiple Orphaned Elements ==========


UUIDCreatorIntegrationTest STANDARD_OUT
    DEBUG: Manifest doc location:
    build/intermediates/packaged_manifests/debugUnitTest/processDebugUnitTestManifest/AndroidManifest.xml

HierarchyIntegrityTest > test orphaned element detection - multiple orphans STANDARD_OUT
    Elements: 5
    Hierarchy relationships: 1
    Orphaned elements: 3
    âœ… PASS: All orphaned elements detected

HierarchyIntegrityTest > test orphaned element detection - multiple orphans PASSED

HierarchyIntegrityTest > test cycle detection - detects simple cycle STANDARD_OUT

    ========== TEST: Cycle Detection - Simple Cycle ==========

    Hierarchy relationships: 3
    Cycle: 1 -> 2 -> 3 -> 1
    âš ï¸  CYCLE DETECTED in hierarchy
    âœ… PASS: Cycle correctly detected

HierarchyIntegrityTest > test cycle detection - detects simple cycle PASSED

HierarchyIntegrityTest > test deep hierarchy detection - within limits STANDARD_OUT

    ========== TEST: Normal Depth Hierarchy ==========

    Hierarchy depth: 30 levels
    âœ“ Depth within limits: 30 levels
    âœ… PASS: Normal depth hierarchy validated

HierarchyIntegrityTest > test deep hierarchy detection - within limits PASSED

HierarchyIntegrityTest > test orphaned element detection - detects single orphan STANDARD_OUT

    ========== TEST: Orphaned Element Detection ==========

    Elements: 4
    Hierarchy relationships: 2
    Orphaned elements: 1

AccessibilityNodeManagerTest STANDARD_OUT
    DEBUG: Manifest doc location:
    build/intermediates/packaged_manifests/debugUnitTest/processDebugUnitTestManifest/AndroidManifest.xml

HierarchyIntegrityTest > test orphaned element detection - detects single orphan STANDARD_OUT
      âš ï¸  Orphan: Element 4 'OrphanedButton' at depth 1
    âœ… PASS: Orphaned element correctly detected

HierarchyIntegrityTest > test orphaned element detection - detects single orphan PASSED

HierarchyIntegrityTest > test hierarchy integrity - healthy hierarchy STANDARD_OUT

    ========== TEST: Healthy Hierarchy ==========

    Elements: 4
    Hierarchy relationships: 3
    Orphaned elements: 0
    Maximum depth: 2
    âœ… PASS: Hierarchy is healthy (no orphans, no cycles)

HierarchyIntegrityTest > test hierarchy integrity - healthy hierarchy PASSED

HierarchyIntegrityTest > test combined hierarchy validation STANDARD_OUT

    ========== TEST: Combined Hierarchy Validation ==========

    Orphaned elements: 1
    Maximum depth: 2
    âš ï¸  Hierarchy has issues (orphans: 1)
    âœ… PASS: Combined validation detected issues

HierarchyIntegrityTest > test combined hierarchy validation PASSED

HierarchyIntegrityTest > test deep hierarchy detection - exceeds 50 levels STANDARD_OUT

    ========== TEST: Deep Hierarchy Detection ==========

    Hierarchy depth: 60 levels
    âš ï¸  EXCESSIVE DEPTH: 60 levels (limit: 50)
    âœ… PASS: Deep hierarchy correctly detected

HierarchyIntegrityTest > test deep hierarchy detection - exceeds 50 levels PASSED

AccessibilityNodeManagerTest > test track null returns null safely STANDARD_OUT
    INFO: Found org.robolectric:android-all-instrumented:13-robolectric-9030017-i4 in local maven repository

UUIDCreatorIntegrationTest > should handle positional voice commands[28] STANDARD_OUT
    INFO: Found org.robolectric:android-all-instrumented:9-robolectric-4913185-2-i4 in local maven repository

EventPriorityManagerTest > WINDOW_CONTENT_CHANGED is classified as MEDIUM STANDARD_ERROR
    WARNING: A Java agent has been loaded dynamically (/Users/manoj_mbpm14/.gradle/caches/modules-2/files-2.1/net.bytebuddy/byte-buddy-agent/1.14.9/dfb8707031008535048bad2b69735f46d0b6c5e5/byte-buddy-agent-1.14.9.jar)
    WARNING: If a serviceability tool is in use, please run with -XX:+EnableDynamicAgentLoading to hide this warning
    WARNING: If a serviceability tool is not in use, please run with -Djdk.instrument.traceUsage for more information
    WARNING: Dynamic loading of agents will be disallowed by default in a future release

GestureHandlerTest > testCanHandlePathGestures STANDARD_ERROR
    WARNING: A Java agent has been loaded dynamically (/Users/manoj_mbpm14/.gradle/caches/modules-2/files-2.1/net.bytebuddy/byte-buddy-agent/1.14.9/dfb8707031008535048bad2b69735f46d0b6c5e5/byte-buddy-agent-1.14.9.jar)
    WARNING: If a serviceability tool is in use, please run with -XX:+EnableDynamicAgentLoading to hide this warning
    WARNING: If a serviceability tool is not in use, please run with -Djdk.instrument.traceUsage for more information
    WARNING: Dynamic loading of agents will be disallowed by default in a future release

OverlayManagerTest > test hideAll clears all overlays STANDARD_ERROR
    WARNING: A Java agent has been loaded dynamically (/Users/manoj_mbpm14/.gradle/caches/modules-2/files-2.1/net.bytebuddy/byte-buddy-agent/1.14.9/dfb8707031008535048bad2b69735f46d0b6c5e5/byte-buddy-agent-1.14.9.jar)
    WARNING: If a serviceability tool is in use, please run with -XX:+EnableDynamicAgentLoading to hide this warning
    WARNING: If a serviceability tool is not in use, please run with -Djdk.instrument.traceUsage for more information
    WARNING: Dynamic loading of agents will be disallowed by default in a future release

ConfidenceOverlayTest > test overlay starts hidden STANDARD_ERROR
    WARNING: A Java agent has been loaded dynamically (/Users/manoj_mbpm14/.gradle/caches/modules-2/files-2.1/net.bytebuddy/byte-buddy-agent/1.14.9/dfb8707031008535048bad2b69735f46d0b6c5e5/byte-buddy-agent-1.14.9.jar)
    WARNING: If a serviceability tool is in use, please run with -XX:+EnableDynamicAgentLoading to hide this warning
    WARNING: If a serviceability tool is not in use, please run with -Djdk.instrument.traceUsage for more information
    WARNING: Dynamic loading of agents will be disallowed by default in a future release

SafeCursorManagerTest > test multiple cursors all tracked STANDARD_ERROR
    WARNING: A Java agent has been loaded dynamically (/Users/manoj_mbpm14/.gradle/caches/modules-2/files-2.1/net.bytebuddy/byte-buddy-agent/1.14.9/dfb8707031008535048bad2b69735f46d0b6c5e5/byte-buddy-agent-1.14.9.jar)
    WARNING: If a serviceability tool is in use, please run with -XX:+EnableDynamicAgentLoading to hide this warning
    WARNING: If a serviceability tool is not in use, please run with -Djdk.instrument.traceUsage for more information
    WARNING: Dynamic loading of agents will be disallowed by default in a future release

BatchTransactionManagerTest > test manager can be created STANDARD_ERROR
    WARNING: A Java agent has been loaded dynamically (/Users/manoj_mbpm14/.gradle/caches/modules-2/files-2.1/net.bytebuddy/byte-buddy-agent/1.14.9/dfb8707031008535048bad2b69735f46d0b6c5e5/byte-buddy-agent-1.14.9.jar)
    WARNING: If a serviceability tool is in use, please run with -XX:+EnableDynamicAgentLoading to hide this warning
    WARNING: If a serviceability tool is not in use, please run with -Djdk.instrument.traceUsage for more information
    WARNING: Dynamic loading of agents will be disallowed by default in a future release

EventPriorityManagerTest > WINDOW_CONTENT_CHANGED is classified as MEDIUM FAILED
    org.mockito.exceptions.base.MockitoException at EventPriorityManagerTest.kt:416
        Caused by: org.mockito.exceptions.base.MockitoException at EventPriorityManagerTest.kt:416
            Caused by: java.lang.IllegalStateException at EventPriorityManagerTest.kt:416
                Caused by: java.lang.IllegalArgumentException at EventPriorityManagerTest.kt:416

EventPriorityManagerTest > event type names mapped correctly FAILED
    org.mockito.exceptions.base.MockitoException at EventPriorityManagerTest.kt:416
        Caused by: org.mockito.exceptions.base.MockitoException at EventPriorityManagerTest.kt:416
            Caused by: java.lang.IllegalStateException at EventPriorityManagerTest.kt:416
                Caused by: java.lang.IllegalArgumentException at EventPriorityManagerTest.kt:416

SafeCursorManagerTest > test multiple cursors all tracked FAILED
    org.mockito.exceptions.base.MockitoException at SafeCursorManagerTest.kt:50
        Caused by: org.mockito.exceptions.base.MockitoException at SafeCursorManagerTest.kt:50
            Caused by: java.lang.IllegalStateException at SafeCursorManagerTest.kt:50
                Caused by: java.lang.IllegalArgumentException at SafeCursorManagerTest.kt:50

SafeCursorManagerTest > test use pattern executes block and closes FAILED
    org.mockito.exceptions.base.MockitoException at SafeCursorManagerTest.kt:50
        Caused by: org.mockito.exceptions.base.MockitoException at SafeCursorManagerTest.kt:50
            Caused by: java.lang.IllegalStateException at SafeCursorManagerTest.kt:50
                Caused by: java.lang.IllegalArgumentException at SafeCursorManagerTest.kt:50

SafeCursorManagerTest > test cursor extension function handles exceptions FAILED
    org.mockito.exceptions.base.MockitoException at SafeCursorManagerTest.kt:50
        Caused by: org.mockito.exceptions.base.MockitoException at SafeCursorManagerTest.kt:50
            Caused by: java.lang.IllegalStateException at SafeCursorManagerTest.kt:50
                Caused by: java.lang.IllegalArgumentException at SafeCursorManagerTest.kt:50

SafeCursorManagerTest > test cursor cleanup when exception thrown FAILED
    org.mockito.exceptions.base.MockitoException at SafeCursorManagerTest.kt:50
        Caused by: org.mockito.exceptions.base.MockitoException at SafeCursorManagerTest.kt:50
            Caused by: java.lang.IllegalStateException at SafeCursorManagerTest.kt:50
                Caused by: java.lang.IllegalArgumentException at SafeCursorManagerTest.kt:50

EventPriorityManagerTest > multiple event types processed correctly under varying pressure FAILED
    org.mockito.exceptions.base.MockitoException at EventPriorityManagerTest.kt:416
        Caused by: org.mockito.exceptions.base.MockitoException at EventPriorityManagerTest.kt:416
            Caused by: java.lang.IllegalStateException at EventPriorityManagerTest.kt:416
                Caused by: java.lang.IllegalArgumentException at EventPriorityManagerTest.kt:416

BatchTransactionManagerTest > test manager can be created FAILED
    org.mockito.exceptions.base.MockitoException at BatchTransactionManagerTest.kt:31
        Caused by: org.mockito.exceptions.base.MockitoException at BatchTransactionManagerTest.kt:31
            Caused by: java.lang.IllegalStateException at BatchTransactionManagerTest.kt:31
                Caused by: java.lang.IllegalArgumentException at BatchTransactionManagerTest.kt:31

SafeCursorManagerTest > test query helper method closes cursor automatically FAILED
    org.mockito.exceptions.base.MockitoException at SafeCursorManagerTest.kt:50
        Caused by: org.mockito.exceptions.base.MockitoException at SafeCursorManagerTest.kt:50
            Caused by: java.lang.IllegalStateException at SafeCursorManagerTest.kt:50
                Caused by: java.lang.IllegalArgumentException at SafeCursorManagerTest.kt:50

SafeCursorManagerTest > test manager implements AutoCloseable PASSED

EventPriorityManagerTest > unknown event type is classified as LOW FAILED
    org.mockito.exceptions.base.MockitoException at EventPriorityManagerTest.kt:416
        Caused by: org.mockito.exceptions.base.MockitoException at EventPriorityManagerTest.kt:416
            Caused by: java.lang.IllegalStateException at EventPriorityManagerTest.kt:416
                Caused by: java.lang.IllegalArgumentException at EventPriorityManagerTest.kt:416

SafeCursorManagerTest > test cursor extension function use exists FAILED
    org.mockito.exceptions.base.MockitoException at SafeCursorManagerTest.kt:50
        Caused by: org.mockito.exceptions.base.MockitoException at SafeCursorManagerTest.kt:50
            Caused by: java.lang.IllegalStateException at SafeCursorManagerTest.kt:50
                Caused by: java.lang.IllegalArgumentException at SafeCursorManagerTest.kt:50

SafeCursorManagerTest > test nested managers work independently FAILED
    org.mockito.exceptions.base.MockitoException at SafeCursorManagerTest.kt:50
        Caused by: org.mockito.exceptions.base.MockitoException at SafeCursorManagerTest.kt:50
            Caused by: java.lang.IllegalStateException at SafeCursorManagerTest.kt:50
                Caused by: java.lang.IllegalArgumentException at SafeCursorManagerTest.kt:50

SafeCursorManagerTest > test double close is safe FAILED
    org.mockito.exceptions.base.MockitoException at SafeCursorManagerTest.kt:50
        Caused by: org.mockito.exceptions.base.MockitoException at SafeCursorManagerTest.kt:50
            Caused by: java.lang.IllegalStateException at SafeCursorManagerTest.kt:50
                Caused by: java.lang.IllegalArgumentException at SafeCursorManagerTest.kt:50

SafeCursorManagerTest > test cursors managed on early return FAILED
    org.mockito.exceptions.base.MockitoException at SafeCursorManagerTest.kt:50
        Caused by: org.mockito.exceptions.base.MockitoException at SafeCursorManagerTest.kt:50
            Caused by: java.lang.IllegalStateException at SafeCursorManagerTest.kt:50
                Caused by: java.lang.IllegalArgumentException at SafeCursorManagerTest.kt:50

BatchTransactionManagerTest > test manager instance is valid FAILED
    org.mockito.exceptions.base.MockitoException at BatchTransactionManagerTest.kt:53
        Caused by: org.mockito.exceptions.base.MockitoException at BatchTransactionManagerTest.kt:53
            Caused by: java.lang.IllegalStateException at BatchTransactionManagerTest.kt:53
                Caused by: java.lang.IllegalArgumentException at BatchTransactionManagerTest.kt:53

SafeCursorManagerTest > test cursor close exception handled gracefully FAILED
    org.mockito.exceptions.base.MockitoException at SafeCursorManagerTest.kt:221
        Caused by: org.mockito.exceptions.base.MockitoException at SafeCursorManagerTest.kt:221
            Caused by: java.lang.IllegalStateException at SafeCursorManagerTest.kt:221
                Caused by: java.lang.IllegalArgumentException at SafeCursorManagerTest.kt:221

SafeCursorManagerTest > test track returns cursor for convenient usage FAILED
    org.mockito.exceptions.base.MockitoException at SafeCursorManagerTest.kt:50
        Caused by: org.mockito.exceptions.base.MockitoException at SafeCursorManagerTest.kt:50
            Caused by: java.lang.IllegalStateException at SafeCursorManagerTest.kt:50
                Caused by: java.lang.IllegalArgumentException at SafeCursorManagerTest.kt:50

SafeCursorManagerTest > test cursor tracked in manager FAILED
    org.mockito.exceptions.base.MockitoException at SafeCursorManagerTest.kt:50
        Caused by: org.mockito.exceptions.base.MockitoException at SafeCursorManagerTest.kt:50
            Caused by: java.lang.IllegalStateException at SafeCursorManagerTest.kt:50
                Caused by: java.lang.IllegalArgumentException at SafeCursorManagerTest.kt:50

CachedElementHierarchyTest > test no orphans created with cached parent (P1-2 validation) STANDARD_OUT

    ========== TEST: No Orphans with Cached Parent ==========

    Total elements: 3
    Total hierarchies: 2
    Orphaned elements: 0

    âœ… PASS: P1-2 fix prevents orphaned elements

CachedElementHierarchyTest > test no orphans created with cached parent (P1-2 validation) PASSED

CachedElementHierarchyTest > test multi-level hierarchy with cached grandparent STANDARD_OUT

    ========== TEST: Multi-Level Hierarchy with Cached Grandparent ==========

    Grandparent cached: id=100
    Parent scraped: id=101
    Child scraped: id=102
    Hierarchies: 2
      100 -> 101
      101 -> 102

    âœ… PASS: Multi-level hierarchy with cached grandparent works

CachedElementHierarchyTest > test multi-level hierarchy with cached grandparent PASSED

CachedElementHierarchyTest > test new parent with new children creates hierarchy (regression test) STANDARD_OUT

    ========== TEST: New Parent + New Children (Regression) ==========

    New parent: id=101
    New children: 2
    Hierarchies created: 2

    âœ… PASS: New parent + new children still works (no regression)

CachedElementHierarchyTest > test new parent with new children creates hierarchy (regression test) PASSED

CachedElementHierarchyTest > test cached element query performance STANDARD_OUT

    ========== TEST: Cached Element Query Performance ==========

    Cached elements: 100
    Database queries: 100
    Index used: true (FAST)

    âœ… PASS: Cached element queries are O(1) with index

CachedElementHierarchyTest > test cached element query performance PASSED

CachedElementHierarchyTest > test cached parent with multiple new children creates all hierarchies STANDARD_OUT

    ========== TEST: Cached Parent + Multiple New Children ==========

    Parent cached: id=101
    New children: 3
    Hierarchies created: 3

    âœ… PASS: All children linked to cached parent

CachedElementHierarchyTest > test cached parent with multiple new children creates all hierarchies PASSED

CachedElementHierarchyTest > test all cached elements - hierarchy preserved STANDARD_OUT

    ========== TEST: All Cached - Hierarchy Preserved ==========

    Cached elements: 3 (parent + 2 children)
    Existing hierarchies: 2
    New elements scraped: 0
    New hierarchies created: 0

    âœ… PASS: Existing hierarchy preserved when all cached

CachedElementHierarchyTest > test all cached elements - hierarchy preserved PASSED

CachedElementHierarchyTest > test cached parent with new child creates hierarchy STANDARD_OUT

    ========== TEST: Cached Parent + New Child (P1-2) ==========

    === SCRAPE 1: Initial State ===
    âœ“ Inserted parent (id=101, hash=parent-hash-1)
    âœ“ Inserted child (id=102, hash=child-hash-1)
    âœ“ Created hierarchy: 101 -> 102

    === SCRAPE 2: Parent Cached, New Child ===
    âœ“ Parent cached (id=101, returned id=101)
    âœ“ New child scraped (id=103, hash=child-hash-2)
    âœ“ Hierarchy created: 1 relationships

    âœ… PASS: Cached parent + new child creates hierarchy correctly

CachedElementHierarchyTest > test cached parent with new child creates hierarchy PASSED

BatchTransactionManagerTest > test manager supports transactions FAILED
    org.mockito.exceptions.base.MockitoException at BatchTransactionManagerTest.kt:42
        Caused by: org.mockito.exceptions.base.MockitoException at BatchTransactionManagerTest.kt:42
            Caused by: java.lang.IllegalStateException at BatchTransactionManagerTest.kt:42
                Caused by: java.lang.IllegalArgumentException at BatchTransactionManagerTest.kt:42

SafeNodeTraverserTest > test traverser can be created PASSED

EventPriorityManagerTest > HIGH priority events dropped only under HIGH memory pressure FAILED
    org.mockito.exceptions.base.MockitoException at EventPriorityManagerTest.kt:416
        Caused by: org.mockito.exceptions.base.MockitoException at EventPriorityManagerTest.kt:416
            Caused by: java.lang.IllegalStateException at EventPriorityManagerTest.kt:416
                Caused by: java.lang.IllegalArgumentException at EventPriorityManagerTest.kt:416

ConfidenceOverlayTest > test overlay starts hidden STANDARD_ERROR
    Nov 25, 2025 10:44:11 AM io.mockk.impl.log.JULLogger warn
    WARNING: Failed to transform class java/lang/Object
    java.lang.IllegalArgumentException: Java 24 (68) is not supported by the current version of Byte Buddy which officially supports Java 22 (66) - update Byte Buddy or set net.bytebuddy.experimental as a VM property
    	at net.bytebuddy.utility.OpenedClassReader.of(OpenedClassReader.java:100)
    	at net.bytebuddy.dynamic.scaffold.TypeWriter$Default$ForInlining.create(TypeWriter.java:4011)
    	at net.bytebuddy.dynamic.scaffold.TypeWriter$Default.make(TypeWriter.java:2224)
    	at net.bytebuddy.dynamic.DynamicType$Builder$AbstractBase$UsingTypeWriter.make(DynamicType.java:4055)
    	at net.bytebuddy.dynamic.DynamicType$Builder$AbstractBase.make(DynamicType.java:3739)
    	at io.mockk.proxy.jvm.transformation.InliningClassTransformer.transform(InliningClassTransformer.kt:81)
    	at java.instrument/java.lang.instrument.ClassFileTransformer.transform(ClassFileTransformer.java:257)
    	at java.instrument/sun.instrument.TransformerManager.transform(TransformerManager.java:188)
    	at java.instrument/sun.instrument.InstrumentationImpl.transform(InstrumentationImpl.java:594)
    	at java.instrument/sun.instrument.InstrumentationImpl.retransformClasses0(Native Method)
    	at java.instrument/sun.instrument.InstrumentationImpl.retransformClasses(InstrumentationImpl.java:221)
    	at io.mockk.proxy.jvm.transformation.JvmInlineInstrumentation.retransform(JvmInlineInstrumentation.kt:28)
    	at io.mockk.proxy.common.transformation.RetransformInlineInstrumentation$execute$1.invoke(RetransformInlineInstrumentation.kt:19)
    	at io.mockk.proxy.common.transformation.RetransformInlineInstrumentation$execute$1.invoke(RetransformInlineInstrumentation.kt:16)
    	at io.mockk.proxy.common.transformation.ClassTransformationSpecMap.applyTransformation(ClassTransformationSpecMap.kt:41)
    	at io.mockk.proxy.common.transformation.RetransformInlineInstrumentation.execute(RetransformInlineInstrumentation.kt:16)
    	at io.mockk.proxy.jvm.ProxyMaker.inline(ProxyMaker.kt:90)
    	at io.mockk.proxy.jvm.ProxyMaker.proxy(ProxyMaker.kt:34)
    	at io.mockk.impl.instantiation.JvmMockFactory.newProxy(JvmMockFactory.kt:34)
    	at io.mockk.impl.instantiation.AbstractMockFactory.newProxy$default(AbstractMockFactory.kt:24)
    	at io.mockk.impl.instantiation.AbstractMockFactory.mockk(AbstractMockFactory.kt:59)
    	at com.augmentalis.voiceoscore.accessibility.overlays.ConfidenceOverlayTest.setup(ConfidenceOverlayTest.kt:143)
    	at java.base/jdk.internal.reflect.DirectMethodHandleAccessor.invoke(DirectMethodHandleAccessor.java:104)
    	at java.base/java.lang.reflect.Method.invoke(Method.java:565)
    	at org.junit.runners.model.FrameworkMethod$1.runReflectiveCall(FrameworkMethod.java:59)
    	at org.junit.internal.runners.model.ReflectiveCallable.run(ReflectiveCallable.java:12)
    	at org.junit.runners.model.FrameworkMethod.invokeExplosively(FrameworkMethod.java:56)
    	at org.junit.internal.runners.statements.RunBefores.invokeMethod(RunBefores.java:33)
    	at org.junit.internal.runners.statements.RunBefores.evaluate(RunBefores.java:24)
    	at org.junit.runners.ParentRunner$3.evaluate(ParentRunner.java:306)
    	at org.junit.runners.BlockJUnit4ClassRunner$1.evaluate(BlockJUnit4ClassRunner.java:100)
    	at org.junit.runners.ParentRunner.runLeaf(ParentRunner.java:366)
    	at org.junit.runners.BlockJUnit4ClassRunner.runChild(BlockJUnit4ClassRunner.java:103)
    	at org.junit.runners.BlockJUnit4ClassRunner.runChild(BlockJUnit4ClassRunner.java:63)
    	at org.junit.runners.ParentRunner$4.run(ParentRunner.java:331)
    	at org.junit.runners.ParentRunner$1.schedule(ParentRunner.java:79)
    	at org.junit.runners.ParentRunner.runChildren(ParentRunner.java:329)
    	at org.junit.runners.ParentRunner.access$100(ParentRunner.java:66)
    	at org.junit.runners.ParentRunner$2.evaluate(ParentRunner.java:293)
    	at org.junit.runners.ParentRunner$3.evaluate(ParentRunner.java:306)
    	at org.junit.runners.ParentRunner.run(ParentRunner.java:413)
    	at org.gradle.api.internal.tasks.testing.junit.JUnitTestClassExecutor.runTestClass(JUnitTestClassExecutor.java:112)
    	at org.gradle.api.internal.tasks.testing.junit.JUnitTestClassExecutor.execute(JUnitTestClassExecutor.java:58)
    	at org.gradle.api.internal.tasks.testing.junit.JUnitTestClassExecutor.execute(JUnitTestClassExecutor.java:40)
    	at org.gradle.api.internal.tasks.testing.junit.AbstractJUnitTestClassProcessor.processTestClass(AbstractJUnitTestClassProcessor.java:54)
    	at org.gradle.api.internal.tasks.testing.SuiteTestClassProcessor.processTestClass(SuiteTestClassProcessor.java:53)
    	at java.base/jdk.internal.reflect.DirectMethodHandleAccessor.invoke(DirectMethodHandleAccessor.java:104)
    	at java.base/java.lang.reflect.Method.invoke(Method.java:565)
    	at org.gradle.internal.dispatch.ReflectionDispatch.dispatch(ReflectionDispatch.java:36)
    	at org.gradle.internal.dispatch.ReflectionDispatch.dispatch(ReflectionDispatch.java:24)
    	at org.gradle.internal.dispatch.ContextClassLoaderDispatch.dispatch(ContextClassLoaderDispatch.java:33)
    	at org.gradle.internal.dispatch.ProxyDispatchAdapter$DispatchingInvocationHandler.invoke(ProxyDispatchAdapter.java:92)
    	at jdk.proxy1/jdk.proxy1.$Proxy4.processTestClass(Unknown Source)
    	at org.gradle.api.internal.tasks.testing.worker.TestWorker$2.run(TestWorker.java:183)
    	at org.gradle.api.internal.tasks.testing.worker.TestWorker.executeAndMaintainThreadName(TestWorker.java:132)
    	at org.gradle.api.internal.tasks.testing.worker.TestWorker.execute(TestWorker.java:103)
    	at org.gradle.api.internal.tasks.testing.worker.TestWorker.execute(TestWorker.java:63)
    	at org.gradle.process.internal.worker.child.ActionExecutionWorker.execute(ActionExecutionWorker.java:56)
    	at org.gradle.process.internal.worker.child.SystemApplicationClassLoaderWorker.call(SystemApplicationClassLoaderWorker.java:121)
    	at org.gradle.process.internal.worker.child.SystemApplicationClassLoaderWorker.call(SystemApplicationClassLoaderWorker.java:71)
    	at worker.org.gradle.process.internal.worker.GradleWorkerMain.run(GradleWorkerMain.java:69)
    	at worker.org.gradle.process.internal.worker.GradleWorkerMain.main(GradleWorkerMain.java:74)


AccessibilityNodeManagerTest > test track null returns null safely STANDARD_OUT
    com.augmentalis.voiceoscore.lifecycle.AccessibilityNodeManagerTest.test track null returns null safely: sdk=33; resources=BINARY

SafeNodeTraverserTest > test traversal order is depth-first PASSED

UUIDCreatorIntegrationTest > should handle positional voice commands[28] STANDARD_OUT
    com.augmentalis.voiceoscore.accessibility.integration.UUIDCreatorIntegrationTest.should handle positional voice commands: sdk=28; resources=BINARY

OverlayManagerTest > test hideAll clears all overlays STANDARD_ERROR
    Nov 25, 2025 10:44:11 AM io.mockk.impl.log.JULLogger warn
    WARNING: Failed to transform class java/lang/Object
    java.lang.IllegalArgumentException: Java 24 (68) is not supported by the current version of Byte Buddy which officially supports Java 22 (66) - update Byte Buddy or set net.bytebuddy.experimental as a VM property
    	at net.bytebuddy.utility.OpenedClassReader.of(OpenedClassReader.java:100)
    	at net.bytebuddy.dynamic.scaffold.TypeWriter$Default$ForInlining.create(TypeWriter.java:4011)
    	at net.bytebuddy.dynamic.scaffold.TypeWriter$Default.make(TypeWriter.java:2224)
    	at net.bytebuddy.dynamic.DynamicType$Builder$AbstractBase$UsingTypeWriter.make(DynamicType.java:4055)
    	at net.bytebuddy.dynamic.DynamicType$Builder$AbstractBase.make(DynamicType.java:3739)
    	at io.mockk.proxy.jvm.transformation.InliningClassTransformer.transform(InliningClassTransformer.kt:81)
    	at java.instrument/java.lang.instrument.ClassFileTransformer.transform(ClassFileTransformer.java:257)
    	at java.instrument/sun.instrument.TransformerManager.transform(TransformerManager.java:188)
    	at java.instrument/sun.instrument.InstrumentationImpl.transform(InstrumentationImpl.java:594)
    	at java.instrument/sun.instrument.InstrumentationImpl.retransformClasses0(Native Method)
    	at java.instrument/sun.instrument.InstrumentationImpl.retransformClasses(InstrumentationImpl.java:221)
    	at io.mockk.proxy.jvm.transformation.JvmInlineInstrumentation.retransform(JvmInlineInstrumentation.kt:28)
    	at io.mockk.proxy.common.transformation.RetransformInlineInstrumentation$execute$1.invoke(RetransformInlineInstrumentation.kt:19)
    	at io.mockk.proxy.common.transformation.RetransformInlineInstrumentation$execute$1.invoke(RetransformInlineInstrumentation.kt:16)
    	at io.mockk.proxy.common.transformation.ClassTransformationSpecMap.applyTransformation(ClassTransformationSpecMap.kt:41)
    	at io.mockk.proxy.common.transformation.RetransformInlineInstrumentation.execute(RetransformInlineInstrumentation.kt:16)
    	at io.mockk.proxy.jvm.ProxyMaker.inline(ProxyMaker.kt:90)
    	at io.mockk.proxy.jvm.ProxyMaker.proxy(ProxyMaker.kt:34)
    	at io.mockk.impl.instantiation.JvmMockFactory.newProxy(JvmMockFactory.kt:34)
    	at io.mockk.impl.instantiation.AbstractMockFactory.newProxy$default(AbstractMockFactory.kt:24)
    	at io.mockk.impl.instantiation.AbstractMockFactory.mockk(AbstractMockFactory.kt:59)
    	at com.augmentalis.voiceoscore.accessibility.overlays.OverlayManagerTest.setup(OverlayManagerTest.kt:267)
    	at java.base/jdk.internal.reflect.DirectMethodHandleAccessor.invoke(DirectMethodHandleAccessor.java:104)
    	at java.base/java.lang.reflect.Method.invoke(Method.java:565)
    	at org.junit.runners.model.FrameworkMethod$1.runReflectiveCall(FrameworkMethod.java:59)
    	at org.junit.internal.runners.model.ReflectiveCallable.run(ReflectiveCallable.java:12)
    	at org.junit.runners.model.FrameworkMethod.invokeExplosively(FrameworkMethod.java:56)
    	at org.junit.internal.runners.statements.RunBefores.invokeMethod(RunBefores.java:33)
    	at org.junit.internal.runners.statements.RunBefores.evaluate(RunBefores.java:24)
    	at org.junit.internal.runners.statements.RunAfters.evaluate(RunAfters.java:27)
    	at org.junit.runners.ParentRunner$3.evaluate(ParentRunner.java:306)
    	at org.junit.runners.BlockJUnit4ClassRunner$1.evaluate(BlockJUnit4ClassRunner.java:100)
    	at org.junit.runners.ParentRunner.runLeaf(ParentRunner.java:366)
    	at org.junit.runners.BlockJUnit4ClassRunner.runChild(BlockJUnit4ClassRunner.java:103)
    	at org.junit.runners.BlockJUnit4ClassRunner.runChild(BlockJUnit4ClassRunner.java:63)
    	at org.junit.runners.ParentRunner$4.run(ParentRunner.java:331)
    	at org.junit.runners.ParentRunner$1.schedule(ParentRunner.java:79)
    	at org.junit.runners.ParentRunner.runChildren(ParentRunner.java:329)
    	at org.junit.runners.ParentRunner.access$100(ParentRunner.java:66)
    	at org.junit.runners.ParentRunner$2.evaluate(ParentRunner.java:293)
    	at org.junit.runners.ParentRunner$3.evaluate(ParentRunner.java:306)
    	at org.junit.runners.ParentRunner.run(ParentRunner.java:413)
    	at org.gradle.api.internal.tasks.testing.junit.JUnitTestClassExecutor.runTestClass(JUnitTestClassExecutor.java:112)
    	at org.gradle.api.internal.tasks.testing.junit.JUnitTestClassExecutor.execute(JUnitTestClassExecutor.java:58)
    	at org.gradle.api.internal.tasks.testing.junit.JUnitTestClassExecutor.execute(JUnitTestClassExecutor.java:40)
    	at org.gradle.api.internal.tasks.testing.junit.AbstractJUnitTestClassProcessor.processTestClass(AbstractJUnitTestClassProcessor.java:54)
    	at org.gradle.api.internal.tasks.testing.SuiteTestClassProcessor.processTestClass(SuiteTestClassProcessor.java:53)
    	at java.base/jdk.internal.reflect.DirectMethodHandleAccessor.invoke(DirectMethodHandleAccessor.java:104)
    	at java.base/java.lang.reflect.Method.invoke(Method.java:565)
    	at org.gradle.internal.dispatch.ReflectionDispatch.dispatch(ReflectionDispatch.java:36)
    	at org.gradle.internal.dispatch.ReflectionDispatch.dispatch(ReflectionDispatch.java:24)
    	at org.gradle.internal.dispatch.ContextClassLoaderDispatch.dispatch(ContextClassLoaderDispatch.java:33)
    	at org.gradle.internal.dispatch.ProxyDispatchAdapter$DispatchingInvocationHandler.invoke(ProxyDispatchAdapter.java:92)
    	at jdk.proxy1/jdk.proxy1.$Proxy4.processTestClass(Unknown Source)
    	at org.gradle.api.internal.tasks.testing.worker.TestWorker$2.run(TestWorker.java:183)
    	at org.gradle.api.internal.tasks.testing.worker.TestWorker.executeAndMaintainThreadName(TestWorker.java:132)
    	at org.gradle.api.internal.tasks.testing.worker.TestWorker.execute(TestWorker.java:103)
    	at org.gradle.api.internal.tasks.testing.worker.TestWorker.execute(TestWorker.java:63)
    	at org.gradle.process.internal.worker.child.ActionExecutionWorker.execute(ActionExecutionWorker.java:56)
    	at org.gradle.process.internal.worker.child.SystemApplicationClassLoaderWorker.call(SystemApplicationClassLoaderWorker.java:121)
    	at org.gradle.process.internal.worker.child.SystemApplicationClassLoaderWorker.call(SystemApplicationClassLoaderWorker.java:71)
    	at worker.org.gradle.process.internal.worker.GradleWorkerMain.run(GradleWorkerMain.java:69)
    	at worker.org.gradle.process.internal.worker.GradleWorkerMain.main(GradleWorkerMain.java:74)


SafeNodeTraverserTest > test self-reference detected PASSED

EventPriorityManagerTest > VIEW_LONG_CLICKED is classified as CRITICAL FAILED
    org.mockito.exceptions.base.MockitoException at EventPriorityManagerTest.kt:416
        Caused by: org.mockito.exceptions.base.MockitoException at EventPriorityManagerTest.kt:416
            Caused by: java.lang.IllegalStateException at EventPriorityManagerTest.kt:416
                Caused by: java.lang.IllegalArgumentException at EventPriorityManagerTest.kt:416

SafeNodeTraverserTest > test depth tracking is accurate PASSED

EventPriorityManagerTest > LOW priority events dropped under any memory pressure FAILED
    org.mockito.exceptions.base.MockitoException at EventPriorityManagerTest.kt:416
        Caused by: org.mockito.exceptions.base.MockitoException at EventPriorityManagerTest.kt:416
            Caused by: java.lang.IllegalStateException at EventPriorityManagerTest.kt:416
                Caused by: java.lang.IllegalArgumentException at EventPriorityManagerTest.kt:416

EventPriorityManagerTest > no memory pressure scenario - all events processed FAILED
    org.mockito.exceptions.base.MockitoException at EventPriorityManagerTest.kt:416
        Caused by: org.mockito.exceptions.base.MockitoException at EventPriorityManagerTest.kt:416
            Caused by: java.lang.IllegalStateException at EventPriorityManagerTest.kt:416
                Caused by: java.lang.IllegalArgumentException at EventPriorityManagerTest.kt:416

GestureHandlerTest > testCanHandlePathGestures STANDARD_ERROR
    Nov 25, 2025 10:44:11 AM io.mockk.impl.log.JULLogger warn
    WARNING: Failed to transform class java/lang/Object
    java.lang.IllegalArgumentException: Java 24 (68) is not supported by the current version of Byte Buddy which officially supports Java 22 (66) - update Byte Buddy or set net.bytebuddy.experimental as a VM property
    	at net.bytebuddy.utility.OpenedClassReader.of(OpenedClassReader.java:100)
    	at net.bytebuddy.dynamic.scaffold.TypeWriter$Default$ForInlining.create(TypeWriter.java:4011)
    	at net.bytebuddy.dynamic.scaffold.TypeWriter$Default.make(TypeWriter.java:2224)
    	at net.bytebuddy.dynamic.DynamicType$Builder$AbstractBase$UsingTypeWriter.make(DynamicType.java:4055)
    	at net.bytebuddy.dynamic.DynamicType$Builder$AbstractBase.make(DynamicType.java:3739)
    	at io.mockk.proxy.jvm.transformation.InliningClassTransformer.transform(InliningClassTransformer.kt:81)
    	at java.instrument/java.lang.instrument.ClassFileTransformer.transform(ClassFileTransformer.java:257)
    	at java.instrument/sun.instrument.TransformerManager.transform(TransformerManager.java:188)
    	at java.instrument/sun.instrument.InstrumentationImpl.transform(InstrumentationImpl.java:594)
    	at java.instrument/sun.instrument.InstrumentationImpl.retransformClasses0(Native Method)
    	at java.instrument/sun.instrument.InstrumentationImpl.retransformClasses(InstrumentationImpl.java:221)
    	at io.mockk.proxy.jvm.transformation.JvmInlineInstrumentation.retransform(JvmInlineInstrumentation.kt:28)
    	at io.mockk.proxy.common.transformation.RetransformInlineInstrumentation$execute$1.invoke(RetransformInlineInstrumentation.kt:19)
    	at io.mockk.proxy.common.transformation.RetransformInlineInstrumentation$execute$1.invoke(RetransformInlineInstrumentation.kt:16)
    	at io.mockk.proxy.common.transformation.ClassTransformationSpecMap.applyTransformation(ClassTransformationSpecMap.kt:41)
    	at io.mockk.proxy.common.transformation.RetransformInlineInstrumentation.execute(RetransformInlineInstrumentation.kt:16)
    	at io.mockk.proxy.jvm.ProxyMaker.inline(ProxyMaker.kt:90)
    	at io.mockk.proxy.jvm.ProxyMaker.proxy(ProxyMaker.kt:34)

SafeNodeTraverserTest > test complex circular graph handled correctly PASSED

GestureHandlerTest > testCanHandlePathGestures STANDARD_ERROR
    	at io.mockk.impl.instantiation.JvmMockFactory.newProxy(JvmMockFactory.kt:34)
    	at io.mockk.impl.instantiation.AbstractMockFactory.newProxy$default(AbstractMockFactory.kt:24)
    	at io.mockk.impl.instantiation.AbstractMockFactory.mockk(AbstractMockFactory.kt:59)
    	at com.augmentalis.voiceoscore.accessibility.handlers.GestureHandlerTest.setUp(GestureHandlerTest.kt:657)
    	at java.base/jdk.internal.reflect.DirectMethodHandleAccessor.invoke(DirectMethodHandleAccessor.java:104)
    	at java.base/java.lang.reflect.Method.invoke(Method.java:565)
    	at org.junit.runners.model.FrameworkMethod$1.runReflectiveCall(FrameworkMethod.java:59)
    	at org.junit.internal.runners.model.ReflectiveCallable.run(ReflectiveCallable.java:12)
    	at org.junit.runners.model.FrameworkMethod.invokeExplosively(FrameworkMethod.java:56)
    	at org.junit.internal.runners.statements.RunBefores.invokeMethod(RunBefores.java:33)
    	at org.junit.internal.runners.statements.RunBefores.evaluate(RunBefores.java:24)
    	at org.junit.internal.runners.statements.RunAfters.evaluate(RunAfters.java:27)
    	at org.junit.runners.ParentRunner$3.evaluate(ParentRunner.java:306)
    	at org.junit.runners.BlockJUnit4ClassRunner$1.evaluate(BlockJUnit4ClassRunner.java:100)
    	at org.junit.runners.ParentRunner.runLeaf(ParentRunner.java:366)
    	at org.junit.runners.BlockJUnit4ClassRunner.runChild(BlockJUnit4ClassRunner.java:103)
    	at org.junit.runners.BlockJUnit4ClassRunner.runChild(BlockJUnit4ClassRunner.java:63)
    	at org.junit.runners.ParentRunner$4.run(ParentRunner.java:331)
    	at org.junit.runners.ParentRunner$1.schedule(ParentRunner.java:79)
    	at org.junit.runners.ParentRunner.runChildren(ParentRunner.java:329)
    	at org.junit.runners.ParentRunner.access$100(ParentRunner.java:66)
    	at org.junit.runners.ParentRunner$2.evaluate(ParentRunner.java:293)
    	at org.junit.runners.ParentRunner$3.evaluate(ParentRunner.java:306)
    	at org.junit.runners.ParentRunner.run(ParentRunner.java:413)
    	at org.gradle.api.internal.tasks.testing.junit.JUnitTestClassExecutor.runTestClass(JUnitTestClassExecutor.java:112)
    	at org.gradle.api.internal.tasks.testing.junit.JUnitTestClassExecutor.execute(JUnitTestClassExecutor.java:58)
    	at org.gradle.api.internal.tasks.testing.junit.JUnitTestClassExecutor.execute(JUnitTestClassExecutor.java:40)
    	at org.gradle.api.internal.tasks.testing.junit.AbstractJUnitTestClassProcessor.processTestClass(AbstractJUnitTestClassProcessor.java:54)
    	at org.gradle.api.internal.tasks.testing.SuiteTestClassProcessor.processTestClass(SuiteTestClassProcessor.java:53)
    	at java.base/jdk.internal.reflect.DirectMethodHandleAccessor.invoke(DirectMethodHandleAccessor.java:104)
    	at java.base/java.lang.reflect.Method.invoke(Method.java:565)
    	at org.gradle.internal.dispatch.ReflectionDispatch.dispatch(ReflectionDispatch.java:36)
    	at org.gradle.internal.dispatch.ReflectionDispatch.dispatch(ReflectionDispatch.java:24)
    	at org.gradle.internal.dispatch.ContextClassLoaderDispatch.dispatch(ContextClassLoaderDispatch.java:33)
    	at org.gradle.internal.dispatch.ProxyDispatchAdapter$DispatchingInvocationHandler.invoke(ProxyDispatchAdapter.java:92)
    	at jdk.proxy1/jdk.proxy1.$Proxy4.processTestClass(Unknown Source)
    	at org.gradle.api.internal.tasks.testing.worker.TestWorker$2.run(TestWorker.java:183)
    	at org.gradle.api.internal.tasks.testing.worker.TestWorker.executeAndMaintainThreadName(TestWorker.java:132)
    	at org.gradle.api.internal.tasks.testing.worker.TestWorker.execute(TestWorker.java:103)
    	at org.gradle.api.internal.tasks.testing.worker.TestWorker.execute(TestWorker.java:63)
    	at org.gradle.process.internal.worker.child.ActionExecutionWorker.execute(ActionExecutionWorker.java:56)
    	at org.gradle.process.internal.worker.child.SystemApplicationClassLoaderWorker.call(SystemApplicationClassLoaderWorker.java:121)
    	at org.gradle.process.internal.worker.child.SystemApplicationClassLoaderWorker.call(SystemApplicationClassLoaderWorker.java:71)
    	at worker.org.gradle.process.internal.worker.GradleWorkerMain.run(GradleWorkerMain.java:69)
    	at worker.org.gradle.process.internal.worker.GradleWorkerMain.main(GradleWorkerMain.java:74)


SafeNodeTraverserTest > test empty tree with single root node PASSED

EventPriorityManagerTest > VIEW_SELECTED is classified as LOW FAILED
    org.mockito.exceptions.base.MockitoException at EventPriorityManagerTest.kt:416
        Caused by: org.mockito.exceptions.base.MockitoException at EventPriorityManagerTest.kt:416
            Caused by: java.lang.IllegalStateException at EventPriorityManagerTest.kt:416
                Caused by: java.lang.IllegalArgumentException at EventPriorityManagerTest.kt:416

SafeNodeTraverserTest > test early termination when predicate returns false PASSED

SafeNodeTraverserTest > test cycle detection uses node identity PASSED

EventPriorityManagerTest > metrics track dropped events correctly FAILED
    org.mockito.exceptions.base.MockitoException at EventPriorityManagerTest.kt:416
        Caused by: org.mockito.exceptions.base.MockitoException at EventPriorityManagerTest.kt:416
            Caused by: java.lang.IllegalStateException at EventPriorityManagerTest.kt:416
                Caused by: java.lang.IllegalArgumentException at EventPriorityManagerTest.kt:416

SafeNodeTraverserTest > test null children handled gracefully PASSED

EventPriorityManagerTest > MEDIUM priority events dropped under MEDIUM and HIGH memory pressure FAILED
    org.mockito.exceptions.base.MockitoException at EventPriorityManagerTest.kt:416
        Caused by: org.mockito.exceptions.base.MockitoException at EventPriorityManagerTest.kt:416
            Caused by: java.lang.IllegalStateException at EventPriorityManagerTest.kt:416
                Caused by: java.lang.IllegalArgumentException at EventPriorityManagerTest.kt:416

SafeNodeTraverserTest > test maximum depth limit enforced PASSED

EventPriorityManagerTest > all events processed when no memory pressure FAILED
    org.mockito.exceptions.base.MockitoException at EventPriorityManagerTest.kt:416
        Caused by: org.mockito.exceptions.base.MockitoException at EventPriorityManagerTest.kt:416
            Caused by: java.lang.IllegalStateException at EventPriorityManagerTest.kt:416
                Caused by: java.lang.IllegalArgumentException at EventPriorityManagerTest.kt:416

EventPriorityManagerTest > metrics track processed events correctly FAILED
    org.mockito.exceptions.base.MockitoException at EventPriorityManagerTest.kt:416
        Caused by: org.mockito.exceptions.base.MockitoException at EventPriorityManagerTest.kt:416
            Caused by: java.lang.IllegalStateException at EventPriorityManagerTest.kt:416
                Caused by: java.lang.IllegalArgumentException at EventPriorityManagerTest.kt:416

ConfidenceOverlayTest > test overlay starts hidden PASSED

ConfidenceOverlayTest > test updateConfidence does not throw PASSED

ConfidenceOverlayTest > test dispose cleans up PASSED

ConfidenceOverlayTest > test show makes overlay visible PASSED

ConfidenceOverlayTest > test multiple show calls handle gracefully PASSED

ConfidenceOverlayTest > test hide when not showing handles gracefully PASSED

ConfidenceOverlayTest > test hide makes overlay invisible PASSED

UUIDIntegrationTest > test combined UUID metrics STANDARD_OUT

    ========== TEST: Combined UUID Metrics ==========

    UUID Generation: 98/100 (98%)
    UUID Registration: 96/98 (97%)
    UUID Coverage: 98%
    âœ… PASS: All UUID metrics healthy

UUIDIntegrationTest > test combined UUID metrics PASSED

UUIDIntegrationTest > test UUID uniqueness - detects duplicate UUIDs STANDARD_OUT

    ========== TEST: UUID Uniqueness - Duplicate Detection ==========

    Total UUIDs: 6
    Unique UUIDs: 4
    Duplicate UUIDs found: 2
      âš ï¸  UUID 'uuid-002' appears 2 times
      âš ï¸  UUID 'uuid-003' appears 2 times

SafeNodeTraverserTest > test large tree traversal doesn't stack overflow PASSED

UUIDIntegrationTest > test UUID uniqueness - detects duplicate UUIDs STANDARD_OUT
    âœ… PASS: Duplicate UUIDs correctly detected

UUIDIntegrationTest > test UUID uniqueness - detects duplicate UUIDs PASSED

UUIDIntegrationTest > test UUID generation metrics - detects low generation rate STANDARD_OUT

    ========== TEST: UUID Generation - Low Rate Detection ==========

    Total elements: 100
    Elements with UUID: 75
    Elements without UUID: 25
    UUID Generation Rate: 75%
    âš ï¸  WARNING: LOW UUID generation rate: 75%
    âœ… PASS: Low generation rate correctly detected

UUIDIntegrationTest > test UUID generation metrics - detects low generation rate PASSED

UUIDIntegrationTest > test UUID registration metrics - all UUIDs registered STANDARD_OUT

    ========== TEST: UUID Registration - 100% Success ==========

    Elements with UUID: 10
    Successfully registered: 10
    UUID Registration Rate: 100%
    âœ… PASS: 100% UUID registration rate

UUIDIntegrationTest > test UUID registration metrics - all UUIDs registered PASSED

UUIDIntegrationTest > test UUID metrics - handles zero elements STANDARD_OUT

    ========== TEST: UUID Metrics - Zero Elements ==========

    Generation Rate: 100% (no elements)
    Registration Rate: 100% (no UUIDs)
    âœ… PASS: Zero element case handled correctly

UUIDIntegrationTest > test UUID metrics - handles zero elements PASSED

UUIDIntegrationTest > test UUID uniqueness - all UUIDs are unique STANDARD_OUT

    ========== TEST: UUID Uniqueness - No Duplicates ==========

    Total UUIDs: 5
    Unique UUIDs: 5
    âœ… PASS: All UUIDs are unique

UUIDIntegrationTest > test UUID uniqueness - all UUIDs are unique PASSED

UUIDIntegrationTest > test UUID registration metrics - detects low registration rate STANDARD_OUT

    ========== TEST: UUID Registration - Low Rate Detection ==========

    Elements with UUID: 100
    Successfully registered: 85
    Registration failures: 15
    UUID Registration Rate: 85%
    âš ï¸  WARNING: LOW UUID registration rate: 85%
    âœ… PASS: Low registration rate correctly detected

UUIDIntegrationTest > test UUID registration metrics - detects low registration rate PASSED

UUIDIntegrationTest > test UUID generation metrics - all elements have UUIDs STANDARD_OUT

    ========== TEST: UUID Generation - 100% Success ==========

    Total elements: 10
    Elements with UUID: 10
    Elements without UUID: 0
    UUID Generation Rate: 100%
    âœ… PASS: 100% UUID generation rate, no warnings

UUIDIntegrationTest > test UUID generation metrics - all elements have UUIDs PASSED

UUIDIntegrationTest > test UUID coverage - measure percentage with UUIDs STANDARD_OUT

    ========== TEST: UUID Coverage Measurement ==========

    Total elements: 100
    Elements with UUID: 95
    Elements without UUID: 5
    UUID Coverage: 95%
    âœ… PASS: UUID coverage measured at 95%

UUIDIntegrationTest > test UUID coverage - measure percentage with UUIDs PASSED

UUIDIntegrationTest > test UUID coverage - identifies low coverage STANDARD_OUT

    ========== TEST: UUID Coverage - Low Coverage Detection ==========

    Total elements: 1000
    Elements with UUID: 450
    Elements without UUID: 550
    UUID Coverage: 45%
    âš ï¸  LOW UUID COVERAGE: 45%
       Recommendation: Re-scrape apps to populate UUIDs
    âœ… PASS: Low coverage correctly identified

UUIDIntegrationTest > test UUID coverage - identifies low coverage PASSED

EventPriorityManagerTest > resetMetrics clears all counters FAILED
    org.mockito.exceptions.base.MockitoException at EventPriorityManagerTest.kt:416
        Caused by: org.mockito.exceptions.base.MockitoException at EventPriorityManagerTest.kt:416
            Caused by: java.lang.IllegalStateException at EventPriorityManagerTest.kt:416
                Caused by: java.lang.IllegalArgumentException at EventPriorityManagerTest.kt:416

SafeNodeTraverserTest > test circular reference detected and prevented PASSED

EventPriorityManagerTest > VIEW_CLICKED is classified as CRITICAL FAILED
    org.mockito.exceptions.base.MockitoException at EventPriorityManagerTest.kt:416
        Caused by: org.mockito.exceptions.base.MockitoException at EventPriorityManagerTest.kt:416
            Caused by: java.lang.IllegalStateException at EventPriorityManagerTest.kt:416
                Caused by: java.lang.IllegalArgumentException at EventPriorityManagerTest.kt:416

SafeNodeTraverserTest > test simple tree traversal PASSED

EventPriorityManagerTest > VIEW_SCROLLED is classified as LOW FAILED
    org.mockito.exceptions.base.MockitoException at EventPriorityManagerTest.kt:416
        Caused by: org.mockito.exceptions.base.MockitoException at EventPriorityManagerTest.kt:416
            Caused by: java.lang.IllegalStateException at EventPriorityManagerTest.kt:416
                Caused by: java.lang.IllegalArgumentException at EventPriorityManagerTest.kt:416

SafeNodeTraverserTest > test performance with 1000 node tree PASSED

SafeNodeTraverserTest > test wide tree traversal with many children PASSED

EventPriorityManagerTest > VIEW_FOCUSED is classified as LOW FAILED
    org.mockito.exceptions.base.MockitoException at EventPriorityManagerTest.kt:416
        Caused by: org.mockito.exceptions.base.MockitoException at EventPriorityManagerTest.kt:416
            Caused by: java.lang.IllegalStateException at EventPriorityManagerTest.kt:416
                Caused by: java.lang.IllegalArgumentException at EventPriorityManagerTest.kt:416

OverlayManagerTest > test hideAll clears all overlays PASSED

OverlayManagerTest > test singleton instance PASSED

OverlayManagerTest > test showListening convenience method PASSED

OverlayManagerTest > test showSuccess convenience method PASSED

OverlayManagerTest > test showCommandStatus adds to active overlays PASSED

EventPriorityManagerTest > metrics with no events return zero stats FAILED
    org.mockito.exceptions.base.MockitoException at EventPriorityManagerTest.kt:416
        Caused by: org.mockito.exceptions.base.MockitoException at EventPriorityManagerTest.kt:416
            Caused by: java.lang.IllegalStateException at EventPriorityManagerTest.kt:416
                Caused by: java.lang.IllegalArgumentException at EventPriorityManagerTest.kt:416

OverlayManagerTest > test showNumberedSelection adds to active overlays PASSED

OverlayManagerTest > test getActiveOverlays returns correct set PASSED

OverlayManagerTest > test showProcessing convenience method PASSED

OverlayManagerTest > test showExecuting convenience method PASSED

OverlayManagerTest > test showContextMenu hides conflicting overlays PASSED

OverlayManagerTest > test showError convenience method PASSED

OverlayManagerTest > test dispose clears all state PASSED

OverlayManagerTest > test showNumberedSelection hides conflicting overlays PASSED

OverlayManagerTest > test showConfidence adds to active overlays PASSED

OverlayManagerTest > test showContextMenu adds to active overlays PASSED

OverlayManagerTest > test hideConfidence removes from active overlays PASSED

EventPriorityManagerTest > VIEW_TEXT_CHANGED is classified as CRITICAL FAILED
    org.mockito.exceptions.base.MockitoException at EventPriorityManagerTest.kt:416
        Caused by: org.mockito.exceptions.base.MockitoException at EventPriorityManagerTest.kt:416
            Caused by: java.lang.IllegalStateException at EventPriorityManagerTest.kt:416
                Caused by: java.lang.IllegalArgumentException at EventPriorityManagerTest.kt:416

EventPriorityManagerTest > CRITICAL events always processed regardless of memory pressure FAILED
    org.mockito.exceptions.base.MockitoException at EventPriorityManagerTest.kt:416
        Caused by: org.mockito.exceptions.base.MockitoException at EventPriorityManagerTest.kt:416
            Caused by: java.lang.IllegalStateException at EventPriorityManagerTest.kt:416
                Caused by: java.lang.IllegalArgumentException at EventPriorityManagerTest.kt:416

UUIDCreatorIntegrationTest > should handle positional voice commands[28] STANDARD_OUT
    INFO: Found org.robolectric:android-all-instrumented:14-robolectric-10818077-i4 in local maven repository

GestureHandlerTest > testCanHandlePathGestures PASSED

EventPriorityManagerTest > metrics calculate drop rate by priority correctly FAILED
    org.mockito.exceptions.base.MockitoException at EventPriorityManagerTest.kt:416
        Caused by: org.mockito.exceptions.base.MockitoException at EventPriorityManagerTest.kt:416
            Caused by: java.lang.IllegalStateException at EventPriorityManagerTest.kt:416
                Caused by: java.lang.IllegalArgumentException at EventPriorityManagerTest.kt:416

EventPriorityManagerTest > high memory pressure scenario - only critical events processed FAILED
    org.mockito.exceptions.base.MockitoException at EventPriorityManagerTest.kt:416
        Caused by: org.mockito.exceptions.base.MockitoException at EventPriorityManagerTest.kt:416
            Caused by: java.lang.IllegalStateException at EventPriorityManagerTest.kt:416
                Caused by: java.lang.IllegalArgumentException at EventPriorityManagerTest.kt:416

GestureHandlerTest > testSwipeDefaultDirection PASSED

GestureHandlerTest > testCannotHandleInvalidActions PASSED

GestureHandlerTest > testPathGestureEmptyPath PASSED

GestureHandlerTest > testPathGestureMissingPath PASSED

GestureHandlerTest > testSwipeUpGesture PASSED

GestureHandlerTest > testSwipeRightGesture PASSED

EventPriorityManagerTest > WINDOW_STATE_CHANGED is classified as HIGH FAILED
    org.mockito.exceptions.base.MockitoException at EventPriorityManagerTest.kt:416
        Caused by: org.mockito.exceptions.base.MockitoException at EventPriorityManagerTest.kt:416
            Caused by: java.lang.IllegalStateException at EventPriorityManagerTest.kt:416
                Caused by: java.lang.IllegalArgumentException at EventPriorityManagerTest.kt:416

GestureHandlerTest > testPinchCloseGesture FAILED
    java.lang.AssertionError at GestureHandlerTest.kt:169

GestureHandlerTest > testDragGestureMissingParameters PASSED

GestureHandlerTest > testSwipeInvalidDirection PASSED

GestureHandlerTest > testSwipeLeftGesture PASSED

GestureHandlerTest > testPathGestureSinglePoint PASSED

GestureHandlerTest > testPerformLongPressAt PASSED

GestureHandlerTest > testPinchOpenGesture FAILED
    java.lang.AssertionError at GestureHandlerTest.kt:150

GestureHandlerTest > testGestureHandlerIntegration FAILED
    java.lang.AssertionError at GestureHandlerTest.kt:507

GestureHandlerTest > testZoomOutGesture FAILED
    java.lang.AssertionError at GestureHandlerTest.kt:201

GestureHandlerTest > testMultipleGesturesQueued FAILED
    java.lang.AssertionError at GestureHandlerTest.kt:459

GestureHandlerTest > testDragGesture FAILED
    java.lang.AssertionError at GestureHandlerTest.kt:226

GestureHandlerTest > testPerformClickAt PASSED

GestureHandlerTest > testPerformDoubleClickAt PASSED

GestureHandlerTest > testCanHandleSwipeGestures PASSED

GestureHandlerTest > testSwipeDownGesture PASSED

GestureHandlerTest > testCanHandlePinchGestures PASSED

GestureHandlerTest > testZoomInGesture FAILED
    java.lang.AssertionError at GestureHandlerTest.kt:186

GestureHandlerTest > testPathGesture PASSED

GestureHandlerTest > testCanHandleDragGestures PASSED

GestureHandlerTest > testGetSupportedActions PASSED

GestureHandlerTest > testInvalidActionHandling PASSED

UUIDCreatorIntegrationTest > should handle positional voice commands[28] FAILED
    java.lang.NoClassDefFoundError at Shadows.java:2748
        Caused by: java.lang.ClassNotFoundException at SandboxClassLoader.java:164
            Caused by: java.lang.IllegalArgumentException at ClassReader.java:200

UUIDCreatorIntegrationTest > should handle positional voice commands[29] STANDARD_OUT
    INFO: Found org.robolectric:android-all-instrumented:10-robolectric-5803371-i4 in local maven repository

SafeTransactionManagerTest > test manager can be created PASSED

AsyncQueryManagerTest > test manager can be created PASSED

SafeTransactionManagerTest > test safe insert with existence check prevents TOCTOU PASSED

AsyncQueryManagerTest > test failed queries not cached PASSED

AccessibilityNodeManagerTest > test track null returns null safely STANDARD_OUT
    INFO: Found org.robolectric:android-all-instrumented:14-robolectric-10818077-i4 in local maven repository

SafeTransactionManagerTest > test exception types preserved in result PASSED

AsyncQueryManagerTest > test cache returns result without re-executing query PASSED

AsyncQueryManagerTest > test LRU cache evicts oldest entries when max size exceeded PASSED

SafeTransactionManagerTest > test transaction isolation from concurrent operations PASSED

AsyncQueryManagerTest > test query returns result without blocking PASSED

SafeTransactionManagerTest > test null result handled correctly PASSED

SafeTransactionManagerTest > test retry logic succeeds after transient failures PASSED

AsyncQueryManagerTest > test different keys execute different queries PASSED

SafeTransactionManagerTest > test multiple operations are atomic PASSED

AsyncQueryManagerTest > test manager implements AutoCloseable PASSED

SafeTransactionManagerTest > test successful transaction commits all operations PASSED

SafeTransactionManagerTest > test sequential transactions are independent PASSED

AsyncQueryManagerTest > test concurrent queries with same key execute only once PASSED

SafeTransactionManagerTest > test failed transaction rolls back all operations PASSED

AsyncQueryManagerTest > test query exception propagates to caller PASSED

SafeTransactionManagerTest > test retry gives up after max attempts PASSED

AsyncQueryManagerTest > test close cancels in-flight queries PASSED

SafeTransactionManagerTest > test transaction returns Result type for functional error handling PASSED

AsyncQueryManagerTest > test queries run on IO dispatcher not Main thread PASSED

SafeTransactionManagerTest > test transaction context available to nested operations PASSED

SafeTransactionManagerTest > test retry has exponential backoff delay PASSED

AsyncQueryManagerTest > test cache hit performance is significantly faster PASSED

SafeTransactionManagerTest > test constraint violation handled gracefully PASSED

AccessibilityNodeManagerTest > test track null returns null safely STANDARD_ERROR
    WARNING: A Java agent has been loaded dynamically (/var/folders/0v/q8r0xh_d109dfwmjqgnql2yr0000gn/T/byteBuddyAgent6541337425155837105.jar)
    WARNING: If a serviceability tool is in use, please run with -XX:+EnableDynamicAgentLoading to hide this warning
    WARNING: If a serviceability tool is not in use, please run with -Djdk.instrument.traceUsage for more information
    WARNING: Dynamic loading of agents will be disallowed by default in a future release

Java HotSpot(TM) 64-Bit Server VM warning: Sharing is only supported for boot loader classes because bootstrap classpath has been appended

> Task :modules:apps:VoiceOSCore:testDebugUnitTest

AsyncQueryManagerTest > test null values can be cached PASSED

AsyncQueryManagerTest > test invalidate forces query re-execution PASSED

UUIDCreatorIntegrationTest > should handle positional voice commands[29] STANDARD_OUT
    com.augmentalis.voiceoscore.accessibility.integration.UUIDCreatorIntegrationTest.should handle positional voice commands: sdk=29; resources=BINARY

AsyncQueryManagerTest > test clear removes all cached entries PASSED

AccessibilityNodeManagerTest > test track null returns null safely FAILED
    java.lang.NoClassDefFoundError at Shadows.java:2748
        Caused by: java.lang.ClassNotFoundException at SandboxClassLoader.java:164
            Caused by: java.lang.IllegalArgumentException at ClassReader.java:200

AccessibilityNodeManagerTest > test all nodes recycled on early return STANDARD_OUT
    com.augmentalis.voiceoscore.lifecycle.AccessibilityNodeManagerTest.test all nodes recycled on early return: sdk=33; resources=BINARY

AccessibilityNodeManagerTest > test all nodes recycled on early return FAILED
    java.lang.NoClassDefFoundError at Shadows.java:2748
        Caused by: java.lang.ClassNotFoundException at SandboxClassLoader.java:164
            Caused by: java.lang.IllegalArgumentException at ClassReader.java:200

AccessibilityNodeManagerTest > test all nodes recycled in success path STANDARD_OUT
    com.augmentalis.voiceoscore.lifecycle.AccessibilityNodeManagerTest.test all nodes recycled in success path: sdk=33; resources=BINARY

AccessibilityNodeManagerTest > test all nodes recycled in success path FAILED
    java.lang.NoClassDefFoundError at Shadows.java:2748
        Caused by: java.lang.ClassNotFoundException at SandboxClassLoader.java:164
            Caused by: java.lang.IllegalArgumentException at ClassReader.java:200

AccessibilityNodeManagerTest > test track returns node for convenient usage STANDARD_OUT
    com.augmentalis.voiceoscore.lifecycle.AccessibilityNodeManagerTest.test track returns node for convenient usage: sdk=33; resources=BINARY

AccessibilityNodeManagerTest > test track returns node for convenient usage FAILED
    java.lang.NoClassDefFoundError at Shadows.java:2748
        Caused by: java.lang.ClassNotFoundException at SandboxClassLoader.java:164
            Caused by: java.lang.IllegalArgumentException at ClassReader.java:200

AccessibilityNodeManagerTest > test recycle exception handled gracefully STANDARD_OUT
    com.augmentalis.voiceoscore.lifecycle.AccessibilityNodeManagerTest.test recycle exception handled gracefully: sdk=33; resources=BINARY

AccessibilityNodeManagerTest > test recycle exception handled gracefully FAILED
    java.lang.NoClassDefFoundError at Shadows.java:2748
        Caused by: java.lang.ClassNotFoundException at SandboxClassLoader.java:164
            Caused by: java.lang.IllegalArgumentException at ClassReader.java:200

AccessibilityNodeManagerTest > test double close is safe STANDARD_OUT
    com.augmentalis.voiceoscore.lifecycle.AccessibilityNodeManagerTest.test double close is safe: sdk=33; resources=BINARY

AccessibilityNodeManagerTest > test double close is safe FAILED
    java.lang.NoClassDefFoundError at Shadows.java:2748
        Caused by: java.lang.ClassNotFoundException at SandboxClassLoader.java:164
            Caused by: java.lang.IllegalArgumentException at ClassReader.java:200

AccessibilityNodeManagerTest > test all nodes recycled when exception thrown STANDARD_OUT
    com.augmentalis.voiceoscore.lifecycle.AccessibilityNodeManagerTest.test all nodes recycled when exception thrown: sdk=33; resources=BINARY

AccessibilityNodeManagerTest > test all nodes recycled when exception thrown FAILED
    java.lang.NoClassDefFoundError at Shadows.java:2748
        Caused by: java.lang.ClassNotFoundException at SandboxClassLoader.java:164
            Caused by: java.lang.IllegalArgumentException at ClassReader.java:200

AccessibilityNodeManagerTest > test circular reference detection prevents infinite loop STANDARD_OUT
    com.augmentalis.voiceoscore.lifecycle.AccessibilityNodeManagerTest.test circular reference detection prevents infinite loop: sdk=33; resources=BINARY

AccessibilityNodeManagerTest > test circular reference detection prevents infinite loop FAILED
    java.lang.NoClassDefFoundError at Shadows.java:2748
        Caused by: java.lang.ClassNotFoundException at SandboxClassLoader.java:164
            Caused by: java.lang.IllegalArgumentException at ClassReader.java:200

AccessibilityNodeManagerTest > test traverse respects depth limit STANDARD_OUT
    com.augmentalis.voiceoscore.lifecycle.AccessibilityNodeManagerTest.test traverse respects depth limit: sdk=33; resources=BINARY

AccessibilityNodeManagerTest > test traverse respects depth limit FAILED
    java.lang.NoClassDefFoundError at Shadows.java:2748
        Caused by: java.lang.ClassNotFoundException at SandboxClassLoader.java:164
            Caused by: java.lang.IllegalArgumentException at ClassReader.java:200

AccessibilityNodeManagerTest > test performance with large tree STANDARD_OUT
    com.augmentalis.voiceoscore.lifecycle.AccessibilityNodeManagerTest.test performance with large tree: sdk=33; resources=BINARY

AccessibilityNodeManagerTest > test performance with large tree FAILED
    java.lang.NoClassDefFoundError at Shadows.java:2748
        Caused by: java.lang.ClassNotFoundException at SandboxClassLoader.java:164
            Caused by: java.lang.IllegalArgumentException at ClassReader.java:200

AccessibilityNodeManagerTest > test null child nodes handled gracefully STANDARD_OUT
    com.augmentalis.voiceoscore.lifecycle.AccessibilityNodeManagerTest.test null child nodes handled gracefully: sdk=33; resources=BINARY

AccessibilityNodeManagerTest > test null child nodes handled gracefully FAILED
    java.lang.NoClassDefFoundError at Shadows.java:2748
        Caused by: java.lang.ClassNotFoundException at SandboxClassLoader.java:164
            Caused by: java.lang.IllegalArgumentException at ClassReader.java:200

DataFlowValidationTest > test data flow - handles partial UUID failure gracefully STANDARD_OUT

    ========== TEST: Data Flow - Partial UUID Failure ==========

    Scraped: 10 elements
    Database: 10 elements
    UUID Generation: 8/10 (80%)
    UUID Registration: 7/8 (87.5%)
    âš ï¸  WARNING: Low UUID generation rate: 80%
    âš ï¸  WARNING: Low UUID registration rate: 87%
    âœ“ Scraping flow completed despite UUID issues
    âœ… PASS: Partial UUID failure handled gracefully

DataFlowValidationTest > test data flow - handles partial UUID failure gracefully PASSED

DataFlowValidationTest > test data flow - handles zero elements STANDARD_OUT

    ========== TEST: Data Flow - Zero Elements ==========

    Scraped: 0 elements
    Database: 0 elements
    UUID Generation: 0 (N/A)
    Hierarchy: 0 relationships
    Commands: 0 generated
    âœ“ Zero element case handled correctly
    âœ… PASS: Zero element edge case validated

DataFlowValidationTest > test data flow - handles zero elements PASSED

DataFlowValidationTest > test data flow - large batch processing STANDARD_OUT

    ========== TEST: Data Flow - Large Batch ==========

    Scraped: 500 elements
    Database: 500 elements
    UUID Generation: 495/500 (99%)
    UUID Registration: 490/495 (99%)
    Hierarchy: 499 relationships
    Commands: 250 generated
    âœ“ Large batch processed successfully
    âœ… PASS: Large batch data flow validated

DataFlowValidationTest > test data flow - large batch processing PASSED

DataFlowValidationTest > test data flow - count update timing is correct STANDARD_OUT

    ========== TEST: Data Flow - Count Update Timing (P2-1) ==========

    1. Scrape elements
    2. Insert into database
    3. Generate UUIDs
    4. Build hierarchy
    5. Insert hierarchy
    6. Generate commands
    7. Insert commands
    8. Create screen context
    9. Update app metadata (P2-1)
    âœ“ Count updates performed AFTER all database operations
    âœ… PASS: Count update timing is correct

DataFlowValidationTest > test data flow - count update timing is correct PASSED

DataFlowValidationTest > test complete data flow - all steps succeed STANDARD_OUT

    ========== TEST: Complete Data Flow - Happy Path ==========

    === STEP 1: Scraping Accessibility Tree ===
    âœ“ Scraped 3 elements

    === STEP 2: Database Insertion (P1-1) ===
    âœ“ Database returned 3 IDs
    âœ“ ID count validation passed
    âœ“ Database count validated: 3 elements

    === STEP 3: UUID Generation & Registration (P1-3) ===
    âœ“ UUID Generation: 3/3 (100%)
    âœ“ UUID Registration: 3/3 (100%)

    === STEP 4: Building Hierarchy ===
    âœ“ Built 2 hierarchy relationships

    === STEP 5: Generating Voice Commands ===
    âœ“ Generated 2 voice commands

    === STEP 6: Update App Metadata (P2-1) ===
    âœ“ Element count updated: 3
    âœ“ Command count updated: 2

    === STEP 7: Final Metrics (P1-5) ===
    ðŸ“Š METRICS:
       Found: 3
       Cached: 0
       Scraped: 3
       Persisted: 3
       Time: 125

    âœ… PASS: Complete data flow validated successfully

DataFlowValidationTest > test complete data flow - all steps succeed PASSED

DataFlowValidationTest > test data flow - detects database insertion failure STANDARD_OUT

    ========== TEST: Data Flow - Database Insertion Failure ==========

    Scraped: 10 elements
    IDs returned: 10
    Database count: 7 (MISMATCH!)
    âŒ Database count mismatch detected!
       Expected: 10
       Actual: 7
       Missing: 3
    âœ“ Flow aborted due to count mismatch (correct behavior)
    âœ… PASS: Database insertion failure correctly detected

DataFlowValidationTest > test data flow - detects database insertion failure PASSED

DataFlowValidationTest > test metrics logging - occurs after database validation STANDARD_OUT

    ========== TEST: Metrics Logging Timing (P1-5) ==========

    1. Insert elements
    2. Validate IDs returned
    3. Query database for count (P1-1)
    4. Log metrics with Persisted count (P1-5)
    âœ“ Metrics logged AFTER database validation
    âœ… PASS: Metrics logging timing is correct

DataFlowValidationTest > test metrics logging - occurs after database validation PASSED

DataFlowValidationTest > test database startup - FK constraints enabled STANDARD_OUT

    ========== TEST: Database Startup - FK Check (P2-2) ==========

    Opening database...
    âœ“ PRAGMA foreign_keys = ON executed
    âœ“ Foreign key status: ENABLED
    âœ… Foreign keys verified on database open
    âœ… PASS: FK constraints enabled on startup

DataFlowValidationTest > test database startup - FK constraints enabled PASSED

UUIDCreatorIntegrationTest > should handle positional voice commands[29] FAILED
    java.lang.NoClassDefFoundError at Shadows.java:2748
        Caused by: java.lang.ClassNotFoundException at SandboxClassLoader.java:164
            Caused by: java.lang.IllegalArgumentException at ClassReader.java:200

UUIDCreatorIntegrationTest > should handle positional voice commands[30] STANDARD_OUT
    INFO: Found org.robolectric:android-all-instrumented:11-robolectric-6757853-i4 in local maven repository
    com.augmentalis.voiceoscore.accessibility.integration.UUIDCreatorIntegrationTest.should handle positional voice commands: sdk=30; resources=BINARY

UUIDCreatorIntegrationTest > should handle positional voice commands[30] FAILED
    java.lang.NoClassDefFoundError at Shadows.java:2748
        Caused by: java.lang.ClassNotFoundException at SandboxClassLoader.java:164
            Caused by: java.lang.IllegalArgumentException at ClassReader.java:200

UUIDCreatorIntegrationTest > should handle positional voice commands[31] STANDARD_OUT
    INFO: Found org.robolectric:android-all-instrumented:12-robolectric-7732740-i4 in local maven repository
    com.augmentalis.voiceoscore.accessibility.integration.UUIDCreatorIntegrationTest.should handle positional voice commands: sdk=31; resources=BINARY

UUIDCreatorIntegrationTest > should handle positional voice commands[31] FAILED
    java.lang.NoClassDefFoundError at Shadows.java:2748
        Caused by: java.lang.ClassNotFoundException at SandboxClassLoader.java:164
            Caused by: java.lang.IllegalArgumentException at ClassReader.java:200

UUIDCreatorIntegrationTest > should handle positional voice commands[32] STANDARD_OUT
    INFO: Found org.robolectric:android-all-instrumented:12.1-robolectric-8229987-i4 in local maven repository
    com.augmentalis.voiceoscore.accessibility.integration.UUIDCreatorIntegrationTest.should handle positional voice commands: sdk=32; resources=BINARY

UUIDCreatorIntegrationTest > should handle positional voice commands[32] FAILED
    java.lang.NoClassDefFoundError at Shadows.java:2748
        Caused by: java.lang.ClassNotFoundException at SandboxClassLoader.java:164
            Caused by: java.lang.IllegalArgumentException at ClassReader.java:200

UUIDCreatorIntegrationTest > should handle positional voice commands[33] STANDARD_OUT
    INFO: Found org.robolectric:android-all-instrumented:13-robolectric-9030017-i4 in local maven repository
    com.augmentalis.voiceoscore.accessibility.integration.UUIDCreatorIntegrationTest.should handle positional voice commands: sdk=33; resources=BINARY

UUIDCreatorIntegrationTest > should handle positional voice commands[33] FAILED
    java.lang.NoClassDefFoundError at Shadows.java:2748
        Caused by: java.lang.ClassNotFoundException at SandboxClassLoader.java:164
            Caused by: java.lang.IllegalArgumentException at ClassReader.java:200

UUIDCreatorIntegrationTest > should handle positional voice commands STANDARD_OUT
    com.augmentalis.voiceoscore.accessibility.integration.UUIDCreatorIntegrationTest.should handle positional voice commands: sdk=34; resources=BINARY

UUIDCreatorIntegrationTest > should handle positional voice commands FAILED
    java.lang.NoClassDefFoundError at Shadows.java:2748
        Caused by: java.lang.ClassNotFoundException at SandboxClassLoader.java:164
            Caused by: java.lang.IllegalArgumentException at ClassReader.java:200

UUIDCreatorIntegrationTest > unregisterElement should return false for non-existent UUID[28] STANDARD_OUT
    com.augmentalis.voiceoscore.accessibility.integration.UUIDCreatorIntegrationTest.unregisterElement should return false for non-existent UUID: sdk=28; resources=BINARY

UUIDCreatorIntegrationTest > unregisterElement should return false for non-existent UUID[28] FAILED
    java.lang.NoClassDefFoundError at Shadows.java:2748
        Caused by: java.lang.ClassNotFoundException at SandboxClassLoader.java:164
            Caused by: java.lang.IllegalArgumentException at ClassReader.java:200

UUIDCreatorIntegrationTest > unregisterElement should return false for non-existent UUID[29] STANDARD_OUT
    com.augmentalis.voiceoscore.accessibility.integration.UUIDCreatorIntegrationTest.unregisterElement should return false for non-existent UUID: sdk=29; resources=BINARY

UUIDCreatorIntegrationTest > unregisterElement should return false for non-existent UUID[29] FAILED
    java.lang.NoClassDefFoundError at Shadows.java:2748
        Caused by: java.lang.ClassNotFoundException at SandboxClassLoader.java:164
            Caused by: java.lang.IllegalArgumentException at ClassReader.java:200

UUIDCreatorIntegrationTest > unregisterElement should return false for non-existent UUID[30] STANDARD_OUT
    com.augmentalis.voiceoscore.accessibility.integration.UUIDCreatorIntegrationTest.unregisterElement should return false for non-existent UUID: sdk=30; resources=BINARY

UUIDCreatorIntegrationTest > unregisterElement should return false for non-existent UUID[30] FAILED
    java.lang.NoClassDefFoundError at Shadows.java:2748
        Caused by: java.lang.ClassNotFoundException at SandboxClassLoader.java:164
            Caused by: java.lang.IllegalArgumentException at ClassReader.java:200

UUIDCreatorIntegrationTest > unregisterElement should return false for non-existent UUID[31] STANDARD_OUT
    com.augmentalis.voiceoscore.accessibility.integration.UUIDCreatorIntegrationTest.unregisterElement should return false for non-existent UUID: sdk=31; resources=BINARY

UUIDCreatorIntegrationTest > unregisterElement should return false for non-existent UUID[31] FAILED
    java.lang.NoClassDefFoundError at Shadows.java:2748
        Caused by: java.lang.ClassNotFoundException at SandboxClassLoader.java:164
            Caused by: java.lang.IllegalArgumentException at ClassReader.java:200

UUIDCreatorIntegrationTest > unregisterElement should return false for non-existent UUID[32] STANDARD_OUT
    com.augmentalis.voiceoscore.accessibility.integration.UUIDCreatorIntegrationTest.unregisterElement should return false for non-existent UUID: sdk=32; resources=BINARY

UUIDCreatorIntegrationTest > unregisterElement should return false for non-existent UUID[32] FAILED
    java.lang.NoClassDefFoundError at Shadows.java:2748
        Caused by: java.lang.ClassNotFoundException at SandboxClassLoader.java:164
            Caused by: java.lang.IllegalArgumentException at ClassReader.java:200

UUIDCreatorIntegrationTest > unregisterElement should return false for non-existent UUID[33] STANDARD_OUT
    com.augmentalis.voiceoscore.accessibility.integration.UUIDCreatorIntegrationTest.unregisterElement should return false for non-existent UUID: sdk=33; resources=BINARY

UUIDCreatorIntegrationTest > unregisterElement should return false for non-existent UUID[33] FAILED
    java.lang.NoClassDefFoundError at Shadows.java:2748
        Caused by: java.lang.ClassNotFoundException at SandboxClassLoader.java:164
            Caused by: java.lang.IllegalArgumentException at ClassReader.java:200

UUIDCreatorIntegrationTest > unregisterElement should return false for non-existent UUID STANDARD_OUT
    com.augmentalis.voiceoscore.accessibility.integration.UUIDCreatorIntegrationTest.unregisterElement should return false for non-existent UUID: sdk=34; resources=BINARY

UUIDCreatorIntegrationTest > unregisterElement should return false for non-existent UUID FAILED
    java.lang.NoClassDefFoundError at Shadows.java:2748
        Caused by: java.lang.ClassNotFoundException at SandboxClassLoader.java:164
            Caused by: java.lang.IllegalArgumentException at ClassReader.java:200

UUIDCreatorIntegrationTest > initialize should trigger background loading[28] STANDARD_OUT
    com.augmentalis.voiceoscore.accessibility.integration.UUIDCreatorIntegrationTest.initialize should trigger background loading: sdk=28; resources=BINARY

UUIDCreatorIntegrationTest > initialize should trigger background loading[28] FAILED
    java.lang.NoClassDefFoundError at Shadows.java:2748
        Caused by: java.lang.ClassNotFoundException at SandboxClassLoader.java:164
            Caused by: java.lang.IllegalArgumentException at ClassReader.java:200

UUIDCreatorIntegrationTest > initialize should trigger background loading[29] STANDARD_OUT
    com.augmentalis.voiceoscore.accessibility.integration.UUIDCreatorIntegrationTest.initialize should trigger background loading: sdk=29; resources=BINARY

UUIDCreatorIntegrationTest > initialize should trigger background loading[29] FAILED
    java.lang.NoClassDefFoundError at Shadows.java:2748
        Caused by: java.lang.ClassNotFoundException at SandboxClassLoader.java:164
            Caused by: java.lang.IllegalArgumentException at ClassReader.java:200

UUIDCreatorIntegrationTest > initialize should trigger background loading[30] STANDARD_OUT
    com.augmentalis.voiceoscore.accessibility.integration.UUIDCreatorIntegrationTest.initialize should trigger background loading: sdk=30; resources=BINARY

UUIDCreatorIntegrationTest > initialize should trigger background loading[30] FAILED
    java.lang.NoClassDefFoundError at Shadows.java:2748
        Caused by: java.lang.ClassNotFoundException at SandboxClassLoader.java:164
            Caused by: java.lang.IllegalArgumentException at ClassReader.java:200

UUIDCreatorIntegrationTest > initialize should trigger background loading[31] STANDARD_OUT
    com.augmentalis.voiceoscore.accessibility.integration.UUIDCreatorIntegrationTest.initialize should trigger background loading: sdk=31; resources=BINARY

UUIDCreatorIntegrationTest > initialize should trigger background loading[31] FAILED
    java.lang.NoClassDefFoundError at Shadows.java:2748
        Caused by: java.lang.ClassNotFoundException at SandboxClassLoader.java:164
            Caused by: java.lang.IllegalArgumentException at ClassReader.java:200

UUIDCreatorIntegrationTest > initialize should trigger background loading[32] STANDARD_OUT
    com.augmentalis.voiceoscore.accessibility.integration.UUIDCreatorIntegrationTest.initialize should trigger background loading: sdk=32; resources=BINARY

UUIDCreatorIntegrationTest > initialize should trigger background loading[32] FAILED
    java.lang.NoClassDefFoundError at Shadows.java:2748
        Caused by: java.lang.ClassNotFoundException at SandboxClassLoader.java:164
            Caused by: java.lang.IllegalArgumentException at ClassReader.java:200

UUIDCreatorIntegrationTest > initialize should trigger background loading[33] STANDARD_OUT
    com.augmentalis.voiceoscore.accessibility.integration.UUIDCreatorIntegrationTest.initialize should trigger background loading: sdk=33; resources=BINARY

UUIDCreatorIntegrationTest > initialize should trigger background loading[33] FAILED
    java.lang.NoClassDefFoundError at Shadows.java:2748
        Caused by: java.lang.ClassNotFoundException at SandboxClassLoader.java:164
            Caused by: java.lang.IllegalArgumentException at ClassReader.java:200

UUIDCreatorIntegrationTest > initialize should trigger background loading STANDARD_OUT
    com.augmentalis.voiceoscore.accessibility.integration.UUIDCreatorIntegrationTest.initialize should trigger background loading: sdk=34; resources=BINARY

UUIDCreatorIntegrationTest > initialize should trigger background loading FAILED
    java.lang.NoClassDefFoundError at Shadows.java:2748
        Caused by: java.lang.ClassNotFoundException at SandboxClassLoader.java:164
            Caused by: java.lang.IllegalArgumentException at ClassReader.java:200

UUIDCreatorIntegrationTest > getInstance should throw when not initialized[28] STANDARD_OUT
    com.augmentalis.voiceoscore.accessibility.integration.UUIDCreatorIntegrationTest.getInstance should throw when not initialized: sdk=28; resources=BINARY

UUIDCreatorIntegrationTest > getInstance should throw when not initialized[28] FAILED
    java.lang.NoClassDefFoundError at Shadows.java:2748
        Caused by: java.lang.ClassNotFoundException at SandboxClassLoader.java:164
            Caused by: java.lang.IllegalArgumentException at ClassReader.java:200

UUIDCreatorIntegrationTest > getInstance should throw when not initialized[29] STANDARD_OUT
    com.augmentalis.voiceoscore.accessibility.integration.UUIDCreatorIntegrationTest.getInstance should throw when not initialized: sdk=29; resources=BINARY

UUIDCreatorIntegrationTest > getInstance should throw when not initialized[29] FAILED
    java.lang.NoClassDefFoundError at Shadows.java:2748
        Caused by: java.lang.ClassNotFoundException at SandboxClassLoader.java:164
            Caused by: java.lang.IllegalArgumentException at ClassReader.java:200

UUIDCreatorIntegrationTest > getInstance should throw when not initialized[30] STANDARD_OUT
    com.augmentalis.voiceoscore.accessibility.integration.UUIDCreatorIntegrationTest.getInstance should throw when not initialized: sdk=30; resources=BINARY

UUIDCreatorIntegrationTest > getInstance should throw when not initialized[30] FAILED
    java.lang.NoClassDefFoundError at Shadows.java:2748
        Caused by: java.lang.ClassNotFoundException at SandboxClassLoader.java:164
            Caused by: java.lang.IllegalArgumentException at ClassReader.java:200

UUIDCreatorIntegrationTest > getInstance should throw when not initialized[31] STANDARD_OUT
    com.augmentalis.voiceoscore.accessibility.integration.UUIDCreatorIntegrationTest.getInstance should throw when not initialized: sdk=31; resources=BINARY

UUIDCreatorIntegrationTest > getInstance should throw when not initialized[31] FAILED
    java.lang.NoClassDefFoundError at Shadows.java:2748
        Caused by: java.lang.ClassNotFoundException at SandboxClassLoader.java:164
            Caused by: java.lang.IllegalArgumentException at ClassReader.java:200

UUIDCreatorIntegrationTest > getInstance should throw when not initialized[32] STANDARD_OUT
    com.augmentalis.voiceoscore.accessibility.integration.UUIDCreatorIntegrationTest.getInstance should throw when not initialized: sdk=32; resources=BINARY

UUIDCreatorIntegrationTest > getInstance should throw when not initialized[32] FAILED
    java.lang.NoClassDefFoundError at Shadows.java:2748
        Caused by: java.lang.ClassNotFoundException at SandboxClassLoader.java:164
            Caused by: java.lang.IllegalArgumentException at ClassReader.java:200

UUIDCreatorIntegrationTest > getInstance should throw when not initialized[33] STANDARD_OUT
    com.augmentalis.voiceoscore.accessibility.integration.UUIDCreatorIntegrationTest.getInstance should throw when not initialized: sdk=33; resources=BINARY

UUIDCreatorIntegrationTest > getInstance should throw when not initialized[33] FAILED
    java.lang.NoClassDefFoundError at Shadows.java:2748
        Caused by: java.lang.ClassNotFoundException at SandboxClassLoader.java:164
            Caused by: java.lang.IllegalArgumentException at ClassReader.java:200

UUIDCreatorIntegrationTest > getInstance should throw when not initialized STANDARD_OUT
    com.augmentalis.voiceoscore.accessibility.integration.UUIDCreatorIntegrationTest.getInstance should throw when not initialized: sdk=34; resources=BINARY

UUIDCreatorIntegrationTest > getInstance should throw when not initialized FAILED
    java.lang.NoClassDefFoundError at Shadows.java:2748
        Caused by: java.lang.ClassNotFoundException at SandboxClassLoader.java:164
            Caused by: java.lang.IllegalArgumentException at ClassReader.java:200

UUIDCreatorIntegrationTest > findByType should return all elements of specified type[28] STANDARD_OUT
    com.augmentalis.voiceoscore.accessibility.integration.UUIDCreatorIntegrationTest.findByType should return all elements of specified type: sdk=28; resources=BINARY

UUIDCreatorIntegrationTest > findByType should return all elements of specified type[28] FAILED
    java.lang.NoClassDefFoundError at Shadows.java:2748
        Caused by: java.lang.ClassNotFoundException at SandboxClassLoader.java:164
            Caused by: java.lang.IllegalArgumentException at ClassReader.java:200

UUIDCreatorIntegrationTest > findByType should return all elements of specified type[29] STANDARD_OUT
    com.augmentalis.voiceoscore.accessibility.integration.UUIDCreatorIntegrationTest.findByType should return all elements of specified type: sdk=29; resources=BINARY

UUIDCreatorIntegrationTest > findByType should return all elements of specified type[29] FAILED
    java.lang.NoClassDefFoundError at Shadows.java:2748
        Caused by: java.lang.ClassNotFoundException at SandboxClassLoader.java:164
            Caused by: java.lang.IllegalArgumentException at ClassReader.java:200

UUIDCreatorIntegrationTest > findByType should return all elements of specified type[30] STANDARD_OUT
    com.augmentalis.voiceoscore.accessibility.integration.UUIDCreatorIntegrationTest.findByType should return all elements of specified type: sdk=30; resources=BINARY

UUIDCreatorIntegrationTest > findByType should return all elements of specified type[30] FAILED
    java.lang.NoClassDefFoundError at Shadows.java:2748
        Caused by: java.lang.ClassNotFoundException at SandboxClassLoader.java:164
            Caused by: java.lang.IllegalArgumentException at ClassReader.java:200

UUIDCreatorIntegrationTest > findByType should return all elements of specified type[31] STANDARD_OUT
    com.augmentalis.voiceoscore.accessibility.integration.UUIDCreatorIntegrationTest.findByType should return all elements of specified type: sdk=31; resources=BINARY

UUIDCreatorIntegrationTest > findByType should return all elements of specified type[31] FAILED
    java.lang.NoClassDefFoundError at Shadows.java:2748
        Caused by: java.lang.ClassNotFoundException at SandboxClassLoader.java:164
            Caused by: java.lang.IllegalArgumentException at ClassReader.java:200

UUIDCreatorIntegrationTest > findByType should return all elements of specified type[32] STANDARD_OUT
    com.augmentalis.voiceoscore.accessibility.integration.UUIDCreatorIntegrationTest.findByType should return all elements of specified type: sdk=32; resources=BINARY

UUIDCreatorIntegrationTest > findByType should return all elements of specified type[32] FAILED
    java.lang.NoClassDefFoundError at Shadows.java:2748
        Caused by: java.lang.ClassNotFoundException at SandboxClassLoader.java:164
            Caused by: java.lang.IllegalArgumentException at ClassReader.java:200

UUIDCreatorIntegrationTest > findByType should return all elements of specified type[33] STANDARD_OUT
    com.augmentalis.voiceoscore.accessibility.integration.UUIDCreatorIntegrationTest.findByType should return all elements of specified type: sdk=33; resources=BINARY

UUIDCreatorIntegrationTest > findByType should return all elements of specified type[33] FAILED
    java.lang.NoClassDefFoundError at Shadows.java:2748
        Caused by: java.lang.ClassNotFoundException at SandboxClassLoader.java:164
            Caused by: java.lang.IllegalArgumentException at ClassReader.java:200

UUIDCreatorIntegrationTest > findByType should return all elements of specified type STANDARD_OUT
    com.augmentalis.voiceoscore.accessibility.integration.UUIDCreatorIntegrationTest.findByType should return all elements of specified type: sdk=34; resources=BINARY

UUIDCreatorIntegrationTest > findByType should return all elements of specified type FAILED
    java.lang.NoClassDefFoundError at Shadows.java:2748
        Caused by: java.lang.ClassNotFoundException at SandboxClassLoader.java:164
            Caused by: java.lang.IllegalArgumentException at ClassReader.java:200

UUIDCreatorIntegrationTest > should handle voice command for element by name[28] STANDARD_OUT
    com.augmentalis.voiceoscore.accessibility.integration.UUIDCreatorIntegrationTest.should handle voice command for element by name: sdk=28; resources=BINARY

UUIDCreatorIntegrationTest > should handle voice command for element by name[28] FAILED
    java.lang.NoClassDefFoundError at Shadows.java:2748
        Caused by: java.lang.ClassNotFoundException at SandboxClassLoader.java:164
            Caused by: java.lang.IllegalArgumentException at ClassReader.java:200

UUIDCreatorIntegrationTest > should handle voice command for element by name[29] STANDARD_OUT
    com.augmentalis.voiceoscore.accessibility.integration.UUIDCreatorIntegrationTest.should handle voice command for element by name: sdk=29; resources=BINARY

UUIDCreatorIntegrationTest > should handle voice command for element by name[29] FAILED
    java.lang.NoClassDefFoundError at Shadows.java:2748
        Caused by: java.lang.ClassNotFoundException at SandboxClassLoader.java:164
            Caused by: java.lang.IllegalArgumentException at ClassReader.java:200

UUIDCreatorIntegrationTest > should handle voice command for element by name[30] STANDARD_OUT
    com.augmentalis.voiceoscore.accessibility.integration.UUIDCreatorIntegrationTest.should handle voice command for element by name: sdk=30; resources=BINARY

UUIDCreatorIntegrationTest > should handle voice command for element by name[30] FAILED
    java.lang.NoClassDefFoundError at Shadows.java:2748
        Caused by: java.lang.ClassNotFoundException at SandboxClassLoader.java:164
            Caused by: java.lang.IllegalArgumentException at ClassReader.java:200

UUIDCreatorIntegrationTest > should handle voice command for element by name[31] STANDARD_OUT
    com.augmentalis.voiceoscore.accessibility.integration.UUIDCreatorIntegrationTest.should handle voice command for element by name: sdk=31; resources=BINARY

UUIDCreatorIntegrationTest > should handle voice command for element by name[31] FAILED
    java.lang.NoClassDefFoundError at Shadows.java:2748
        Caused by: java.lang.ClassNotFoundException at SandboxClassLoader.java:164
            Caused by: java.lang.IllegalArgumentException at ClassReader.java:200

UUIDCreatorIntegrationTest > should handle voice command for element by name[32] STANDARD_OUT
    com.augmentalis.voiceoscore.accessibility.integration.UUIDCreatorIntegrationTest.should handle voice command for element by name: sdk=32; resources=BINARY

UUIDCreatorIntegrationTest > should handle voice command for element by name[32] FAILED
    java.lang.NoClassDefFoundError at Shadows.java:2748
        Caused by: java.lang.ClassNotFoundException at SandboxClassLoader.java:164
            Caused by: java.lang.IllegalArgumentException at ClassReader.java:200

UUIDCreatorIntegrationTest > should handle voice command for element by name[33] STANDARD_OUT
    com.augmentalis.voiceoscore.accessibility.integration.UUIDCreatorIntegrationTest.should handle voice command for element by name: sdk=33; resources=BINARY

UUIDCreatorIntegrationTest > should handle voice command for element by name[33] FAILED
    java.lang.NoClassDefFoundError at Shadows.java:2748
        Caused by: java.lang.ClassNotFoundException at SandboxClassLoader.java:164
            Caused by: java.lang.IllegalArgumentException at ClassReader.java:200

UUIDCreatorIntegrationTest > should handle voice command for element by name STANDARD_OUT
    com.augmentalis.voiceoscore.accessibility.integration.UUIDCreatorIntegrationTest.should handle voice command for element by name: sdk=34; resources=BINARY

UUIDCreatorIntegrationTest > should handle voice command for element by name FAILED
    java.lang.NoClassDefFoundError at Shadows.java:2748
        Caused by: java.lang.ClassNotFoundException at SandboxClassLoader.java:164
            Caused by: java.lang.IllegalArgumentException at ClassReader.java:200

UUIDCreatorIntegrationTest > initialize should use application context[28] STANDARD_OUT
    com.augmentalis.voiceoscore.accessibility.integration.UUIDCreatorIntegrationTest.initialize should use application context: sdk=28; resources=BINARY

UUIDCreatorIntegrationTest > initialize should use application context[28] FAILED
    java.lang.NoClassDefFoundError at Shadows.java:2748
        Caused by: java.lang.ClassNotFoundException at SandboxClassLoader.java:164
            Caused by: java.lang.IllegalArgumentException at ClassReader.java:200

UUIDCreatorIntegrationTest > initialize should use application context[29] STANDARD_OUT
    com.augmentalis.voiceoscore.accessibility.integration.UUIDCreatorIntegrationTest.initialize should use application context: sdk=29; resources=BINARY

UUIDCreatorIntegrationTest > initialize should use application context[29] FAILED
    java.lang.NoClassDefFoundError at Shadows.java:2748
        Caused by: java.lang.ClassNotFoundException at SandboxClassLoader.java:164
            Caused by: java.lang.IllegalArgumentException at ClassReader.java:200

UUIDCreatorIntegrationTest > initialize should use application context[30] STANDARD_OUT
    com.augmentalis.voiceoscore.accessibility.integration.UUIDCreatorIntegrationTest.initialize should use application context: sdk=30; resources=BINARY

UUIDCreatorIntegrationTest > initialize should use application context[30] FAILED
    java.lang.NoClassDefFoundError at Shadows.java:2748
        Caused by: java.lang.ClassNotFoundException at SandboxClassLoader.java:164
            Caused by: java.lang.IllegalArgumentException at ClassReader.java:200

UUIDCreatorIntegrationTest > initialize should use application context[31] STANDARD_OUT
    com.augmentalis.voiceoscore.accessibility.integration.UUIDCreatorIntegrationTest.initialize should use application context: sdk=31; resources=BINARY

UUIDCreatorIntegrationTest > initialize should use application context[31] FAILED
    java.lang.NoClassDefFoundError at Shadows.java:2748
        Caused by: java.lang.ClassNotFoundException at SandboxClassLoader.java:164
            Caused by: java.lang.IllegalArgumentException at ClassReader.java:200

UUIDCreatorIntegrationTest > initialize should use application context[32] STANDARD_OUT
    com.augmentalis.voiceoscore.accessibility.integration.UUIDCreatorIntegrationTest.initialize should use application context: sdk=32; resources=BINARY

UUIDCreatorIntegrationTest > initialize should use application context[32] FAILED
    java.lang.NoClassDefFoundError at Shadows.java:2748
        Caused by: java.lang.ClassNotFoundException at SandboxClassLoader.java:164
            Caused by: java.lang.IllegalArgumentException at ClassReader.java:200

UUIDCreatorIntegrationTest > initialize should use application context[33] STANDARD_OUT
    com.augmentalis.voiceoscore.accessibility.integration.UUIDCreatorIntegrationTest.initialize should use application context: sdk=33; resources=BINARY

UUIDCreatorIntegrationTest > initialize should use application context[33] FAILED
    java.lang.NoClassDefFoundError at Shadows.java:2748
        Caused by: java.lang.ClassNotFoundException at SandboxClassLoader.java:164
            Caused by: java.lang.IllegalArgumentException at ClassReader.java:200

UUIDCreatorIntegrationTest > initialize should use application context STANDARD_OUT
    com.augmentalis.voiceoscore.accessibility.integration.UUIDCreatorIntegrationTest.initialize should use application context: sdk=34; resources=BINARY

UUIDCreatorIntegrationTest > initialize should use application context FAILED
    java.lang.NoClassDefFoundError at Shadows.java:2748
        Caused by: java.lang.ClassNotFoundException at SandboxClassLoader.java:164
            Caused by: java.lang.IllegalArgumentException at ClassReader.java:200

UUIDCreatorIntegrationTest > should handle null context gracefully during initialization[28] STANDARD_OUT
    com.augmentalis.voiceoscore.accessibility.integration.UUIDCreatorIntegrationTest.should handle null context gracefully during initialization: sdk=28; resources=BINARY

UUIDCreatorIntegrationTest > should handle null context gracefully during initialization[28] FAILED
    java.lang.NoClassDefFoundError at Shadows.java:2748
        Caused by: java.lang.ClassNotFoundException at SandboxClassLoader.java:164
            Caused by: java.lang.IllegalArgumentException at ClassReader.java:200

UUIDCreatorIntegrationTest > should handle null context gracefully during initialization[29] STANDARD_OUT
    com.augmentalis.voiceoscore.accessibility.integration.UUIDCreatorIntegrationTest.should handle null context gracefully during initialization: sdk=29; resources=BINARY

UUIDCreatorIntegrationTest > should handle null context gracefully during initialization[29] FAILED
    java.lang.NoClassDefFoundError at Shadows.java:2748
        Caused by: java.lang.ClassNotFoundException at SandboxClassLoader.java:164
            Caused by: java.lang.IllegalArgumentException at ClassReader.java:200

UUIDCreatorIntegrationTest > should handle null context gracefully during initialization[30] STANDARD_OUT
    com.augmentalis.voiceoscore.accessibility.integration.UUIDCreatorIntegrationTest.should handle null context gracefully during initialization: sdk=30; resources=BINARY

UUIDCreatorIntegrationTest > should handle null context gracefully during initialization[30] FAILED
    java.lang.NoClassDefFoundError at Shadows.java:2748
        Caused by: java.lang.ClassNotFoundException at SandboxClassLoader.java:164
            Caused by: java.lang.IllegalArgumentException at ClassReader.java:200

UUIDCreatorIntegrationTest > should handle null context gracefully during initialization[31] STANDARD_OUT
    com.augmentalis.voiceoscore.accessibility.integration.UUIDCreatorIntegrationTest.should handle null context gracefully during initialization: sdk=31; resources=BINARY

UUIDCreatorIntegrationTest > should handle null context gracefully during initialization[31] FAILED
    java.lang.NoClassDefFoundError at Shadows.java:2748
        Caused by: java.lang.ClassNotFoundException at SandboxClassLoader.java:164
            Caused by: java.lang.IllegalArgumentException at ClassReader.java:200

UUIDCreatorIntegrationTest > should handle null context gracefully during initialization[32] STANDARD_OUT
    com.augmentalis.voiceoscore.accessibility.integration.UUIDCreatorIntegrationTest.should handle null context gracefully during initialization: sdk=32; resources=BINARY

UUIDCreatorIntegrationTest > should handle null context gracefully during initialization[32] FAILED
    java.lang.NoClassDefFoundError at Shadows.java:2748
        Caused by: java.lang.ClassNotFoundException at SandboxClassLoader.java:164
            Caused by: java.lang.IllegalArgumentException at ClassReader.java:200

UUIDCreatorIntegrationTest > should handle null context gracefully during initialization[33] STANDARD_OUT
    com.augmentalis.voiceoscore.accessibility.integration.UUIDCreatorIntegrationTest.should handle null context gracefully during initialization: sdk=33; resources=BINARY

UUIDCreatorIntegrationTest > should handle null context gracefully during initialization[33] FAILED
    java.lang.NoClassDefFoundError at Shadows.java:2748
        Caused by: java.lang.ClassNotFoundException at SandboxClassLoader.java:164
            Caused by: java.lang.IllegalArgumentException at ClassReader.java:200

UUIDCreatorIntegrationTest > should handle null context gracefully during initialization STANDARD_OUT
    com.augmentalis.voiceoscore.accessibility.integration.UUIDCreatorIntegrationTest.should handle null context gracefully during initialization: sdk=34; resources=BINARY

UUIDCreatorIntegrationTest > should handle null context gracefully during initialization FAILED
    java.lang.NoClassDefFoundError at Shadows.java:2748
        Caused by: java.lang.ClassNotFoundException at SandboxClassLoader.java:164
            Caused by: java.lang.IllegalArgumentException at ClassReader.java:200

UUIDCreatorIntegrationTest > should handle empty element name[28] STANDARD_OUT
    com.augmentalis.voiceoscore.accessibility.integration.UUIDCreatorIntegrationTest.should handle empty element name: sdk=28; resources=BINARY

UUIDCreatorIntegrationTest > should handle empty element name[28] FAILED
    java.lang.NoClassDefFoundError at Shadows.java:2748
        Caused by: java.lang.ClassNotFoundException at SandboxClassLoader.java:164
            Caused by: java.lang.IllegalArgumentException at ClassReader.java:200

UUIDCreatorIntegrationTest > should handle empty element name[29] STANDARD_OUT
    com.augmentalis.voiceoscore.accessibility.integration.UUIDCreatorIntegrationTest.should handle empty element name: sdk=29; resources=BINARY

UUIDCreatorIntegrationTest > should handle empty element name[29] FAILED
    java.lang.NoClassDefFoundError at Shadows.java:2748
        Caused by: java.lang.ClassNotFoundException at SandboxClassLoader.java:164
            Caused by: java.lang.IllegalArgumentException at ClassReader.java:200

UUIDCreatorIntegrationTest > should handle empty element name[30] STANDARD_OUT
    com.augmentalis.voiceoscore.accessibility.integration.UUIDCreatorIntegrationTest.should handle empty element name: sdk=30; resources=BINARY

UUIDCreatorIntegrationTest > should handle empty element name[30] FAILED
    java.lang.NoClassDefFoundError at Shadows.java:2748
        Caused by: java.lang.ClassNotFoundException at SandboxClassLoader.java:164
            Caused by: java.lang.IllegalArgumentException at ClassReader.java:200

UUIDCreatorIntegrationTest > should handle empty element name[31] STANDARD_OUT
    com.augmentalis.voiceoscore.accessibility.integration.UUIDCreatorIntegrationTest.should handle empty element name: sdk=31; resources=BINARY

UUIDCreatorIntegrationTest > should handle empty element name[31] FAILED
    java.lang.NoClassDefFoundError at Shadows.java:2748
        Caused by: java.lang.ClassNotFoundException at SandboxClassLoader.java:164
            Caused by: java.lang.IllegalArgumentException at ClassReader.java:200

UUIDCreatorIntegrationTest > should handle empty element name[32] STANDARD_OUT
    com.augmentalis.voiceoscore.accessibility.integration.UUIDCreatorIntegrationTest.should handle empty element name: sdk=32; resources=BINARY

UUIDCreatorIntegrationTest > should handle empty element name[32] FAILED
    java.lang.NoClassDefFoundError at Shadows.java:2748
        Caused by: java.lang.ClassNotFoundException at SandboxClassLoader.java:164
            Caused by: java.lang.IllegalArgumentException at ClassReader.java:200

UUIDCreatorIntegrationTest > should handle empty element name[33] STANDARD_OUT
    com.augmentalis.voiceoscore.accessibility.integration.UUIDCreatorIntegrationTest.should handle empty element name: sdk=33; resources=BINARY

UUIDCreatorIntegrationTest > should handle empty element name[33] FAILED
    java.lang.NoClassDefFoundError at Shadows.java:2748
        Caused by: java.lang.ClassNotFoundException at SandboxClassLoader.java:164
            Caused by: java.lang.IllegalArgumentException at ClassReader.java:200

UUIDCreatorIntegrationTest > should handle empty element name STANDARD_OUT
    com.augmentalis.voiceoscore.accessibility.integration.UUIDCreatorIntegrationTest.should handle empty element name: sdk=34; resources=BINARY

UUIDCreatorIntegrationTest > should handle empty element name FAILED
    java.lang.NoClassDefFoundError at Shadows.java:2748
        Caused by: java.lang.ClassNotFoundException at SandboxClassLoader.java:164
            Caused by: java.lang.IllegalArgumentException at ClassReader.java:200

UUIDCreatorIntegrationTest > initialize should be idempotent[28] STANDARD_OUT
    com.augmentalis.voiceoscore.accessibility.integration.UUIDCreatorIntegrationTest.initialize should be idempotent: sdk=28; resources=BINARY

UUIDCreatorIntegrationTest > initialize should be idempotent[28] FAILED
    java.lang.NoClassDefFoundError at Shadows.java:2748
        Caused by: java.lang.ClassNotFoundException at SandboxClassLoader.java:164
            Caused by: java.lang.IllegalArgumentException at ClassReader.java:200

UUIDCreatorIntegrationTest > initialize should be idempotent[29] STANDARD_OUT
    com.augmentalis.voiceoscore.accessibility.integration.UUIDCreatorIntegrationTest.initialize should be idempotent: sdk=29; resources=BINARY

UUIDCreatorIntegrationTest > initialize should be idempotent[29] FAILED
    java.lang.NoClassDefFoundError at Shadows.java:2748
        Caused by: java.lang.ClassNotFoundException at SandboxClassLoader.java:164
            Caused by: java.lang.IllegalArgumentException at ClassReader.java:200

UUIDCreatorIntegrationTest > initialize should be idempotent[30] STANDARD_OUT
    com.augmentalis.voiceoscore.accessibility.integration.UUIDCreatorIntegrationTest.initialize should be idempotent: sdk=30; resources=BINARY

UUIDCreatorIntegrationTest > initialize should be idempotent[30] FAILED
    java.lang.NoClassDefFoundError at Shadows.java:2748
        Caused by: java.lang.ClassNotFoundException at SandboxClassLoader.java:164
            Caused by: java.lang.IllegalArgumentException at ClassReader.java:200

UUIDCreatorIntegrationTest > initialize should be idempotent[31] STANDARD_OUT
    com.augmentalis.voiceoscore.accessibility.integration.UUIDCreatorIntegrationTest.initialize should be idempotent: sdk=31; resources=BINARY

UUIDCreatorIntegrationTest > initialize should be idempotent[31] FAILED
    java.lang.NoClassDefFoundError at Shadows.java:2748
        Caused by: java.lang.ClassNotFoundException at SandboxClassLoader.java:164
            Caused by: java.lang.IllegalArgumentException at ClassReader.java:200

UUIDCreatorIntegrationTest > initialize should be idempotent[32] STANDARD_OUT
    com.augmentalis.voiceoscore.accessibility.integration.UUIDCreatorIntegrationTest.initialize should be idempotent: sdk=32; resources=BINARY

UUIDCreatorIntegrationTest > initialize should be idempotent[32] FAILED
    java.lang.NoClassDefFoundError at Shadows.java:2748
        Caused by: java.lang.ClassNotFoundException at SandboxClassLoader.java:164
            Caused by: java.lang.IllegalArgumentException at ClassReader.java:200

UUIDCreatorIntegrationTest > initialize should be idempotent[33] STANDARD_OUT
    com.augmentalis.voiceoscore.accessibility.integration.UUIDCreatorIntegrationTest.initialize should be idempotent: sdk=33; resources=BINARY

UUIDCreatorIntegrationTest > initialize should be idempotent[33] FAILED
    java.lang.NoClassDefFoundError at Shadows.java:2748
        Caused by: java.lang.ClassNotFoundException at SandboxClassLoader.java:164
            Caused by: java.lang.IllegalArgumentException at ClassReader.java:200

UUIDCreatorIntegrationTest > initialize should be idempotent STANDARD_OUT
    com.augmentalis.voiceoscore.accessibility.integration.UUIDCreatorIntegrationTest.initialize should be idempotent: sdk=34; resources=BINARY

UUIDCreatorIntegrationTest > initialize should be idempotent FAILED
    java.lang.NoClassDefFoundError at Shadows.java:2748
        Caused by: java.lang.ClassNotFoundException at SandboxClassLoader.java:164
            Caused by: java.lang.IllegalArgumentException at ClassReader.java:200

UUIDCreatorIntegrationTest > findInDirection should return null for invalid direction[28] STANDARD_OUT
    com.augmentalis.voiceoscore.accessibility.integration.UUIDCreatorIntegrationTest.findInDirection should return null for invalid direction: sdk=28; resources=BINARY

UUIDCreatorIntegrationTest > findInDirection should return null for invalid direction[28] FAILED
    java.lang.NoClassDefFoundError at Shadows.java:2748
        Caused by: java.lang.ClassNotFoundException at SandboxClassLoader.java:164
            Caused by: java.lang.IllegalArgumentException at ClassReader.java:200

UUIDCreatorIntegrationTest > findInDirection should return null for invalid direction[29] STANDARD_OUT
    com.augmentalis.voiceoscore.accessibility.integration.UUIDCreatorIntegrationTest.findInDirection should return null for invalid direction: sdk=29; resources=BINARY

UUIDCreatorIntegrationTest > findInDirection should return null for invalid direction[29] FAILED
    java.lang.NoClassDefFoundError at Shadows.java:2748
        Caused by: java.lang.ClassNotFoundException at SandboxClassLoader.java:164
            Caused by: java.lang.IllegalArgumentException at ClassReader.java:200

UUIDCreatorIntegrationTest > findInDirection should return null for invalid direction[30] STANDARD_OUT
    com.augmentalis.voiceoscore.accessibility.integration.UUIDCreatorIntegrationTest.findInDirection should return null for invalid direction: sdk=30; resources=BINARY

UUIDCreatorIntegrationTest > findInDirection should return null for invalid direction[30] FAILED
    java.lang.NoClassDefFoundError at Shadows.java:2748
        Caused by: java.lang.ClassNotFoundException at SandboxClassLoader.java:164
            Caused by: java.lang.IllegalArgumentException at ClassReader.java:200

UUIDCreatorIntegrationTest > findInDirection should return null for invalid direction[31] STANDARD_OUT
    com.augmentalis.voiceoscore.accessibility.integration.UUIDCreatorIntegrationTest.findInDirection should return null for invalid direction: sdk=31; resources=BINARY

UUIDCreatorIntegrationTest > findInDirection should return null for invalid direction[31] FAILED
    java.lang.NoClassDefFoundError at Shadows.java:2748
        Caused by: java.lang.ClassNotFoundException at SandboxClassLoader.java:164
            Caused by: java.lang.IllegalArgumentException at ClassReader.java:200

UUIDCreatorIntegrationTest > findInDirection should return null for invalid direction[32] STANDARD_OUT
    com.augmentalis.voiceoscore.accessibility.integration.UUIDCreatorIntegrationTest.findInDirection should return null for invalid direction: sdk=32; resources=BINARY

UUIDCreatorIntegrationTest > findInDirection should return null for invalid direction[32] FAILED
    java.lang.NoClassDefFoundError at Shadows.java:2748
        Caused by: java.lang.ClassNotFoundException at SandboxClassLoader.java:164
            Caused by: java.lang.IllegalArgumentException at ClassReader.java:200

UUIDCreatorIntegrationTest > findInDirection should return null for invalid direction[33] STANDARD_OUT
    com.augmentalis.voiceoscore.accessibility.integration.UUIDCreatorIntegrationTest.findInDirection should return null for invalid direction: sdk=33; resources=BINARY

UUIDCreatorIntegrationTest > findInDirection should return null for invalid direction[33] FAILED
    java.lang.NoClassDefFoundError at Shadows.java:2748
        Caused by: java.lang.ClassNotFoundException at SandboxClassLoader.java:164
            Caused by: java.lang.IllegalArgumentException at ClassReader.java:200

UUIDCreatorIntegrationTest > findInDirection should return null for invalid direction STANDARD_OUT
    com.augmentalis.voiceoscore.accessibility.integration.UUIDCreatorIntegrationTest.findInDirection should return null for invalid direction: sdk=34; resources=BINARY

UUIDCreatorIntegrationTest > findInDirection should return null for invalid direction FAILED
    java.lang.NoClassDefFoundError at Shadows.java:2748
        Caused by: java.lang.ClassNotFoundException at SandboxClassLoader.java:164
            Caused by: java.lang.IllegalArgumentException at ClassReader.java:200

UUIDCreatorIntegrationTest > unregisterElement should not affect other elements[28] STANDARD_OUT
    com.augmentalis.voiceoscore.accessibility.integration.UUIDCreatorIntegrationTest.unregisterElement should not affect other elements: sdk=28; resources=BINARY

UUIDCreatorIntegrationTest > unregisterElement should not affect other elements[28] FAILED
    java.lang.NoClassDefFoundError at Shadows.java:2748
        Caused by: java.lang.ClassNotFoundException at SandboxClassLoader.java:164
            Caused by: java.lang.IllegalArgumentException at ClassReader.java:200

UUIDCreatorIntegrationTest > unregisterElement should not affect other elements[29] STANDARD_OUT
    com.augmentalis.voiceoscore.accessibility.integration.UUIDCreatorIntegrationTest.unregisterElement should not affect other elements: sdk=29; resources=BINARY

UUIDCreatorIntegrationTest > unregisterElement should not affect other elements[29] FAILED
    java.lang.NoClassDefFoundError at Shadows.java:2748
        Caused by: java.lang.ClassNotFoundException at SandboxClassLoader.java:164
            Caused by: java.lang.IllegalArgumentException at ClassReader.java:200

UUIDCreatorIntegrationTest > unregisterElement should not affect other elements[30] STANDARD_OUT
    com.augmentalis.voiceoscore.accessibility.integration.UUIDCreatorIntegrationTest.unregisterElement should not affect other elements: sdk=30; resources=BINARY

UUIDCreatorIntegrationTest > unregisterElement should not affect other elements[30] FAILED
    java.lang.NoClassDefFoundError at Shadows.java:2748
        Caused by: java.lang.ClassNotFoundException at SandboxClassLoader.java:164
            Caused by: java.lang.IllegalArgumentException at ClassReader.java:200

UUIDCreatorIntegrationTest > unregisterElement should not affect other elements[31] STANDARD_OUT
    com.augmentalis.voiceoscore.accessibility.integration.UUIDCreatorIntegrationTest.unregisterElement should not affect other elements: sdk=31; resources=BINARY

UUIDCreatorIntegrationTest > unregisterElement should not affect other elements[31] FAILED
    java.lang.NoClassDefFoundError at Shadows.java:2748
        Caused by: java.lang.ClassNotFoundException at SandboxClassLoader.java:164
            Caused by: java.lang.IllegalArgumentException at ClassReader.java:200

UUIDCreatorIntegrationTest > unregisterElement should not affect other elements[32] STANDARD_OUT
    com.augmentalis.voiceoscore.accessibility.integration.UUIDCreatorIntegrationTest.unregisterElement should not affect other elements: sdk=32; resources=BINARY

UUIDCreatorIntegrationTest > unregisterElement should not affect other elements[32] FAILED
    java.lang.NoClassDefFoundError at Shadows.java:2748
        Caused by: java.lang.ClassNotFoundException at SandboxClassLoader.java:164
            Caused by: java.lang.IllegalArgumentException at ClassReader.java:200

UUIDCreatorIntegrationTest > unregisterElement should not affect other elements[33] STANDARD_OUT
    com.augmentalis.voiceoscore.accessibility.integration.UUIDCreatorIntegrationTest.unregisterElement should not affect other elements: sdk=33; resources=BINARY

UUIDCreatorIntegrationTest > unregisterElement should not affect other elements[33] FAILED
    java.lang.NoClassDefFoundError at Shadows.java:2748
        Caused by: java.lang.ClassNotFoundException at SandboxClassLoader.java:164
            Caused by: java.lang.IllegalArgumentException at ClassReader.java:200

UUIDCreatorIntegrationTest > unregisterElement should not affect other elements STANDARD_OUT
    com.augmentalis.voiceoscore.accessibility.integration.UUIDCreatorIntegrationTest.unregisterElement should not affect other elements: sdk=34; resources=BINARY

UUIDCreatorIntegrationTest > unregisterElement should not affect other elements FAILED
    java.lang.NoClassDefFoundError at Shadows.java:2748
        Caused by: java.lang.ClassNotFoundException at SandboxClassLoader.java:164
            Caused by: java.lang.IllegalArgumentException at ClassReader.java:200

UUIDCreatorIntegrationTest > unregisterElement should remove element successfully[28] STANDARD_OUT
    com.augmentalis.voiceoscore.accessibility.integration.UUIDCreatorIntegrationTest.unregisterElement should remove element successfully: sdk=28; resources=BINARY

UUIDCreatorIntegrationTest > unregisterElement should remove element successfully[28] FAILED
    java.lang.NoClassDefFoundError at Shadows.java:2748
        Caused by: java.lang.ClassNotFoundException at SandboxClassLoader.java:164
            Caused by: java.lang.IllegalArgumentException at ClassReader.java:200

UUIDCreatorIntegrationTest > unregisterElement should remove element successfully[29] STANDARD_OUT
    com.augmentalis.voiceoscore.accessibility.integration.UUIDCreatorIntegrationTest.unregisterElement should remove element successfully: sdk=29; resources=BINARY

UUIDCreatorIntegrationTest > unregisterElement should remove element successfully[29] FAILED
    java.lang.NoClassDefFoundError at Shadows.java:2748
        Caused by: java.lang.ClassNotFoundException at SandboxClassLoader.java:164
            Caused by: java.lang.IllegalArgumentException at ClassReader.java:200

UUIDCreatorIntegrationTest > unregisterElement should remove element successfully[30] STANDARD_OUT
    com.augmentalis.voiceoscore.accessibility.integration.UUIDCreatorIntegrationTest.unregisterElement should remove element successfully: sdk=30; resources=BINARY

UUIDCreatorIntegrationTest > unregisterElement should remove element successfully[30] FAILED
    java.lang.NoClassDefFoundError at Shadows.java:2748
        Caused by: java.lang.ClassNotFoundException at SandboxClassLoader.java:164
            Caused by: java.lang.IllegalArgumentException at ClassReader.java:200

UUIDCreatorIntegrationTest > unregisterElement should remove element successfully[31] STANDARD_OUT
    com.augmentalis.voiceoscore.accessibility.integration.UUIDCreatorIntegrationTest.unregisterElement should remove element successfully: sdk=31; resources=BINARY

UUIDCreatorIntegrationTest > unregisterElement should remove element successfully[31] FAILED
    java.lang.NoClassDefFoundError at Shadows.java:2748
        Caused by: java.lang.ClassNotFoundException at SandboxClassLoader.java:164
            Caused by: java.lang.IllegalArgumentException at ClassReader.java:200

UUIDCreatorIntegrationTest > unregisterElement should remove element successfully[32] STANDARD_OUT
    com.augmentalis.voiceoscore.accessibility.integration.UUIDCreatorIntegrationTest.unregisterElement should remove element successfully: sdk=32; resources=BINARY

UUIDCreatorIntegrationTest > unregisterElement should remove element successfully[32] FAILED
    java.lang.NoClassDefFoundError at Shadows.java:2748
        Caused by: java.lang.ClassNotFoundException at SandboxClassLoader.java:164
            Caused by: java.lang.IllegalArgumentException at ClassReader.java:200

UUIDCreatorIntegrationTest > unregisterElement should remove element successfully[33] STANDARD_OUT
    com.augmentalis.voiceoscore.accessibility.integration.UUIDCreatorIntegrationTest.unregisterElement should remove element successfully: sdk=33; resources=BINARY

UUIDCreatorIntegrationTest > unregisterElement should remove element successfully[33] FAILED
    java.lang.NoClassDefFoundError at Shadows.java:2748
        Caused by: java.lang.ClassNotFoundException at SandboxClassLoader.java:164
            Caused by: java.lang.IllegalArgumentException at ClassReader.java:200

UUIDCreatorIntegrationTest > unregisterElement should remove element successfully STANDARD_OUT
    com.augmentalis.voiceoscore.accessibility.integration.UUIDCreatorIntegrationTest.unregisterElement should remove element successfully: sdk=34; resources=BINARY

UUIDCreatorIntegrationTest > unregisterElement should remove element successfully FAILED
    java.lang.NoClassDefFoundError at Shadows.java:2748
        Caused by: java.lang.ClassNotFoundException at SandboxClassLoader.java:164
            Caused by: java.lang.IllegalArgumentException at ClassReader.java:200

UUIDCreatorIntegrationTest > findInDirection should find element to the right[28] STANDARD_OUT
    com.augmentalis.voiceoscore.accessibility.integration.UUIDCreatorIntegrationTest.findInDirection should find element to the right: sdk=28; resources=BINARY

UUIDCreatorIntegrationTest > findInDirection should find element to the right[28] FAILED
    java.lang.NoClassDefFoundError at Shadows.java:2748
        Caused by: java.lang.ClassNotFoundException at SandboxClassLoader.java:164
            Caused by: java.lang.IllegalArgumentException at ClassReader.java:200

UUIDCreatorIntegrationTest > findInDirection should find element to the right[29] STANDARD_OUT
    com.augmentalis.voiceoscore.accessibility.integration.UUIDCreatorIntegrationTest.findInDirection should find element to the right: sdk=29; resources=BINARY

UUIDCreatorIntegrationTest > findInDirection should find element to the right[29] FAILED
    java.lang.NoClassDefFoundError at Shadows.java:2748
        Caused by: java.lang.ClassNotFoundException at SandboxClassLoader.java:164
            Caused by: java.lang.IllegalArgumentException at ClassReader.java:200

UUIDCreatorIntegrationTest > findInDirection should find element to the right[30] STANDARD_OUT
    com.augmentalis.voiceoscore.accessibility.integration.UUIDCreatorIntegrationTest.findInDirection should find element to the right: sdk=30; resources=BINARY

UUIDCreatorIntegrationTest > findInDirection should find element to the right[30] FAILED
    java.lang.NoClassDefFoundError at Shadows.java:2748
        Caused by: java.lang.ClassNotFoundException at SandboxClassLoader.java:164
            Caused by: java.lang.IllegalArgumentException at ClassReader.java:200

UUIDCreatorIntegrationTest > findInDirection should find element to the right[31] STANDARD_OUT
    com.augmentalis.voiceoscore.accessibility.integration.UUIDCreatorIntegrationTest.findInDirection should find element to the right: sdk=31; resources=BINARY

UUIDCreatorIntegrationTest > findInDirection should find element to the right[31] FAILED
    java.lang.NoClassDefFoundError at Shadows.java:2748
        Caused by: java.lang.ClassNotFoundException at SandboxClassLoader.java:164
            Caused by: java.lang.IllegalArgumentException at ClassReader.java:200

UUIDCreatorIntegrationTest > findInDirection should find element to the right[32] STANDARD_OUT
    com.augmentalis.voiceoscore.accessibility.integration.UUIDCreatorIntegrationTest.findInDirection should find element to the right: sdk=32; resources=BINARY

UUIDCreatorIntegrationTest > findInDirection should find element to the right[32] FAILED
    java.lang.NoClassDefFoundError at Shadows.java:2748
        Caused by: java.lang.ClassNotFoundException at SandboxClassLoader.java:164
            Caused by: java.lang.IllegalArgumentException at ClassReader.java:200

UUIDCreatorIntegrationTest > findInDirection should find element to the right[33] STANDARD_OUT
    com.augmentalis.voiceoscore.accessibility.integration.UUIDCreatorIntegrationTest.findInDirection should find element to the right: sdk=33; resources=BINARY

UUIDCreatorIntegrationTest > findInDirection should find element to the right[33] FAILED
    java.lang.NoClassDefFoundError at Shadows.java:2748
        Caused by: java.lang.ClassNotFoundException at SandboxClassLoader.java:164
            Caused by: java.lang.IllegalArgumentException at ClassReader.java:200

UUIDCreatorIntegrationTest > findInDirection should find element to the right STANDARD_OUT
    com.augmentalis.voiceoscore.accessibility.integration.UUIDCreatorIntegrationTest.findInDirection should find element to the right: sdk=34; resources=BINARY

UUIDCreatorIntegrationTest > findInDirection should find element to the right FAILED
    java.lang.NoClassDefFoundError at Shadows.java:2748
        Caused by: java.lang.ClassNotFoundException at SandboxClassLoader.java:164
            Caused by: java.lang.IllegalArgumentException at ClassReader.java:200

UUIDCreatorIntegrationTest > registerElement should allow retrieval by UUID[28] STANDARD_OUT
    com.augmentalis.voiceoscore.accessibility.integration.UUIDCreatorIntegrationTest.registerElement should allow retrieval by UUID: sdk=28; resources=BINARY

UUIDCreatorIntegrationTest > registerElement should allow retrieval by UUID[28] FAILED
    java.lang.NoClassDefFoundError at Shadows.java:2748
        Caused by: java.lang.ClassNotFoundException at SandboxClassLoader.java:164
            Caused by: java.lang.IllegalArgumentException at ClassReader.java:200

UUIDCreatorIntegrationTest > registerElement should allow retrieval by UUID[29] STANDARD_OUT
    com.augmentalis.voiceoscore.accessibility.integration.UUIDCreatorIntegrationTest.registerElement should allow retrieval by UUID: sdk=29; resources=BINARY

UUIDCreatorIntegrationTest > registerElement should allow retrieval by UUID[29] FAILED
    java.lang.NoClassDefFoundError at Shadows.java:2748
        Caused by: java.lang.ClassNotFoundException at SandboxClassLoader.java:164
            Caused by: java.lang.IllegalArgumentException at ClassReader.java:200

UUIDCreatorIntegrationTest > registerElement should allow retrieval by UUID[30] STANDARD_OUT
    com.augmentalis.voiceoscore.accessibility.integration.UUIDCreatorIntegrationTest.registerElement should allow retrieval by UUID: sdk=30; resources=BINARY

UUIDCreatorIntegrationTest > registerElement should allow retrieval by UUID[30] FAILED
    java.lang.NoClassDefFoundError at Shadows.java:2748
        Caused by: java.lang.ClassNotFoundException at SandboxClassLoader.java:164
            Caused by: java.lang.IllegalArgumentException at ClassReader.java:200

UUIDCreatorIntegrationTest > registerElement should allow retrieval by UUID[31] STANDARD_OUT
    com.augmentalis.voiceoscore.accessibility.integration.UUIDCreatorIntegrationTest.registerElement should allow retrieval by UUID: sdk=31; resources=BINARY

UUIDCreatorIntegrationTest > registerElement should allow retrieval by UUID[31] FAILED
    java.lang.NoClassDefFoundError at Shadows.java:2748
        Caused by: java.lang.ClassNotFoundException at SandboxClassLoader.java:164
            Caused by: java.lang.IllegalArgumentException at ClassReader.java:200

UUIDCreatorIntegrationTest > registerElement should allow retrieval by UUID[32] STANDARD_OUT
    com.augmentalis.voiceoscore.accessibility.integration.UUIDCreatorIntegrationTest.registerElement should allow retrieval by UUID: sdk=32; resources=BINARY

UUIDCreatorIntegrationTest > registerElement should allow retrieval by UUID[32] FAILED
    java.lang.NoClassDefFoundError at Shadows.java:2748
        Caused by: java.lang.ClassNotFoundException at SandboxClassLoader.java:164
            Caused by: java.lang.IllegalArgumentException at ClassReader.java:200

UUIDCreatorIntegrationTest > registerElement should allow retrieval by UUID[33] STANDARD_OUT
    com.augmentalis.voiceoscore.accessibility.integration.UUIDCreatorIntegrationTest.registerElement should allow retrieval by UUID: sdk=33; resources=BINARY

UUIDCreatorIntegrationTest > registerElement should allow retrieval by UUID[33] FAILED
    java.lang.NoClassDefFoundError at Shadows.java:2748
        Caused by: java.lang.ClassNotFoundException at SandboxClassLoader.java:164
            Caused by: java.lang.IllegalArgumentException at ClassReader.java:200

UUIDCreatorIntegrationTest > registerElement should allow retrieval by UUID STANDARD_OUT
    com.augmentalis.voiceoscore.accessibility.integration.UUIDCreatorIntegrationTest.registerElement should allow retrieval by UUID: sdk=34; resources=BINARY

UUIDCreatorIntegrationTest > registerElement should allow retrieval by UUID FAILED
    java.lang.NoClassDefFoundError at Shadows.java:2748
        Caused by: java.lang.ClassNotFoundException at SandboxClassLoader.java:164
            Caused by: java.lang.IllegalArgumentException at ClassReader.java:200

UUIDCreatorIntegrationTest > initialize should create singleton instance successfully[28] STANDARD_OUT
    com.augmentalis.voiceoscore.accessibility.integration.UUIDCreatorIntegrationTest.initialize should create singleton instance successfully: sdk=28; resources=BINARY

UUIDCreatorIntegrationTest > initialize should create singleton instance successfully[28] FAILED
    java.lang.NoClassDefFoundError at Shadows.java:2748
        Caused by: java.lang.ClassNotFoundException at SandboxClassLoader.java:164
            Caused by: java.lang.IllegalArgumentException at ClassReader.java:200

UUIDCreatorIntegrationTest > initialize should create singleton instance successfully[29] STANDARD_OUT
    com.augmentalis.voiceoscore.accessibility.integration.UUIDCreatorIntegrationTest.initialize should create singleton instance successfully: sdk=29; resources=BINARY

UUIDCreatorIntegrationTest > initialize should create singleton instance successfully[29] FAILED
    java.lang.NoClassDefFoundError at Shadows.java:2748
        Caused by: java.lang.ClassNotFoundException at SandboxClassLoader.java:164
            Caused by: java.lang.IllegalArgumentException at ClassReader.java:200

UUIDCreatorIntegrationTest > initialize should create singleton instance successfully[30] STANDARD_OUT
    com.augmentalis.voiceoscore.accessibility.integration.UUIDCreatorIntegrationTest.initialize should create singleton instance successfully: sdk=30; resources=BINARY

UUIDCreatorIntegrationTest > initialize should create singleton instance successfully[30] FAILED
    java.lang.NoClassDefFoundError at Shadows.java:2748
        Caused by: java.lang.ClassNotFoundException at SandboxClassLoader.java:164
            Caused by: java.lang.IllegalArgumentException at ClassReader.java:200

UUIDCreatorIntegrationTest > initialize should create singleton instance successfully[31] STANDARD_OUT
    com.augmentalis.voiceoscore.accessibility.integration.UUIDCreatorIntegrationTest.initialize should create singleton instance successfully: sdk=31; resources=BINARY

UUIDCreatorIntegrationTest > initialize should create singleton instance successfully[31] FAILED
    java.lang.NoClassDefFoundError at Shadows.java:2748
        Caused by: java.lang.ClassNotFoundException at SandboxClassLoader.java:164
            Caused by: java.lang.IllegalArgumentException at ClassReader.java:200

UUIDCreatorIntegrationTest > initialize should create singleton instance successfully[32] STANDARD_OUT
    com.augmentalis.voiceoscore.accessibility.integration.UUIDCreatorIntegrationTest.initialize should create singleton instance successfully: sdk=32; resources=BINARY

UUIDCreatorIntegrationTest > initialize should create singleton instance successfully[32] FAILED
    java.lang.NoClassDefFoundError at Shadows.java:2748
        Caused by: java.lang.ClassNotFoundException at SandboxClassLoader.java:164
            Caused by: java.lang.IllegalArgumentException at ClassReader.java:200

UUIDCreatorIntegrationTest > initialize should create singleton instance successfully[33] STANDARD_OUT
    com.augmentalis.voiceoscore.accessibility.integration.UUIDCreatorIntegrationTest.initialize should create singleton instance successfully: sdk=33; resources=BINARY

UUIDCreatorIntegrationTest > initialize should create singleton instance successfully[33] FAILED
    java.lang.NoClassDefFoundError at Shadows.java:2748
        Caused by: java.lang.ClassNotFoundException at SandboxClassLoader.java:164
            Caused by: java.lang.IllegalArgumentException at ClassReader.java:200

UUIDCreatorIntegrationTest > initialize should create singleton instance successfully STANDARD_OUT
    com.augmentalis.voiceoscore.accessibility.integration.UUIDCreatorIntegrationTest.initialize should create singleton instance successfully: sdk=34; resources=BINARY

UUIDCreatorIntegrationTest > initialize should create singleton instance successfully FAILED
    java.lang.NoClassDefFoundError at Shadows.java:2748
        Caused by: java.lang.ClassNotFoundException at SandboxClassLoader.java:164
            Caused by: java.lang.IllegalArgumentException at ClassReader.java:200

UUIDCreatorIntegrationTest > registerElement should handle multiple elements[28] STANDARD_OUT
    com.augmentalis.voiceoscore.accessibility.integration.UUIDCreatorIntegrationTest.registerElement should handle multiple elements: sdk=28; resources=BINARY

UUIDCreatorIntegrationTest > registerElement should handle multiple elements[28] FAILED
    java.lang.NoClassDefFoundError at Shadows.java:2748
        Caused by: java.lang.ClassNotFoundException at SandboxClassLoader.java:164
            Caused by: java.lang.IllegalArgumentException at ClassReader.java:200

UUIDCreatorIntegrationTest > registerElement should handle multiple elements[29] STANDARD_OUT
    com.augmentalis.voiceoscore.accessibility.integration.UUIDCreatorIntegrationTest.registerElement should handle multiple elements: sdk=29; resources=BINARY

UUIDCreatorIntegrationTest > registerElement should handle multiple elements[29] FAILED
    java.lang.NoClassDefFoundError at Shadows.java:2748
        Caused by: java.lang.ClassNotFoundException at SandboxClassLoader.java:164
            Caused by: java.lang.IllegalArgumentException at ClassReader.java:200

UUIDCreatorIntegrationTest > registerElement should handle multiple elements[30] STANDARD_OUT
    com.augmentalis.voiceoscore.accessibility.integration.UUIDCreatorIntegrationTest.registerElement should handle multiple elements: sdk=30; resources=BINARY

UUIDCreatorIntegrationTest > registerElement should handle multiple elements[30] FAILED
    java.lang.NoClassDefFoundError at Shadows.java:2748
        Caused by: java.lang.ClassNotFoundException at SandboxClassLoader.java:164
            Caused by: java.lang.IllegalArgumentException at ClassReader.java:200

UUIDCreatorIntegrationTest > registerElement should handle multiple elements[31] STANDARD_OUT
    com.augmentalis.voiceoscore.accessibility.integration.UUIDCreatorIntegrationTest.registerElement should handle multiple elements: sdk=31; resources=BINARY

UUIDCreatorIntegrationTest > registerElement should handle multiple elements[31] FAILED
    java.lang.NoClassDefFoundError at Shadows.java:2748
        Caused by: java.lang.ClassNotFoundException at SandboxClassLoader.java:164
            Caused by: java.lang.IllegalArgumentException at ClassReader.java:200

UUIDCreatorIntegrationTest > registerElement should handle multiple elements[32] STANDARD_OUT
    com.augmentalis.voiceoscore.accessibility.integration.UUIDCreatorIntegrationTest.registerElement should handle multiple elements: sdk=32; resources=BINARY

UUIDCreatorIntegrationTest > registerElement should handle multiple elements[32] FAILED
    java.lang.NoClassDefFoundError at Shadows.java:2748
        Caused by: java.lang.ClassNotFoundException at SandboxClassLoader.java:164
            Caused by: java.lang.IllegalArgumentException at ClassReader.java:200

UUIDCreatorIntegrationTest > registerElement should handle multiple elements[33] STANDARD_OUT
    com.augmentalis.voiceoscore.accessibility.integration.UUIDCreatorIntegrationTest.registerElement should handle multiple elements: sdk=33; resources=BINARY

UUIDCreatorIntegrationTest > registerElement should handle multiple elements[33] FAILED
    java.lang.NoClassDefFoundError at Shadows.java:2748
        Caused by: java.lang.ClassNotFoundException at SandboxClassLoader.java:164
            Caused by: java.lang.IllegalArgumentException at ClassReader.java:200

UUIDCreatorIntegrationTest > registerElement should handle multiple elements STANDARD_OUT
    com.augmentalis.voiceoscore.accessibility.integration.UUIDCreatorIntegrationTest.registerElement should handle multiple elements: sdk=34; resources=BINARY

UUIDCreatorIntegrationTest > registerElement should handle multiple elements FAILED
    java.lang.NoClassDefFoundError at Shadows.java:2748
        Caused by: java.lang.ClassNotFoundException at SandboxClassLoader.java:164
            Caused by: java.lang.IllegalArgumentException at ClassReader.java:200

UUIDCreatorIntegrationTest > findByUUID should return null for non-existent UUID[28] STANDARD_OUT
    com.augmentalis.voiceoscore.accessibility.integration.UUIDCreatorIntegrationTest.findByUUID should return null for non-existent UUID: sdk=28; resources=BINARY

UUIDCreatorIntegrationTest > findByUUID should return null for non-existent UUID[28] FAILED
    java.lang.NoClassDefFoundError at Shadows.java:2748
        Caused by: java.lang.ClassNotFoundException at SandboxClassLoader.java:164
            Caused by: java.lang.IllegalArgumentException at ClassReader.java:200

UUIDCreatorIntegrationTest > findByUUID should return null for non-existent UUID[29] STANDARD_OUT
    com.augmentalis.voiceoscore.accessibility.integration.UUIDCreatorIntegrationTest.findByUUID should return null for non-existent UUID: sdk=29; resources=BINARY

UUIDCreatorIntegrationTest > findByUUID should return null for non-existent UUID[29] FAILED
    java.lang.NoClassDefFoundError at Shadows.java:2748
        Caused by: java.lang.ClassNotFoundException at SandboxClassLoader.java:164
            Caused by: java.lang.IllegalArgumentException at ClassReader.java:200

UUIDCreatorIntegrationTest > findByUUID should return null for non-existent UUID[30] STANDARD_OUT
    com.augmentalis.voiceoscore.accessibility.integration.UUIDCreatorIntegrationTest.findByUUID should return null for non-existent UUID: sdk=30; resources=BINARY

UUIDCreatorIntegrationTest > findByUUID should return null for non-existent UUID[30] FAILED
    java.lang.NoClassDefFoundError at Shadows.java:2748
        Caused by: java.lang.ClassNotFoundException at SandboxClassLoader.java:164
            Caused by: java.lang.IllegalArgumentException at ClassReader.java:200

UUIDCreatorIntegrationTest > findByUUID should return null for non-existent UUID[31] STANDARD_OUT
    com.augmentalis.voiceoscore.accessibility.integration.UUIDCreatorIntegrationTest.findByUUID should return null for non-existent UUID: sdk=31; resources=BINARY

UUIDCreatorIntegrationTest > findByUUID should return null for non-existent UUID[31] FAILED
    java.lang.NoClassDefFoundError at Shadows.java:2748
        Caused by: java.lang.ClassNotFoundException at SandboxClassLoader.java:164
            Caused by: java.lang.IllegalArgumentException at ClassReader.java:200

UUIDCreatorIntegrationTest > findByUUID should return null for non-existent UUID[32] STANDARD_OUT
    com.augmentalis.voiceoscore.accessibility.integration.UUIDCreatorIntegrationTest.findByUUID should return null for non-existent UUID: sdk=32; resources=BINARY

UUIDCreatorIntegrationTest > findByUUID should return null for non-existent UUID[32] FAILED
    java.lang.NoClassDefFoundError at Shadows.java:2748
        Caused by: java.lang.ClassNotFoundException at SandboxClassLoader.java:164
            Caused by: java.lang.IllegalArgumentException at ClassReader.java:200

UUIDCreatorIntegrationTest > findByUUID should return null for non-existent UUID[33] STANDARD_OUT
    com.augmentalis.voiceoscore.accessibility.integration.UUIDCreatorIntegrationTest.findByUUID should return null for non-existent UUID: sdk=33; resources=BINARY

UUIDCreatorIntegrationTest > findByUUID should return null for non-existent UUID[33] FAILED
    java.lang.NoClassDefFoundError at Shadows.java:2748
        Caused by: java.lang.ClassNotFoundException at SandboxClassLoader.java:164
            Caused by: java.lang.IllegalArgumentException at ClassReader.java:200

UUIDCreatorIntegrationTest > findByUUID should return null for non-existent UUID STANDARD_OUT
    com.augmentalis.voiceoscore.accessibility.integration.UUIDCreatorIntegrationTest.findByUUID should return null for non-existent UUID: sdk=34; resources=BINARY

UUIDCreatorIntegrationTest > findByUUID should return null for non-existent UUID FAILED
    java.lang.NoClassDefFoundError at Shadows.java:2748
        Caused by: java.lang.ClassNotFoundException at SandboxClassLoader.java:164
            Caused by: java.lang.IllegalArgumentException at ClassReader.java:200

UUIDCreatorIntegrationTest > registerElement should handle elements with same name but different types[28] STANDARD_OUT
    com.augmentalis.voiceoscore.accessibility.integration.UUIDCreatorIntegrationTest.registerElement should handle elements with same name but different types: sdk=28; resources=BINARY

UUIDCreatorIntegrationTest > registerElement should handle elements with same name but different types[28] FAILED
    java.lang.NoClassDefFoundError at Shadows.java:2748
        Caused by: java.lang.ClassNotFoundException at SandboxClassLoader.java:164
            Caused by: java.lang.IllegalArgumentException at ClassReader.java:200

UUIDCreatorIntegrationTest > registerElement should handle elements with same name but different types[29] STANDARD_OUT
    com.augmentalis.voiceoscore.accessibility.integration.UUIDCreatorIntegrationTest.registerElement should handle elements with same name but different types: sdk=29; resources=BINARY

UUIDCreatorIntegrationTest > registerElement should handle elements with same name but different types[29] FAILED
    java.lang.NoClassDefFoundError at Shadows.java:2748
        Caused by: java.lang.ClassNotFoundException at SandboxClassLoader.java:164
            Caused by: java.lang.IllegalArgumentException at ClassReader.java:200

UUIDCreatorIntegrationTest > registerElement should handle elements with same name but different types[30] STANDARD_OUT
    com.augmentalis.voiceoscore.accessibility.integration.UUIDCreatorIntegrationTest.registerElement should handle elements with same name but different types: sdk=30; resources=BINARY

UUIDCreatorIntegrationTest > registerElement should handle elements with same name but different types[30] FAILED
    java.lang.NoClassDefFoundError at Shadows.java:2748
        Caused by: java.lang.ClassNotFoundException at SandboxClassLoader.java:164
            Caused by: java.lang.IllegalArgumentException at ClassReader.java:200

UUIDCreatorIntegrationTest > registerElement should handle elements with same name but different types[31] STANDARD_OUT
    com.augmentalis.voiceoscore.accessibility.integration.UUIDCreatorIntegrationTest.registerElement should handle elements with same name but different types: sdk=31; resources=BINARY

UUIDCreatorIntegrationTest > registerElement should handle elements with same name but different types[31] FAILED
    java.lang.NoClassDefFoundError at Shadows.java:2748
        Caused by: java.lang.ClassNotFoundException at SandboxClassLoader.java:164
            Caused by: java.lang.IllegalArgumentException at ClassReader.java:200

UUIDCreatorIntegrationTest > registerElement should handle elements with same name but different types[32] STANDARD_OUT
    com.augmentalis.voiceoscore.accessibility.integration.UUIDCreatorIntegrationTest.registerElement should handle elements with same name but different types: sdk=32; resources=BINARY

UUIDCreatorIntegrationTest > registerElement should handle elements with same name but different types[32] FAILED
    java.lang.NoClassDefFoundError at Shadows.java:2748
        Caused by: java.lang.ClassNotFoundException at SandboxClassLoader.java:164
            Caused by: java.lang.IllegalArgumentException at ClassReader.java:200

UUIDCreatorIntegrationTest > registerElement should handle elements with same name but different types[33] STANDARD_OUT
    com.augmentalis.voiceoscore.accessibility.integration.UUIDCreatorIntegrationTest.registerElement should handle elements with same name but different types: sdk=33; resources=BINARY

UUIDCreatorIntegrationTest > registerElement should handle elements with same name but different types[33] FAILED
    java.lang.NoClassDefFoundError at Shadows.java:2748
        Caused by: java.lang.ClassNotFoundException at SandboxClassLoader.java:164
            Caused by: java.lang.IllegalArgumentException at ClassReader.java:200

UUIDCreatorIntegrationTest > registerElement should handle elements with same name but different types STANDARD_OUT
    com.augmentalis.voiceoscore.accessibility.integration.UUIDCreatorIntegrationTest.registerElement should handle elements with same name but different types: sdk=34; resources=BINARY

UUIDCreatorIntegrationTest > registerElement should handle elements with same name but different types FAILED
    java.lang.NoClassDefFoundError at Shadows.java:2748
        Caused by: java.lang.ClassNotFoundException at SandboxClassLoader.java:164
            Caused by: java.lang.IllegalArgumentException at ClassReader.java:200

UUIDCreatorIntegrationTest > registerElement should handle accessibility node info properties[28] STANDARD_OUT
    com.augmentalis.voiceoscore.accessibility.integration.UUIDCreatorIntegrationTest.registerElement should handle accessibility node info properties: sdk=28; resources=BINARY

UUIDCreatorIntegrationTest > registerElement should handle accessibility node info properties[28] FAILED
    java.lang.NoClassDefFoundError at Shadows.java:2748
        Caused by: java.lang.ClassNotFoundException at SandboxClassLoader.java:164
            Caused by: java.lang.IllegalArgumentException at ClassReader.java:200

UUIDCreatorIntegrationTest > registerElement should handle accessibility node info properties[29] STANDARD_OUT
    com.augmentalis.voiceoscore.accessibility.integration.UUIDCreatorIntegrationTest.registerElement should handle accessibility node info properties: sdk=29; resources=BINARY

UUIDCreatorIntegrationTest > registerElement should handle accessibility node info properties[29] FAILED
    java.lang.NoClassDefFoundError at Shadows.java:2748
        Caused by: java.lang.ClassNotFoundException at SandboxClassLoader.java:164
            Caused by: java.lang.IllegalArgumentException at ClassReader.java:200

UUIDCreatorIntegrationTest > registerElement should handle accessibility node info properties[30] STANDARD_OUT
    com.augmentalis.voiceoscore.accessibility.integration.UUIDCreatorIntegrationTest.registerElement should handle accessibility node info properties: sdk=30; resources=BINARY

UUIDCreatorIntegrationTest > registerElement should handle accessibility node info properties[30] FAILED
    java.lang.NoClassDefFoundError at Shadows.java:2748
        Caused by: java.lang.ClassNotFoundException at SandboxClassLoader.java:164
            Caused by: java.lang.IllegalArgumentException at ClassReader.java:200

UUIDCreatorIntegrationTest > registerElement should handle accessibility node info properties[31] STANDARD_OUT
    com.augmentalis.voiceoscore.accessibility.integration.UUIDCreatorIntegrationTest.registerElement should handle accessibility node info properties: sdk=31; resources=BINARY

UUIDCreatorIntegrationTest > registerElement should handle accessibility node info properties[31] FAILED
    java.lang.NoClassDefFoundError at Shadows.java:2748
        Caused by: java.lang.ClassNotFoundException at SandboxClassLoader.java:164
            Caused by: java.lang.IllegalArgumentException at ClassReader.java:200

UUIDCreatorIntegrationTest > registerElement should handle accessibility node info properties[32] STANDARD_OUT
    com.augmentalis.voiceoscore.accessibility.integration.UUIDCreatorIntegrationTest.registerElement should handle accessibility node info properties: sdk=32; resources=BINARY

UUIDCreatorIntegrationTest > registerElement should handle accessibility node info properties[32] FAILED
    java.lang.NoClassDefFoundError at Shadows.java:2748
        Caused by: java.lang.ClassNotFoundException at SandboxClassLoader.java:164
            Caused by: java.lang.IllegalArgumentException at ClassReader.java:200

UUIDCreatorIntegrationTest > registerElement should handle accessibility node info properties[33] STANDARD_OUT
    com.augmentalis.voiceoscore.accessibility.integration.UUIDCreatorIntegrationTest.registerElement should handle accessibility node info properties: sdk=33; resources=BINARY

UUIDCreatorIntegrationTest > registerElement should handle accessibility node info properties[33] FAILED
    java.lang.NoClassDefFoundError at Shadows.java:2748
        Caused by: java.lang.ClassNotFoundException at SandboxClassLoader.java:164
            Caused by: java.lang.IllegalArgumentException at ClassReader.java:200

UUIDCreatorIntegrationTest > registerElement should handle accessibility node info properties STANDARD_OUT
    com.augmentalis.voiceoscore.accessibility.integration.UUIDCreatorIntegrationTest.registerElement should handle accessibility node info properties: sdk=34; resources=BINARY

UUIDCreatorIntegrationTest > registerElement should handle accessibility node info properties FAILED
    java.lang.NoClassDefFoundError at Shadows.java:2748
        Caused by: java.lang.ClassNotFoundException at SandboxClassLoader.java:164
            Caused by: java.lang.IllegalArgumentException at ClassReader.java:200

UUIDCreatorIntegrationTest > should handle spatial voice commands[28] STANDARD_OUT
    com.augmentalis.voiceoscore.accessibility.integration.UUIDCreatorIntegrationTest.should handle spatial voice commands: sdk=28; resources=BINARY

UUIDCreatorIntegrationTest > should handle spatial voice commands[28] FAILED
    java.lang.NoClassDefFoundError at Shadows.java:2748
        Caused by: java.lang.ClassNotFoundException at SandboxClassLoader.java:164
            Caused by: java.lang.IllegalArgumentException at ClassReader.java:200

UUIDCreatorIntegrationTest > should handle spatial voice commands[29] STANDARD_OUT
    com.augmentalis.voiceoscore.accessibility.integration.UUIDCreatorIntegrationTest.should handle spatial voice commands: sdk=29; resources=BINARY

UUIDCreatorIntegrationTest > should handle spatial voice commands[29] FAILED
    java.lang.NoClassDefFoundError at Shadows.java:2748
        Caused by: java.lang.ClassNotFoundException at SandboxClassLoader.java:164
            Caused by: java.lang.IllegalArgumentException at ClassReader.java:200

UUIDCreatorIntegrationTest > should handle spatial voice commands[30] STANDARD_OUT
    com.augmentalis.voiceoscore.accessibility.integration.UUIDCreatorIntegrationTest.should handle spatial voice commands: sdk=30; resources=BINARY

UUIDCreatorIntegrationTest > should handle spatial voice commands[30] FAILED
    java.lang.NoClassDefFoundError at Shadows.java:2748
        Caused by: java.lang.ClassNotFoundException at SandboxClassLoader.java:164
            Caused by: java.lang.IllegalArgumentException at ClassReader.java:200

UUIDCreatorIntegrationTest > should handle spatial voice commands[31] STANDARD_OUT
    com.augmentalis.voiceoscore.accessibility.integration.UUIDCreatorIntegrationTest.should handle spatial voice commands: sdk=31; resources=BINARY

UUIDCreatorIntegrationTest > should handle spatial voice commands[31] FAILED
    java.lang.NoClassDefFoundError at Shadows.java:2748
        Caused by: java.lang.ClassNotFoundException at SandboxClassLoader.java:164
            Caused by: java.lang.IllegalArgumentException at ClassReader.java:200

UUIDCreatorIntegrationTest > should handle spatial voice commands[32] STANDARD_OUT
    com.augmentalis.voiceoscore.accessibility.integration.UUIDCreatorIntegrationTest.should handle spatial voice commands: sdk=32; resources=BINARY

UUIDCreatorIntegrationTest > should handle spatial voice commands[32] FAILED
    java.lang.NoClassDefFoundError at Shadows.java:2748
        Caused by: java.lang.ClassNotFoundException at SandboxClassLoader.java:164
            Caused by: java.lang.IllegalArgumentException at ClassReader.java:200

UUIDCreatorIntegrationTest > should handle spatial voice commands[33] STANDARD_OUT
    com.augmentalis.voiceoscore.accessibility.integration.UUIDCreatorIntegrationTest.should handle spatial voice commands: sdk=33; resources=BINARY

UUIDCreatorIntegrationTest > should handle spatial voice commands[33] FAILED
    java.lang.NoClassDefFoundError at Shadows.java:2748
        Caused by: java.lang.ClassNotFoundException at SandboxClassLoader.java:164
            Caused by: java.lang.IllegalArgumentException at ClassReader.java:200

UUIDCreatorIntegrationTest > should handle spatial voice commands STANDARD_OUT
    com.augmentalis.voiceoscore.accessibility.integration.UUIDCreatorIntegrationTest.should handle spatial voice commands: sdk=34; resources=BINARY

UUIDCreatorIntegrationTest > should handle spatial voice commands FAILED
    java.lang.NoClassDefFoundError at Shadows.java:2748
        Caused by: java.lang.ClassNotFoundException at SandboxClassLoader.java:164
            Caused by: java.lang.IllegalArgumentException at ClassReader.java:200

UUIDCreatorIntegrationTest > registerElement should generate and return UUID[28] STANDARD_OUT
    com.augmentalis.voiceoscore.accessibility.integration.UUIDCreatorIntegrationTest.registerElement should generate and return UUID: sdk=28; resources=BINARY

UUIDCreatorIntegrationTest > registerElement should generate and return UUID[28] FAILED
    java.lang.NoClassDefFoundError at Shadows.java:2748
        Caused by: java.lang.ClassNotFoundException at SandboxClassLoader.java:164
            Caused by: java.lang.IllegalArgumentException at ClassReader.java:200

UUIDCreatorIntegrationTest > registerElement should generate and return UUID[29] STANDARD_OUT
    com.augmentalis.voiceoscore.accessibility.integration.UUIDCreatorIntegrationTest.registerElement should generate and return UUID: sdk=29; resources=BINARY

UUIDCreatorIntegrationTest > registerElement should generate and return UUID[29] FAILED
    java.lang.NoClassDefFoundError at Shadows.java:2748
        Caused by: java.lang.ClassNotFoundException at SandboxClassLoader.java:164
            Caused by: java.lang.IllegalArgumentException at ClassReader.java:200

UUIDCreatorIntegrationTest > registerElement should generate and return UUID[30] STANDARD_OUT
    com.augmentalis.voiceoscore.accessibility.integration.UUIDCreatorIntegrationTest.registerElement should generate and return UUID: sdk=30; resources=BINARY

UUIDCreatorIntegrationTest > registerElement should generate and return UUID[30] FAILED
    java.lang.NoClassDefFoundError at Shadows.java:2748
        Caused by: java.lang.ClassNotFoundException at SandboxClassLoader.java:164
            Caused by: java.lang.IllegalArgumentException at ClassReader.java:200

UUIDCreatorIntegrationTest > registerElement should generate and return UUID[31] STANDARD_OUT
    com.augmentalis.voiceoscore.accessibility.integration.UUIDCreatorIntegrationTest.registerElement should generate and return UUID: sdk=31; resources=BINARY

UUIDCreatorIntegrationTest > registerElement should generate and return UUID[31] FAILED
    java.lang.NoClassDefFoundError at Shadows.java:2748
        Caused by: java.lang.ClassNotFoundException at SandboxClassLoader.java:164
            Caused by: java.lang.IllegalArgumentException at ClassReader.java:200

UUIDCreatorIntegrationTest > registerElement should generate and return UUID[32] STANDARD_OUT
    com.augmentalis.voiceoscore.accessibility.integration.UUIDCreatorIntegrationTest.registerElement should generate and return UUID: sdk=32; resources=BINARY

UUIDCreatorIntegrationTest > registerElement should generate and return UUID[32] FAILED
    java.lang.NoClassDefFoundError at Shadows.java:2748
        Caused by: java.lang.ClassNotFoundException at SandboxClassLoader.java:164
            Caused by: java.lang.IllegalArgumentException at ClassReader.java:200

UUIDCreatorIntegrationTest > registerElement should generate and return UUID[33] STANDARD_OUT
    com.augmentalis.voiceoscore.accessibility.integration.UUIDCreatorIntegrationTest.registerElement should generate and return UUID: sdk=33; resources=BINARY

UUIDCreatorIntegrationTest > registerElement should generate and return UUID[33] FAILED
    java.lang.NoClassDefFoundError at Shadows.java:2748
        Caused by: java.lang.ClassNotFoundException at SandboxClassLoader.java:164
            Caused by: java.lang.IllegalArgumentException at ClassReader.java:200

UUIDCreatorIntegrationTest > registerElement should generate and return UUID STANDARD_OUT
    com.augmentalis.voiceoscore.accessibility.integration.UUIDCreatorIntegrationTest.registerElement should generate and return UUID: sdk=34; resources=BINARY

UUIDCreatorIntegrationTest > registerElement should generate and return UUID FAILED
    java.lang.NoClassDefFoundError at Shadows.java:2748
        Caused by: java.lang.ClassNotFoundException at SandboxClassLoader.java:164
            Caused by: java.lang.IllegalArgumentException at ClassReader.java:200

UUIDCreatorIntegrationTest > should handle concurrent registrations safely[28] STANDARD_OUT
    com.augmentalis.voiceoscore.accessibility.integration.UUIDCreatorIntegrationTest.should handle concurrent registrations safely: sdk=28; resources=BINARY

UUIDCreatorIntegrationTest > should handle concurrent registrations safely[28] FAILED
    java.lang.NoClassDefFoundError at Shadows.java:2748
        Caused by: java.lang.ClassNotFoundException at SandboxClassLoader.java:164
            Caused by: java.lang.IllegalArgumentException at ClassReader.java:200

UUIDCreatorIntegrationTest > should handle concurrent registrations safely[29] STANDARD_OUT
    com.augmentalis.voiceoscore.accessibility.integration.UUIDCreatorIntegrationTest.should handle concurrent registrations safely: sdk=29; resources=BINARY

UUIDCreatorIntegrationTest > should handle concurrent registrations safely[29] FAILED
    java.lang.NoClassDefFoundError at Shadows.java:2748
        Caused by: java.lang.ClassNotFoundException at SandboxClassLoader.java:164
            Caused by: java.lang.IllegalArgumentException at ClassReader.java:200

UUIDCreatorIntegrationTest > should handle concurrent registrations safely[30] STANDARD_OUT
    com.augmentalis.voiceoscore.accessibility.integration.UUIDCreatorIntegrationTest.should handle concurrent registrations safely: sdk=30; resources=BINARY

UUIDCreatorIntegrationTest > should handle concurrent registrations safely[30] FAILED
    java.lang.NoClassDefFoundError at Shadows.java:2748
        Caused by: java.lang.ClassNotFoundException at SandboxClassLoader.java:164
            Caused by: java.lang.IllegalArgumentException at ClassReader.java:200

UUIDCreatorIntegrationTest > should handle concurrent registrations safely[31] STANDARD_OUT
    com.augmentalis.voiceoscore.accessibility.integration.UUIDCreatorIntegrationTest.should handle concurrent registrations safely: sdk=31; resources=BINARY

UUIDCreatorIntegrationTest > should handle concurrent registrations safely[31] FAILED
    java.lang.NoClassDefFoundError at Shadows.java:2748
        Caused by: java.lang.ClassNotFoundException at SandboxClassLoader.java:164
            Caused by: java.lang.IllegalArgumentException at ClassReader.java:200

UUIDCreatorIntegrationTest > should handle concurrent registrations safely[32] STANDARD_OUT
    com.augmentalis.voiceoscore.accessibility.integration.UUIDCreatorIntegrationTest.should handle concurrent registrations safely: sdk=32; resources=BINARY

UUIDCreatorIntegrationTest > should handle concurrent registrations safely[32] FAILED
    java.lang.NoClassDefFoundError at Shadows.java:2748
        Caused by: java.lang.ClassNotFoundException at SandboxClassLoader.java:164
            Caused by: java.lang.IllegalArgumentException at ClassReader.java:200

UUIDCreatorIntegrationTest > should handle concurrent registrations safely[33] STANDARD_OUT
    com.augmentalis.voiceoscore.accessibility.integration.UUIDCreatorIntegrationTest.should handle concurrent registrations safely: sdk=33; resources=BINARY

UUIDCreatorIntegrationTest > should handle concurrent registrations safely[33] FAILED
    java.lang.NoClassDefFoundError at Shadows.java:2748
        Caused by: java.lang.ClassNotFoundException at SandboxClassLoader.java:164
            Caused by: java.lang.IllegalArgumentException at ClassReader.java:200

UUIDCreatorIntegrationTest > should handle concurrent registrations safely STANDARD_OUT
    com.augmentalis.voiceoscore.accessibility.integration.UUIDCreatorIntegrationTest.should handle concurrent registrations safely: sdk=34; resources=BINARY

UUIDCreatorIntegrationTest > should handle concurrent registrations safely FAILED
    java.lang.NoClassDefFoundError at Shadows.java:2748
        Caused by: java.lang.ClassNotFoundException at SandboxClassLoader.java:164
            Caused by: java.lang.IllegalArgumentException at ClassReader.java:200

UUIDCreatorIntegrationTest > findByPosition should return element at specified position[28] STANDARD_OUT
    com.augmentalis.voiceoscore.accessibility.integration.UUIDCreatorIntegrationTest.findByPosition should return element at specified position: sdk=28; resources=BINARY

UUIDCreatorIntegrationTest > findByPosition should return element at specified position[28] FAILED
    java.lang.NoClassDefFoundError at Shadows.java:2748
        Caused by: java.lang.ClassNotFoundException at SandboxClassLoader.java:164
            Caused by: java.lang.IllegalArgumentException at ClassReader.java:200

UUIDCreatorIntegrationTest > findByPosition should return element at specified position[29] STANDARD_OUT
    com.augmentalis.voiceoscore.accessibility.integration.UUIDCreatorIntegrationTest.findByPosition should return element at specified position: sdk=29; resources=BINARY

UUIDCreatorIntegrationTest > findByPosition should return element at specified position[29] FAILED
    java.lang.NoClassDefFoundError at Shadows.java:2748
        Caused by: java.lang.ClassNotFoundException at SandboxClassLoader.java:164
            Caused by: java.lang.IllegalArgumentException at ClassReader.java:200

UUIDCreatorIntegrationTest > findByPosition should return element at specified position[30] STANDARD_OUT
    com.augmentalis.voiceoscore.accessibility.integration.UUIDCreatorIntegrationTest.findByPosition should return element at specified position: sdk=30; resources=BINARY

UUIDCreatorIntegrationTest > findByPosition should return element at specified position[30] FAILED
    java.lang.NoClassDefFoundError at Shadows.java:2748
        Caused by: java.lang.ClassNotFoundException at SandboxClassLoader.java:164
            Caused by: java.lang.IllegalArgumentException at ClassReader.java:200

UUIDCreatorIntegrationTest > findByPosition should return element at specified position[31] STANDARD_OUT
    com.augmentalis.voiceoscore.accessibility.integration.UUIDCreatorIntegrationTest.findByPosition should return element at specified position: sdk=31; resources=BINARY

UUIDCreatorIntegrationTest > findByPosition should return element at specified position[31] FAILED
    java.lang.NoClassDefFoundError at Shadows.java:2748
        Caused by: java.lang.ClassNotFoundException at SandboxClassLoader.java:164
            Caused by: java.lang.IllegalArgumentException at ClassReader.java:200

UUIDCreatorIntegrationTest > findByPosition should return element at specified position[32] STANDARD_OUT
    com.augmentalis.voiceoscore.accessibility.integration.UUIDCreatorIntegrationTest.findByPosition should return element at specified position: sdk=32; resources=BINARY

UUIDCreatorIntegrationTest > findByPosition should return element at specified position[32] FAILED
    java.lang.NoClassDefFoundError at Shadows.java:2748
        Caused by: java.lang.ClassNotFoundException at SandboxClassLoader.java:164
            Caused by: java.lang.IllegalArgumentException at ClassReader.java:200

UUIDCreatorIntegrationTest > findByPosition should return element at specified position[33] STANDARD_OUT
    com.augmentalis.voiceoscore.accessibility.integration.UUIDCreatorIntegrationTest.findByPosition should return element at specified position: sdk=33; resources=BINARY

UUIDCreatorIntegrationTest > findByPosition should return element at specified position[33] FAILED
    java.lang.NoClassDefFoundError at Shadows.java:2748
        Caused by: java.lang.ClassNotFoundException at SandboxClassLoader.java:164
            Caused by: java.lang.IllegalArgumentException at ClassReader.java:200

UUIDCreatorIntegrationTest > findByPosition should return element at specified position STANDARD_OUT
    com.augmentalis.voiceoscore.accessibility.integration.UUIDCreatorIntegrationTest.findByPosition should return element at specified position: sdk=34; resources=BINARY

UUIDCreatorIntegrationTest > findByPosition should return element at specified position FAILED
    java.lang.NoClassDefFoundError at Shadows.java:2748
        Caused by: java.lang.ClassNotFoundException at SandboxClassLoader.java:164
            Caused by: java.lang.IllegalArgumentException at ClassReader.java:200

UUIDCreatorIntegrationTest > findInDirection should handle all cardinal directions[28] STANDARD_OUT
    com.augmentalis.voiceoscore.accessibility.integration.UUIDCreatorIntegrationTest.findInDirection should handle all cardinal directions: sdk=28; resources=BINARY

UUIDCreatorIntegrationTest > findInDirection should handle all cardinal directions[28] FAILED
    java.lang.NoClassDefFoundError at Shadows.java:2748
        Caused by: java.lang.ClassNotFoundException at SandboxClassLoader.java:164
            Caused by: java.lang.IllegalArgumentException at ClassReader.java:200

UUIDCreatorIntegrationTest > findInDirection should handle all cardinal directions[29] STANDARD_OUT
    com.augmentalis.voiceoscore.accessibility.integration.UUIDCreatorIntegrationTest.findInDirection should handle all cardinal directions: sdk=29; resources=BINARY

UUIDCreatorIntegrationTest > findInDirection should handle all cardinal directions[29] FAILED
    java.lang.NoClassDefFoundError at Shadows.java:2748
        Caused by: java.lang.ClassNotFoundException at SandboxClassLoader.java:164
            Caused by: java.lang.IllegalArgumentException at ClassReader.java:200

UUIDCreatorIntegrationTest > findInDirection should handle all cardinal directions[30] STANDARD_OUT
    com.augmentalis.voiceoscore.accessibility.integration.UUIDCreatorIntegrationTest.findInDirection should handle all cardinal directions: sdk=30; resources=BINARY

UUIDCreatorIntegrationTest > findInDirection should handle all cardinal directions[30] FAILED
    java.lang.NoClassDefFoundError at Shadows.java:2748
        Caused by: java.lang.ClassNotFoundException at SandboxClassLoader.java:164
            Caused by: java.lang.IllegalArgumentException at ClassReader.java:200

UUIDCreatorIntegrationTest > findInDirection should handle all cardinal directions[31] STANDARD_OUT
    com.augmentalis.voiceoscore.accessibility.integration.UUIDCreatorIntegrationTest.findInDirection should handle all cardinal directions: sdk=31; resources=BINARY

UUIDCreatorIntegrationTest > findInDirection should handle all cardinal directions[31] FAILED
    java.lang.NoClassDefFoundError at Shadows.java:2748
        Caused by: java.lang.ClassNotFoundException at SandboxClassLoader.java:164
            Caused by: java.lang.IllegalArgumentException at ClassReader.java:200

UUIDCreatorIntegrationTest > findInDirection should handle all cardinal directions[32] STANDARD_OUT
    com.augmentalis.voiceoscore.accessibility.integration.UUIDCreatorIntegrationTest.findInDirection should handle all cardinal directions: sdk=32; resources=BINARY

UUIDCreatorIntegrationTest > findInDirection should handle all cardinal directions[32] FAILED
    java.lang.NoClassDefFoundError at Shadows.java:2748
        Caused by: java.lang.ClassNotFoundException at SandboxClassLoader.java:164
            Caused by: java.lang.IllegalArgumentException at ClassReader.java:200

UUIDCreatorIntegrationTest > findInDirection should handle all cardinal directions[33] STANDARD_OUT
    com.augmentalis.voiceoscore.accessibility.integration.UUIDCreatorIntegrationTest.findInDirection should handle all cardinal directions: sdk=33; resources=BINARY

UUIDCreatorIntegrationTest > findInDirection should handle all cardinal directions[33] FAILED
    java.lang.NoClassDefFoundError at Shadows.java:2748
        Caused by: java.lang.ClassNotFoundException at SandboxClassLoader.java:164
            Caused by: java.lang.IllegalArgumentException at ClassReader.java:200

UUIDCreatorIntegrationTest > findInDirection should handle all cardinal directions STANDARD_OUT
    com.augmentalis.voiceoscore.accessibility.integration.UUIDCreatorIntegrationTest.findInDirection should handle all cardinal directions: sdk=34; resources=BINARY

UUIDCreatorIntegrationTest > findInDirection should handle all cardinal directions FAILED
    java.lang.NoClassDefFoundError at Shadows.java:2748
        Caused by: java.lang.ClassNotFoundException at SandboxClassLoader.java:164
            Caused by: java.lang.IllegalArgumentException at ClassReader.java:200

UUIDCreatorIntegrationTest > should register elements efficiently[28] STANDARD_OUT
    com.augmentalis.voiceoscore.accessibility.integration.UUIDCreatorIntegrationTest.should register elements efficiently: sdk=28; resources=BINARY

UUIDCreatorIntegrationTest > should register elements efficiently[28] FAILED
    java.lang.NoClassDefFoundError at Shadows.java:2748
        Caused by: java.lang.ClassNotFoundException at SandboxClassLoader.java:164
            Caused by: java.lang.IllegalArgumentException at ClassReader.java:200

UUIDCreatorIntegrationTest > should register elements efficiently[29] STANDARD_OUT
    com.augmentalis.voiceoscore.accessibility.integration.UUIDCreatorIntegrationTest.should register elements efficiently: sdk=29; resources=BINARY

UUIDCreatorIntegrationTest > should register elements efficiently[29] FAILED
    java.lang.NoClassDefFoundError at Shadows.java:2748
        Caused by: java.lang.ClassNotFoundException at SandboxClassLoader.java:164
            Caused by: java.lang.IllegalArgumentException at ClassReader.java:200

UUIDCreatorIntegrationTest > should register elements efficiently[30] STANDARD_OUT
    com.augmentalis.voiceoscore.accessibility.integration.UUIDCreatorIntegrationTest.should register elements efficiently: sdk=30; resources=BINARY

UUIDCreatorIntegrationTest > should register elements efficiently[30] FAILED
    java.lang.NoClassDefFoundError at Shadows.java:2748
        Caused by: java.lang.ClassNotFoundException at SandboxClassLoader.java:164
            Caused by: java.lang.IllegalArgumentException at ClassReader.java:200

UUIDCreatorIntegrationTest > should register elements efficiently[31] STANDARD_OUT
    com.augmentalis.voiceoscore.accessibility.integration.UUIDCreatorIntegrationTest.should register elements efficiently: sdk=31; resources=BINARY

UUIDCreatorIntegrationTest > should register elements efficiently[31] FAILED
    java.lang.NoClassDefFoundError at Shadows.java:2748
        Caused by: java.lang.ClassNotFoundException at SandboxClassLoader.java:164
            Caused by: java.lang.IllegalArgumentException at ClassReader.java:200

UUIDCreatorIntegrationTest > should register elements efficiently[32] STANDARD_OUT
    com.augmentalis.voiceoscore.accessibility.integration.UUIDCreatorIntegrationTest.should register elements efficiently: sdk=32; resources=BINARY

UUIDCreatorIntegrationTest > should register elements efficiently[32] FAILED
    java.lang.NoClassDefFoundError at Shadows.java:2748
        Caused by: java.lang.ClassNotFoundException at SandboxClassLoader.java:164
            Caused by: java.lang.IllegalArgumentException at ClassReader.java:200

UUIDCreatorIntegrationTest > should register elements efficiently[33] STANDARD_OUT
    com.augmentalis.voiceoscore.accessibility.integration.UUIDCreatorIntegrationTest.should register elements efficiently: sdk=33; resources=BINARY

UUIDCreatorIntegrationTest > should register elements efficiently[33] FAILED
    java.lang.NoClassDefFoundError at Shadows.java:2748
        Caused by: java.lang.ClassNotFoundException at SandboxClassLoader.java:164
            Caused by: java.lang.IllegalArgumentException at ClassReader.java:200

UUIDCreatorIntegrationTest > should register elements efficiently STANDARD_OUT
    com.augmentalis.voiceoscore.accessibility.integration.UUIDCreatorIntegrationTest.should register elements efficiently: sdk=34; resources=BINARY

UUIDCreatorIntegrationTest > should register elements efficiently FAILED
    java.lang.NoClassDefFoundError at Shadows.java:2748
        Caused by: java.lang.ClassNotFoundException at SandboxClassLoader.java:164
            Caused by: java.lang.IllegalArgumentException at ClassReader.java:200

UUIDCreatorIntegrationTest > should handle elements with special characters in names[28] STANDARD_OUT
    com.augmentalis.voiceoscore.accessibility.integration.UUIDCreatorIntegrationTest.should handle elements with special characters in names: sdk=28; resources=BINARY

UUIDCreatorIntegrationTest > should handle elements with special characters in names[28] FAILED
    java.lang.NoClassDefFoundError at Shadows.java:2748
        Caused by: java.lang.ClassNotFoundException at SandboxClassLoader.java:164
            Caused by: java.lang.IllegalArgumentException at ClassReader.java:200

UUIDCreatorIntegrationTest > should handle elements with special characters in names[29] STANDARD_OUT
    com.augmentalis.voiceoscore.accessibility.integration.UUIDCreatorIntegrationTest.should handle elements with special characters in names: sdk=29; resources=BINARY

UUIDCreatorIntegrationTest > should handle elements with special characters in names[29] FAILED
    java.lang.NoClassDefFoundError at Shadows.java:2748
        Caused by: java.lang.ClassNotFoundException at SandboxClassLoader.java:164
            Caused by: java.lang.IllegalArgumentException at ClassReader.java:200

UUIDCreatorIntegrationTest > should handle elements with special characters in names[30] STANDARD_OUT
    com.augmentalis.voiceoscore.accessibility.integration.UUIDCreatorIntegrationTest.should handle elements with special characters in names: sdk=30; resources=BINARY

UUIDCreatorIntegrationTest > should handle elements with special characters in names[30] FAILED
    java.lang.NoClassDefFoundError at Shadows.java:2748
        Caused by: java.lang.ClassNotFoundException at SandboxClassLoader.java:164
            Caused by: java.lang.IllegalArgumentException at ClassReader.java:200

UUIDCreatorIntegrationTest > should handle elements with special characters in names[31] STANDARD_OUT
    com.augmentalis.voiceoscore.accessibility.integration.UUIDCreatorIntegrationTest.should handle elements with special characters in names: sdk=31; resources=BINARY

UUIDCreatorIntegrationTest > should handle elements with special characters in names[31] FAILED
    java.lang.NoClassDefFoundError at Shadows.java:2748
        Caused by: java.lang.ClassNotFoundException at SandboxClassLoader.java:164
            Caused by: java.lang.IllegalArgumentException at ClassReader.java:200

UUIDCreatorIntegrationTest > should handle elements with special characters in names[32] STANDARD_OUT
    com.augmentalis.voiceoscore.accessibility.integration.UUIDCreatorIntegrationTest.should handle elements with special characters in names: sdk=32; resources=BINARY

UUIDCreatorIntegrationTest > should handle elements with special characters in names[32] FAILED
    java.lang.NoClassDefFoundError at Shadows.java:2748
        Caused by: java.lang.ClassNotFoundException at SandboxClassLoader.java:164
            Caused by: java.lang.IllegalArgumentException at ClassReader.java:200

UUIDCreatorIntegrationTest > should handle elements with special characters in names[33] STANDARD_OUT
    com.augmentalis.voiceoscore.accessibility.integration.UUIDCreatorIntegrationTest.should handle elements with special characters in names: sdk=33; resources=BINARY

UUIDCreatorIntegrationTest > should handle elements with special characters in names[33] FAILED
    java.lang.NoClassDefFoundError at Shadows.java:2748
        Caused by: java.lang.ClassNotFoundException at SandboxClassLoader.java:164
            Caused by: java.lang.IllegalArgumentException at ClassReader.java:200

UUIDCreatorIntegrationTest > should handle elements with special characters in names STANDARD_OUT
    com.augmentalis.voiceoscore.accessibility.integration.UUIDCreatorIntegrationTest.should handle elements with special characters in names: sdk=34; resources=BINARY

UUIDCreatorIntegrationTest > should handle elements with special characters in names FAILED
    java.lang.NoClassDefFoundError at Shadows.java:2748
        Caused by: java.lang.ClassNotFoundException at SandboxClassLoader.java:164
            Caused by: java.lang.IllegalArgumentException at ClassReader.java:200

UUIDCreatorIntegrationTest > findInDirection should handle navigation sequences[28] STANDARD_OUT
    com.augmentalis.voiceoscore.accessibility.integration.UUIDCreatorIntegrationTest.findInDirection should handle navigation sequences: sdk=28; resources=BINARY

UUIDCreatorIntegrationTest > findInDirection should handle navigation sequences[28] FAILED
    java.lang.NoClassDefFoundError at Shadows.java:2748
        Caused by: java.lang.ClassNotFoundException at SandboxClassLoader.java:164
            Caused by: java.lang.IllegalArgumentException at ClassReader.java:200

UUIDCreatorIntegrationTest > findInDirection should handle navigation sequences[29] STANDARD_OUT
    com.augmentalis.voiceoscore.accessibility.integration.UUIDCreatorIntegrationTest.findInDirection should handle navigation sequences: sdk=29; resources=BINARY

UUIDCreatorIntegrationTest > findInDirection should handle navigation sequences[29] FAILED
    java.lang.NoClassDefFoundError at Shadows.java:2748
        Caused by: java.lang.ClassNotFoundException at SandboxClassLoader.java:164
            Caused by: java.lang.IllegalArgumentException at ClassReader.java:200

UUIDCreatorIntegrationTest > findInDirection should handle navigation sequences[30] STANDARD_OUT
    com.augmentalis.voiceoscore.accessibility.integration.UUIDCreatorIntegrationTest.findInDirection should handle navigation sequences: sdk=30; resources=BINARY

UUIDCreatorIntegrationTest > findInDirection should handle navigation sequences[30] FAILED
    java.lang.NoClassDefFoundError at Shadows.java:2748
        Caused by: java.lang.ClassNotFoundException at SandboxClassLoader.java:164
            Caused by: java.lang.IllegalArgumentException at ClassReader.java:200

UUIDCreatorIntegrationTest > findInDirection should handle navigation sequences[31] STANDARD_OUT
    com.augmentalis.voiceoscore.accessibility.integration.UUIDCreatorIntegrationTest.findInDirection should handle navigation sequences: sdk=31; resources=BINARY

UUIDCreatorIntegrationTest > findInDirection should handle navigation sequences[31] FAILED
    java.lang.NoClassDefFoundError at Shadows.java:2748
        Caused by: java.lang.ClassNotFoundException at SandboxClassLoader.java:164
            Caused by: java.lang.IllegalArgumentException at ClassReader.java:200

UUIDCreatorIntegrationTest > findInDirection should handle navigation sequences[32] STANDARD_OUT
    com.augmentalis.voiceoscore.accessibility.integration.UUIDCreatorIntegrationTest.findInDirection should handle navigation sequences: sdk=32; resources=BINARY

UUIDCreatorIntegrationTest > findInDirection should handle navigation sequences[32] FAILED
    java.lang.NoClassDefFoundError at Shadows.java:2748
        Caused by: java.lang.ClassNotFoundException at SandboxClassLoader.java:164
            Caused by: java.lang.IllegalArgumentException at ClassReader.java:200

UUIDCreatorIntegrationTest > findInDirection should handle navigation sequences[33] STANDARD_OUT
    com.augmentalis.voiceoscore.accessibility.integration.UUIDCreatorIntegrationTest.findInDirection should handle navigation sequences: sdk=33; resources=BINARY

UUIDCreatorIntegrationTest > findInDirection should handle navigation sequences[33] FAILED
    java.lang.NoClassDefFoundError at Shadows.java:2748
        Caused by: java.lang.ClassNotFoundException at SandboxClassLoader.java:164
            Caused by: java.lang.IllegalArgumentException at ClassReader.java:200

UUIDCreatorIntegrationTest > findInDirection should handle navigation sequences STANDARD_OUT
    com.augmentalis.voiceoscore.accessibility.integration.UUIDCreatorIntegrationTest.findInDirection should handle navigation sequences: sdk=34; resources=BINARY

UUIDCreatorIntegrationTest > findInDirection should handle navigation sequences FAILED
    java.lang.NoClassDefFoundError at Shadows.java:2748
        Caused by: java.lang.ClassNotFoundException at SandboxClassLoader.java:164
            Caused by: java.lang.IllegalArgumentException at ClassReader.java:200

UUIDCreatorIntegrationTest > findByName should return all elements with matching name[28] STANDARD_OUT
    com.augmentalis.voiceoscore.accessibility.integration.UUIDCreatorIntegrationTest.findByName should return all elements with matching name: sdk=28; resources=BINARY

UUIDCreatorIntegrationTest > findByName should return all elements with matching name[28] FAILED
    java.lang.NoClassDefFoundError at Shadows.java:2748
        Caused by: java.lang.ClassNotFoundException at SandboxClassLoader.java:164
            Caused by: java.lang.IllegalArgumentException at ClassReader.java:200

UUIDCreatorIntegrationTest > findByName should return all elements with matching name[29] STANDARD_OUT
    com.augmentalis.voiceoscore.accessibility.integration.UUIDCreatorIntegrationTest.findByName should return all elements with matching name: sdk=29; resources=BINARY

UUIDCreatorIntegrationTest > findByName should return all elements with matching name[29] FAILED
    java.lang.NoClassDefFoundError at Shadows.java:2748
        Caused by: java.lang.ClassNotFoundException at SandboxClassLoader.java:164
            Caused by: java.lang.IllegalArgumentException at ClassReader.java:200

UUIDCreatorIntegrationTest > findByName should return all elements with matching name[30] STANDARD_OUT
    com.augmentalis.voiceoscore.accessibility.integration.UUIDCreatorIntegrationTest.findByName should return all elements with matching name: sdk=30; resources=BINARY

UUIDCreatorIntegrationTest > findByName should return all elements with matching name[30] FAILED
    java.lang.NoClassDefFoundError at Shadows.java:2748
        Caused by: java.lang.ClassNotFoundException at SandboxClassLoader.java:164
            Caused by: java.lang.IllegalArgumentException at ClassReader.java:200

UUIDCreatorIntegrationTest > findByName should return all elements with matching name[31] STANDARD_OUT
    com.augmentalis.voiceoscore.accessibility.integration.UUIDCreatorIntegrationTest.findByName should return all elements with matching name: sdk=31; resources=BINARY

UUIDCreatorIntegrationTest > findByName should return all elements with matching name[31] FAILED
    java.lang.NoClassDefFoundError at Shadows.java:2748
        Caused by: java.lang.ClassNotFoundException at SandboxClassLoader.java:164
            Caused by: java.lang.IllegalArgumentException at ClassReader.java:200

UUIDCreatorIntegrationTest > findByName should return all elements with matching name[32] STANDARD_OUT
    com.augmentalis.voiceoscore.accessibility.integration.UUIDCreatorIntegrationTest.findByName should return all elements with matching name: sdk=32; resources=BINARY

UUIDCreatorIntegrationTest > findByName should return all elements with matching name[32] FAILED
    java.lang.NoClassDefFoundError at Shadows.java:2748
        Caused by: java.lang.ClassNotFoundException at SandboxClassLoader.java:164
            Caused by: java.lang.IllegalArgumentException at ClassReader.java:200

UUIDCreatorIntegrationTest > findByName should return all elements with matching name[33] STANDARD_OUT
    com.augmentalis.voiceoscore.accessibility.integration.UUIDCreatorIntegrationTest.findByName should return all elements with matching name: sdk=33; resources=BINARY

UUIDCreatorIntegrationTest > findByName should return all elements with matching name[33] FAILED
    java.lang.NoClassDefFoundError at Shadows.java:2748
        Caused by: java.lang.ClassNotFoundException at SandboxClassLoader.java:164
            Caused by: java.lang.IllegalArgumentException at ClassReader.java:200

UUIDCreatorIntegrationTest > findByName should return all elements with matching name STANDARD_OUT
    com.augmentalis.voiceoscore.accessibility.integration.UUIDCreatorIntegrationTest.findByName should return all elements with matching name: sdk=34; resources=BINARY

UUIDCreatorIntegrationTest > findByName should return all elements with matching name FAILED
    java.lang.NoClassDefFoundError at Shadows.java:2748
        Caused by: java.lang.ClassNotFoundException at SandboxClassLoader.java:164
            Caused by: java.lang.IllegalArgumentException at ClassReader.java:200

UUIDCreatorIntegrationTest > findByName should return empty list for non-matching name[28] STANDARD_OUT
    com.augmentalis.voiceoscore.accessibility.integration.UUIDCreatorIntegrationTest.findByName should return empty list for non-matching name: sdk=28; resources=BINARY

UUIDCreatorIntegrationTest > findByName should return empty list for non-matching name[28] FAILED
    java.lang.NoClassDefFoundError at Shadows.java:2748
        Caused by: java.lang.ClassNotFoundException at SandboxClassLoader.java:164
            Caused by: java.lang.IllegalArgumentException at ClassReader.java:200

UUIDCreatorIntegrationTest > findByName should return empty list for non-matching name[29] STANDARD_OUT
    com.augmentalis.voiceoscore.accessibility.integration.UUIDCreatorIntegrationTest.findByName should return empty list for non-matching name: sdk=29; resources=BINARY

UUIDCreatorIntegrationTest > findByName should return empty list for non-matching name[29] FAILED
    java.lang.NoClassDefFoundError at Shadows.java:2748
        Caused by: java.lang.ClassNotFoundException at SandboxClassLoader.java:164
            Caused by: java.lang.IllegalArgumentException at ClassReader.java:200

UUIDCreatorIntegrationTest > findByName should return empty list for non-matching name[30] STANDARD_OUT
    com.augmentalis.voiceoscore.accessibility.integration.UUIDCreatorIntegrationTest.findByName should return empty list for non-matching name: sdk=30; resources=BINARY

UUIDCreatorIntegrationTest > findByName should return empty list for non-matching name[30] FAILED
    java.lang.NoClassDefFoundError at Shadows.java:2748
        Caused by: java.lang.ClassNotFoundException at SandboxClassLoader.java:164
            Caused by: java.lang.IllegalArgumentException at ClassReader.java:200

UUIDCreatorIntegrationTest > findByName should return empty list for non-matching name[31] STANDARD_OUT
    com.augmentalis.voiceoscore.accessibility.integration.UUIDCreatorIntegrationTest.findByName should return empty list for non-matching name: sdk=31; resources=BINARY

UUIDCreatorIntegrationTest > findByName should return empty list for non-matching name[31] FAILED
    java.lang.NoClassDefFoundError at Shadows.java:2748
        Caused by: java.lang.ClassNotFoundException at SandboxClassLoader.java:164
            Caused by: java.lang.IllegalArgumentException at ClassReader.java:200

UUIDCreatorIntegrationTest > findByName should return empty list for non-matching name[32] STANDARD_OUT
    com.augmentalis.voiceoscore.accessibility.integration.UUIDCreatorIntegrationTest.findByName should return empty list for non-matching name: sdk=32; resources=BINARY

UUIDCreatorIntegrationTest > findByName should return empty list for non-matching name[32] FAILED
    java.lang.NoClassDefFoundError at Shadows.java:2748
        Caused by: java.lang.ClassNotFoundException at SandboxClassLoader.java:164
            Caused by: java.lang.IllegalArgumentException at ClassReader.java:200

UUIDCreatorIntegrationTest > findByName should return empty list for non-matching name[33] STANDARD_OUT
    com.augmentalis.voiceoscore.accessibility.integration.UUIDCreatorIntegrationTest.findByName should return empty list for non-matching name: sdk=33; resources=BINARY

UUIDCreatorIntegrationTest > findByName should return empty list for non-matching name[33] FAILED
    java.lang.NoClassDefFoundError at Shadows.java:2748
        Caused by: java.lang.ClassNotFoundException at SandboxClassLoader.java:164
            Caused by: java.lang.IllegalArgumentException at ClassReader.java:200

UUIDCreatorIntegrationTest > findByName should return empty list for non-matching name STANDARD_OUT
    com.augmentalis.voiceoscore.accessibility.integration.UUIDCreatorIntegrationTest.findByName should return empty list for non-matching name: sdk=34; resources=BINARY

UUIDCreatorIntegrationTest > findByName should return empty list for non-matching name FAILED
    java.lang.NoClassDefFoundError at Shadows.java:2748
        Caused by: java.lang.ClassNotFoundException at SandboxClassLoader.java:164
            Caused by: java.lang.IllegalArgumentException at ClassReader.java:200

UUIDCreatorIntegrationTest > should retrieve elements efficiently[28] STANDARD_OUT
    com.augmentalis.voiceoscore.accessibility.integration.UUIDCreatorIntegrationTest.should retrieve elements efficiently: sdk=28; resources=BINARY

UUIDCreatorIntegrationTest > should retrieve elements efficiently[28] FAILED
    java.lang.NoClassDefFoundError at Shadows.java:2748
        Caused by: java.lang.ClassNotFoundException at SandboxClassLoader.java:164
            Caused by: java.lang.IllegalArgumentException at ClassReader.java:200

UUIDCreatorIntegrationTest > should retrieve elements efficiently[29] STANDARD_OUT
    com.augmentalis.voiceoscore.accessibility.integration.UUIDCreatorIntegrationTest.should retrieve elements efficiently: sdk=29; resources=BINARY

UUIDCreatorIntegrationTest > should retrieve elements efficiently[29] FAILED
    java.lang.NoClassDefFoundError at Shadows.java:2748
        Caused by: java.lang.ClassNotFoundException at SandboxClassLoader.java:164
            Caused by: java.lang.IllegalArgumentException at ClassReader.java:200

UUIDCreatorIntegrationTest > should retrieve elements efficiently[30] STANDARD_OUT
    com.augmentalis.voiceoscore.accessibility.integration.UUIDCreatorIntegrationTest.should retrieve elements efficiently: sdk=30; resources=BINARY

UUIDCreatorIntegrationTest > should retrieve elements efficiently[30] FAILED
    java.lang.NoClassDefFoundError at Shadows.java:2748
        Caused by: java.lang.ClassNotFoundException at SandboxClassLoader.java:164
            Caused by: java.lang.IllegalArgumentException at ClassReader.java:200

UUIDCreatorIntegrationTest > should retrieve elements efficiently[31] STANDARD_OUT
    com.augmentalis.voiceoscore.accessibility.integration.UUIDCreatorIntegrationTest.should retrieve elements efficiently: sdk=31; resources=BINARY

UUIDCreatorIntegrationTest > should retrieve elements efficiently[31] FAILED
    java.lang.NoClassDefFoundError at Shadows.java:2748
        Caused by: java.lang.ClassNotFoundException at SandboxClassLoader.java:164
            Caused by: java.lang.IllegalArgumentException at ClassReader.java:200

UUIDCreatorIntegrationTest > should retrieve elements efficiently[32] STANDARD_OUT
    com.augmentalis.voiceoscore.accessibility.integration.UUIDCreatorIntegrationTest.should retrieve elements efficiently: sdk=32; resources=BINARY

UUIDCreatorIntegrationTest > should retrieve elements efficiently[32] FAILED
    java.lang.NoClassDefFoundError at Shadows.java:2748
        Caused by: java.lang.ClassNotFoundException at SandboxClassLoader.java:164
            Caused by: java.lang.IllegalArgumentException at ClassReader.java:200

UUIDCreatorIntegrationTest > should retrieve elements efficiently[33] STANDARD_OUT
    com.augmentalis.voiceoscore.accessibility.integration.UUIDCreatorIntegrationTest.should retrieve elements efficiently: sdk=33; resources=BINARY

UUIDCreatorIntegrationTest > should retrieve elements efficiently[33] FAILED
    java.lang.NoClassDefFoundError at Shadows.java:2748
        Caused by: java.lang.ClassNotFoundException at SandboxClassLoader.java:164
            Caused by: java.lang.IllegalArgumentException at ClassReader.java:200

UUIDCreatorIntegrationTest > should retrieve elements efficiently STANDARD_OUT
    com.augmentalis.voiceoscore.accessibility.integration.UUIDCreatorIntegrationTest.should retrieve elements efficiently: sdk=34; resources=BINARY

UUIDCreatorIntegrationTest > should retrieve elements efficiently FAILED
    java.lang.NoClassDefFoundError at Shadows.java:2748
        Caused by: java.lang.ClassNotFoundException at SandboxClassLoader.java:164
            Caused by: java.lang.IllegalArgumentException at ClassReader.java:200

UUIDCreatorIntegrationTest > findInDirection should find element below[28] STANDARD_OUT
    com.augmentalis.voiceoscore.accessibility.integration.UUIDCreatorIntegrationTest.findInDirection should find element below: sdk=28; resources=BINARY

UUIDCreatorIntegrationTest > findInDirection should find element below[28] FAILED
    java.lang.NoClassDefFoundError at Shadows.java:2748
        Caused by: java.lang.ClassNotFoundException at SandboxClassLoader.java:164
            Caused by: java.lang.IllegalArgumentException at ClassReader.java:200

UUIDCreatorIntegrationTest > findInDirection should find element below[29] STANDARD_OUT
    com.augmentalis.voiceoscore.accessibility.integration.UUIDCreatorIntegrationTest.findInDirection should find element below: sdk=29; resources=BINARY

UUIDCreatorIntegrationTest > findInDirection should find element below[29] FAILED
    java.lang.NoClassDefFoundError at Shadows.java:2748
        Caused by: java.lang.ClassNotFoundException at SandboxClassLoader.java:164
            Caused by: java.lang.IllegalArgumentException at ClassReader.java:200

UUIDCreatorIntegrationTest > findInDirection should find element below[30] STANDARD_OUT
    com.augmentalis.voiceoscore.accessibility.integration.UUIDCreatorIntegrationTest.findInDirection should find element below: sdk=30; resources=BINARY

UUIDCreatorIntegrationTest > findInDirection should find element below[30] FAILED
    java.lang.NoClassDefFoundError at Shadows.java:2748
        Caused by: java.lang.ClassNotFoundException at SandboxClassLoader.java:164
            Caused by: java.lang.IllegalArgumentException at ClassReader.java:200

UUIDCreatorIntegrationTest > findInDirection should find element below[31] STANDARD_OUT
    com.augmentalis.voiceoscore.accessibility.integration.UUIDCreatorIntegrationTest.findInDirection should find element below: sdk=31; resources=BINARY

UUIDCreatorIntegrationTest > findInDirection should find element below[31] FAILED
    java.lang.NoClassDefFoundError at Shadows.java:2748
        Caused by: java.lang.ClassNotFoundException at SandboxClassLoader.java:164
            Caused by: java.lang.IllegalArgumentException at ClassReader.java:200

UUIDCreatorIntegrationTest > findInDirection should find element below[32] STANDARD_OUT
    com.augmentalis.voiceoscore.accessibility.integration.UUIDCreatorIntegrationTest.findInDirection should find element below: sdk=32; resources=BINARY

UUIDCreatorIntegrationTest > findInDirection should find element below[32] FAILED
    java.lang.NoClassDefFoundError at Shadows.java:2748
        Caused by: java.lang.ClassNotFoundException at SandboxClassLoader.java:164
            Caused by: java.lang.IllegalArgumentException at ClassReader.java:200

UUIDCreatorIntegrationTest > findInDirection should find element below[33] STANDARD_OUT
    com.augmentalis.voiceoscore.accessibility.integration.UUIDCreatorIntegrationTest.findInDirection should find element below: sdk=33; resources=BINARY

UUIDCreatorIntegrationTest > findInDirection should find element below[33] FAILED
    java.lang.NoClassDefFoundError at Shadows.java:2748
        Caused by: java.lang.ClassNotFoundException at SandboxClassLoader.java:164
            Caused by: java.lang.IllegalArgumentException at ClassReader.java:200

UUIDCreatorIntegrationTest > findInDirection should find element below STANDARD_OUT
    com.augmentalis.voiceoscore.accessibility.integration.UUIDCreatorIntegrationTest.findInDirection should find element below: sdk=34; resources=BINARY

UUIDCreatorIntegrationTest > findInDirection should find element below FAILED
    java.lang.NoClassDefFoundError at Shadows.java:2748
        Caused by: java.lang.ClassNotFoundException at SandboxClassLoader.java:164
            Caused by: java.lang.IllegalArgumentException at ClassReader.java:200

AccessibilityNodeManagerSimpleTest > test track null returns null PASSED

AccessibilityNodeManagerSimpleTest > test manager can be created PASSED

AccessibilityNodeManagerSimpleTest > test manager creation and cleanup is fast PASSED

AccessibilityNodeManagerSimpleTest > test use pattern handles exceptions PASSED

AccessibilityNodeManagerSimpleTest > test extension function use exists PASSED

AccessibilityNodeManagerSimpleTest > test manager implements AutoCloseable PASSED

AccessibilityNodeManagerSimpleTest > test manager has traverse method PASSED

AccessibilityNodeManagerSimpleTest > test double close is safe PASSED

AccessibilityNodeManagerSimpleTest > test use pattern executes block PASSED

AccessibilityNodeManagerSimpleTest > test nested manager usage PASSED

447 tests completed, 282 failed, 1 skipped

> Task :modules:apps:VoiceOSCore:testDebugUnitTest FAILED

FAILURE: Build failed with an exception.

* What went wrong:
Execution failed for task ':modules:apps:VoiceOSCore:testDebugUnitTest'.
> There were failing tests. See the report at: file:///Volumes/M-Drive/Coding/VoiceOS/modules/apps/VoiceOSCore/build/reports/tests/testDebugUnitTest/index.html

* Try:
> Run with --scan to get full insights.

Deprecated Gradle features were used in this build, making it incompatible with Gradle 9.0.

You can use '--warning-mode all' to show the individual deprecation warnings and determine if they come from your own scripts or plugins.

For more on this, please refer to https://docs.gradle.org/8.10.2/userguide/command_line_interface.html#sec:command_line_warnings in the Gradle documentation.

BUILD FAILED in 1m 20s
399 actionable tasks: 22 executed, 377 up-to-date
Configuration cache entry stored.
